#
# There is insufficient memory for the Java Runtime Environment to continue.
# Native memory allocation (mmap) failed to map 197132288 bytes. Error detail: G1 virtual space
# Possible reasons:
#   The system is out of physical RAM or swap space
#   This process is running with CompressedOops enabled, and the Java Heap may be blocking the growth of the native heap
# Possible solutions:
#   Reduce memory load on the system
#   Increase physical memory or swap space
#   Check if swap backing store is full
#   Decrease Java heap size (-Xmx/-Xms)
#   Decrease number of Java threads
#   Decrease Java thread stack sizes (-Xss)
#   Set larger code cache with -XX:ReservedCodeCacheSize=
#   JVM is running with Zero Based Compressed Oops mode in which the Java heap is
#     placed in the first 32GB address space. The Java Heap base address is the
#     maximum limit for the native heap growth. Please use -XX:HeapBaseMinAddress
#     to set the Java Heap base and to place the Java Heap above 32GB virtual address.
# This output file may be truncated or incomplete.
#
#  Out of Memory Error (os_windows.cpp:3898), pid=8916, tid=16872
#
# JRE version:  (21.0.7) (build )
# Java VM: OpenJDK 64-Bit Server VM (21.0.7+-13880790-b1038.58, mixed mode, sharing, tiered, compressed oops, compressed class ptrs, g1 gc, windows-amd64)
# No core dump will be written. Minidumps are not enabled by default on client versions of Windows
#

---------------  S U M M A R Y ------------

Command Line: org.jetbrains.kotlin.cli.jvm.K2JVMCompiler @C:\Users\17822\Downloads\MOBI3002-main\MOBI3002-main\M06_Data_Projects\S07_BasicsCodelab_DB_Int_Adaptive\app\build\20251006_13939385170531958248.compiler.options

Host: 11th Gen Intel(R) Core(TM) i7-1165G7 @ 2.80GHz, 8 cores, 11G,  Windows 11 , 64 bit Build 26100 (10.0.26100.5074)
Time: Mon Oct  6 19:26:54 2025 Atlantic Summer Time elapsed time: 2.042162 seconds (0d 0h 0m 2s)

---------------  T H R E A D  ---------------

Current thread (0x0000025532673680):  JavaThread "Unknown thread" [_thread_in_vm, id=16872, stack(0x000000952d100000,0x000000952d200000) (1024K)]

Stack: [0x000000952d100000,0x000000952d200000]
Native frames: (J=compiled Java code, j=interpreted, Vv=VM code, C=native code)
V  [jvm.dll+0x6d25c9]
V  [jvm.dll+0x860923]
V  [jvm.dll+0x862e7e]
V  [jvm.dll+0x863563]
V  [jvm.dll+0x27f156]
V  [jvm.dll+0x6ceee5]
V  [jvm.dll+0x6c29aa]
V  [jvm.dll+0x355ebb]
V  [jvm.dll+0x35db16]
V  [jvm.dll+0x3afb16]
V  [jvm.dll+0x3afde8]
V  [jvm.dll+0x32855c]
V  [jvm.dll+0x32924b]
V  [jvm.dll+0x828379]
V  [jvm.dll+0x3bcce8]
V  [jvm.dll+0x811628]
V  [jvm.dll+0x45121e]
V  [jvm.dll+0x452981]
C  [jli.dll+0x52ab]
C  [ucrtbase.dll+0x37b0]
C  [KERNEL32.DLL+0x2e8d7]
C  [ntdll.dll+0x8d9c]


---------------  P R O C E S S  ---------------

Threads class SMR info:
_java_thread_list=0x00007fffce314888, length=0, elements={
}

Java Threads: ( => current thread )
Total: 0

Other Threads:
  0x0000025534a0c1b0 WorkerThread "GC Thread#0"                     [id=16500, stack(0x000000952d200000,0x000000952d300000) (1024K)]
  0x0000025534a18d60 ConcurrentGCThread "G1 Main Marker"            [id=16424, stack(0x000000952d300000,0x000000952d400000) (1024K)]
  0x0000025534a19860 WorkerThread "G1 Conc#0"                       [id=13348, stack(0x000000952d400000,0x000000952d500000) (1024K)]

[error occurred during error reporting (printing all threads), id 0xc0000005, EXCEPTION_ACCESS_VIOLATION (0xc0000005) at pc=0x00007fffcdb0b5b7]
VM state: not at safepoint (not fully initialized)

VM Mutex/Monitor currently owned by a thread:  ([mutex/lock_event])
[0x00007fffce381568] Heap_lock - owner thread: 0x0000025532673680

Heap address: 0x0000000744200000, size: 3006 MB, Compressed Oops mode: Zero based, Oop shift amount: 3

CDS archive(s) mapped at: [0x0000000000000000-0x0000000000000000-0x0000000000000000), size 0, SharedBaseAddress: 0x0000000800000000, ArchiveRelocationMode: 1.
Narrow klass base: 0x0000000000000000, Narrow klass shift: 0, Narrow klass range: 0x0

GC Precious Log:
 CardTable entry size: 512
 Card Set container configuration: InlinePtr #cards 4 size 8 Array Of Cards #cards 16 size 48 Howl #buckets 8 coarsen threshold 3686 Howl Bitmap #cards 512 size 80 coarsen threshold 460 Card regions per heap region 1 cards per card region 4096

Heap:
 garbage-first heap   total 0K, used 0K [0x0000000744200000, 0x0000000800000000)
  region size 2048K, 0 young (0K), 0 survivors (0K)
 Metaspace       used 0K, committed 0K, reserved 0K
  class space    used 0K, committed 0K, reserved 0K

Heap Regions: E=young(eden), S=young(survivor), O=old, HS=humongous(starts), HC=humongous(continues), CS=collection set, F=free, TAMS=top-at-mark-start, PB=parsable bottom

Card table byte_map: [0x0000025547420000,0x0000025547a00000] _byte_map_base: 0x00000255439ff000

Marking Bits: (CMBitMap*) 0x0000025534a0c8b0
 Bits: [0x0000025547a00000, 0x000002554a8f8000)

GC Heap History (0 events):
No events

Dll operation events (1 events):
Event: 0.021 Loaded shared library C:\Program Files\Android\Android Studio\jbr\bin\java.dll

Deoptimization events (0 events):
No events

Classes loaded (0 events):
No events

Classes unloaded (0 events):
No events

Classes redefined (0 events):
No events

Internal exceptions (0 events):
No events

ZGC Phase Switch (0 events):
No events

VM Operations (0 events):
No events

Memory protections (0 events):
No events

Nmethod flushes (0 events):
No events

Events (0 events):
No events


Dynamic libraries:
0x00007ff612eb0000 - 0x00007ff612eba000 	C:\Program Files\Android\Android Studio\jbr\bin\java.exe
0x00007ff8aec20000 - 0x00007ff8aee89000 	C:\WINDOWS\SYSTEM32\ntdll.dll
0x00007ff8ad230000 - 0x00007ff8ad2f9000 	C:\WINDOWS\System32\KERNEL32.DLL
0x00007ff8ac410000 - 0x00007ff8ac803000 	C:\WINDOWS\System32\KERNELBASE.dll
0x00007ff8abdb0000 - 0x00007ff8abefb000 	C:\WINDOWS\System32\ucrtbase.dll
0x00007ff898330000 - 0x00007ff898348000 	C:\Program Files\Android\Android Studio\jbr\bin\jli.dll
0x00007ff8970b0000 - 0x00007ff8970cb000 	C:\Program Files\Android\Android Studio\jbr\bin\VCRUNTIME140.dll
0x00007ff8ae010000 - 0x00007ff8ae1d4000 	C:\WINDOWS\System32\USER32.dll
0x00007ff8ac3e0000 - 0x00007ff8ac407000 	C:\WINDOWS\System32\win32u.dll
0x00007ff8addf0000 - 0x00007ff8ade1b000 	C:\WINDOWS\System32\GDI32.dll
0x00007ff8ac8c0000 - 0x00007ff8ac9ed000 	C:\WINDOWS\System32\gdi32full.dll
0x00007ff8ac810000 - 0x00007ff8ac8b3000 	C:\WINDOWS\System32\msvcp_win.dll
0x00007ff8933c0000 - 0x00007ff893653000 	C:\WINDOWS\WinSxS\amd64_microsoft.windows.common-controls_6595b64144ccf1df_6.0.26100.5074_none_3e0d6f78e32fd63f\COMCTL32.dll
0x00007ff8ad340000 - 0x00007ff8ad3e9000 	C:\WINDOWS\System32\msvcrt.dll
0x00007ff8ad300000 - 0x00007ff8ad32f000 	C:\WINDOWS\System32\IMM32.DLL
0x00007ff8a68b0000 - 0x00007ff8a68bc000 	C:\Program Files\Android\Android Studio\jbr\bin\vcruntime140_1.dll
0x00007ff897c90000 - 0x00007ff897d1d000 	C:\Program Files\Android\Android Studio\jbr\bin\msvcp140.dll
0x00007fffcd7d0000 - 0x00007fffce45e000 	C:\Program Files\Android\Android Studio\jbr\bin\server\jvm.dll
0x00007ff8adf50000 - 0x00007ff8ae004000 	C:\WINDOWS\System32\ADVAPI32.dll
0x00007ff8ae7d0000 - 0x00007ff8ae876000 	C:\WINDOWS\System32\sechost.dll
0x00007ff8ade30000 - 0x00007ff8adf48000 	C:\WINDOWS\System32\RPCRT4.dll
0x00007ff8ae750000 - 0x00007ff8ae7c4000 	C:\WINDOWS\System32\WS2_32.dll
0x00007ff8abc10000 - 0x00007ff8abc6e000 	C:\WINDOWS\SYSTEM32\POWRPROF.dll
0x00007ff8a3620000 - 0x00007ff8a3655000 	C:\WINDOWS\SYSTEM32\WINMM.dll
0x00007ff89b7d0000 - 0x00007ff89b7db000 	C:\WINDOWS\SYSTEM32\VERSION.dll
0x00007ff8abbf0000 - 0x00007ff8abc04000 	C:\WINDOWS\SYSTEM32\UMPDC.dll
0x00007ff8aab90000 - 0x00007ff8aabab000 	C:\WINDOWS\SYSTEM32\kernel.appcore.dll
0x00007ff89c2d0000 - 0x00007ff89c2da000 	C:\Program Files\Android\Android Studio\jbr\bin\jimage.dll
0x00007ff8a95e0000 - 0x00007ff8a9822000 	C:\WINDOWS\SYSTEM32\DBGHELP.DLL
0x00007ff8ae3d0000 - 0x00007ff8ae74b000 	C:\WINDOWS\System32\combase.dll
0x00007ff8ac9f0000 - 0x00007ff8acac7000 	C:\WINDOWS\System32\OLEAUT32.dll
0x00007ff8921b0000 - 0x00007ff8921ed000 	C:\WINDOWS\SYSTEM32\dbgcore.DLL
0x00007ff8abf00000 - 0x00007ff8abf99000 	C:\WINDOWS\System32\bcryptPrimitives.dll
0x00007ff896f80000 - 0x00007ff896fa0000 	C:\Program Files\Android\Android Studio\jbr\bin\java.dll

dbghelp: loaded successfully - version: 4.0.5 - missing functions: none
symbol engine: initialized successfully - sym options: 0x614 - pdb path: .;C:\Program Files\Android\Android Studio\jbr\bin;C:\WINDOWS\SYSTEM32;C:\WINDOWS\WinSxS\amd64_microsoft.windows.common-controls_6595b64144ccf1df_6.0.26100.5074_none_3e0d6f78e32fd63f;C:\Program Files\Android\Android Studio\jbr\bin\server

VM Arguments:
java_command: org.jetbrains.kotlin.cli.jvm.K2JVMCompiler @C:\Users\17822\Downloads\MOBI3002-main\MOBI3002-main\M06_Data_Projects\S07_BasicsCodelab_DB_Int_Adaptive\app\build\20251006_13939385170531958248.compiler.options
java_class_path (initial): C:\Users\17822\.gradle\caches\modules-2\files-2.1\org.jetbrains.kotlin\kotlin-compiler-embeddable\1.9.10\57ca1b0823ae3ecb451a97e1f8e6de0b19ea5294\kotlin-compiler-embeddable-1.9.10.jar;C:\Users\17822\.gradle\caches\modules-2\files-2.1\org.jetbrains.kotlin\kotlin-stdlib\1.9.10\72812e8a368917ab5c0a5081b56915ffdfec93b7\kotlin-stdlib-1.9.10.jar;C:\Users\17822\.gradle\caches\modules-2\files-2.1\org.jetbrains.kotlin\kotlin-script-runtime\1.9.10\398513a8534701579cccaf5953ea914416b4696c\kotlin-script-runtime-1.9.10.jar;C:\Users\17822\.gradle\caches\modules-2\files-2.1\org.jetbrains.kotlin\kotlin-reflect\1.6.10\1cbe9c92c12a94eea200d23c2bbaedaf3daf5132\kotlin-reflect-1.6.10.jar;C:\Users\17822\.gradle\caches\modules-2\files-2.1\org.jetbrains.kotlin\kotlin-daemon-embeddable\1.9.10\bda2f7daa6b89d2ded2d9e1e0b0cadaf9446ade1\kotlin-daemon-embeddable-1.9.10.jar;C:\Users\17822\.gradle\caches\modules-2\files-2.1\org.jetbrains.intellij.deps\trove4j\1.0.20200330\3afb14d5f9ceb459d724e907a21145e8ff394f02\trove4j-1.0.20200330.jar;C:\Users\17822\.gradle\caches\modules-2\files-2.1\org.jetbrains.kotlin\kotlin-stdlib-common\1.9.10\dafaf2c27f27c09220cee312df10917d9a5d97ce\kotlin-stdlib-common-1.9.10.jar;C:\Users\17822\.gradle\caches\modules-2\files-2.1\org.jetbrains\annotations\13.0\919f0dfe192fb4e063e7dacadee7f8bb9a2672a9\annotations-13.0.jar
Launcher Type: SUN_STANDARD

[Global flags]
     intx CICompilerCount                          = 4                                         {product} {ergonomic}
     uint ConcGCThreads                            = 2                                         {product} {ergonomic}
     uint G1ConcRefinementThreads                  = 8                                         {product} {ergonomic}
   size_t G1HeapRegionSize                         = 2097152                                   {product} {ergonomic}
    uintx GCDrainStackTargetSize                   = 64                                        {product} {ergonomic}
   size_t InitialHeapSize                          = 197132288                                 {product} {ergonomic}
   size_t MarkStackSize                            = 4194304                                   {product} {ergonomic}
   size_t MaxHeapSize                              = 3152019456                                {product} {ergonomic}
   size_t MinHeapDeltaBytes                        = 2097152                                   {product} {ergonomic}
   size_t MinHeapSize                              = 8388608                                   {product} {ergonomic}
    uintx NonNMethodCodeHeapSize                   = 5839372                                {pd product} {ergonomic}
    uintx NonProfiledCodeHeapSize                  = 122909434                              {pd product} {ergonomic}
    uintx ProfiledCodeHeapSize                     = 122909434                              {pd product} {ergonomic}
    uintx ReservedCodeCacheSize                    = 251658240                              {pd product} {ergonomic}
     bool SegmentedCodeCache                       = true                                      {product} {ergonomic}
   size_t SoftMaxHeapSize                          = 3152019456                             {manageable} {ergonomic}
     bool UseCompressedOops                        = true                           {product lp64_product} {ergonomic}
     bool UseG1GC                                  = true                                      {product} {ergonomic}
     bool UseLargePagesIndividualAllocation        = false                                  {pd product} {ergonomic}

Logging:
Log output configuration:
 #0: stdout all=warning uptime,level,tags foldmultilines=false
 #1: stderr all=off uptime,level,tags foldmultilines=false

Environment Variables:
PATH=C:\Program Files (x86)\VMware\VMware Workstation\bin\;C:\Program Files\Common Files\Oracle\Java\javapath;C:\Program Files (x86)\Common Files\Oracle\Java\java8path;C:\Program Files (x86)\Common Files\Oracle\Java\javapath;C:\WINDOWS\system32;C:\WINDOWS;C:\WINDOWS\System32\Wbem;C:\WINDOWS\System32\WindowsPowerShell\v1.0\;C:\WINDOWS\System32\OpenSSH\;C:\Program Files\dotnet\;C:\Program Files\Git\cmd;C:\Users\17822\AppData\Local\Microsoft\WindowsApps;C:\Users\17822\AppData\Local\Programs\Microsoft VS Code\bin;C:\Users\17822\AppData\Local\GitHubDesktop\bin;C:\MinGW\bin;;C:\Program Files\JetBrains\IntelliJ IDEA 2025.2.2\bin;C:\Program Files\JetBrains\IntelliJ IDEA Community Edition 2024.3.1.1\bin;
USERNAME=17822
OS=Windows_NT
PROCESSOR_IDENTIFIER=Intel64 Family 6 Model 140 Stepping 1, GenuineIntel
TMP=C:\Users\17822\AppData\Local\Temp
TEMP=C:\Users\17822\AppData\Local\Temp




Periodic native trim disabled

JNI global refs:
JNI global refs: 0, weak refs: 0

JNI global refs memory usage: 0, weak refs: 0

Process memory usage:
Resident Set Size: 12228K (0% of 12311332K total physical memory with 327104K free physical memory)

OOME stack traces (most recent first):
Classloader memory used:

---------------  S Y S T E M  ---------------

OS:
 Windows 11 , 64 bit Build 26100 (10.0.26100.5074)
OS uptime: 0 days 1:47 hours
Hyper-V role detected

CPU: total 8 (initial active 8) (4 cores per cpu, 2 threads per core) family 6 model 140 stepping 1 microcode 0xbc, cx8, cmov, fxsr, ht, mmx, 3dnowpref, sse, sse2, sse3, ssse3, sse4.1, sse4.2, popcnt, lzcnt, tsc, tscinvbit, avx, avx2, aes, erms, clmul, bmi1, bmi2, adx, avx512f, avx512dq, avx512cd, avx512bw, avx512vl, sha, fma, vzeroupper, avx512_vpopcntdq, avx512_vpclmulqdq, avx512_vaes, avx512_vnni, clflush, clflushopt, clwb, avx512_vbmi2, avx512_vbmi, hv, rdtscp, rdpid, fsrm, gfni, avx512_bitalg, f16c, cet_ibt, cet_ss, avx512_ifma
Processor Information for the first 8 processors :
  Max Mhz: 2803, Current Mhz: 2502, Mhz Limit: 2803

Memory: 4k page, system-wide physical 12022M (319M free)
TotalPageFile size 20214M (AvailPageFile size 164M)
current process WorkingSet (physical memory assigned to process): 11M, peak: 11M
current process commit charge ("private bytes"): 60M, peak: 248M

vm_info: OpenJDK 64-Bit Server VM (21.0.7+-13880790-b1038.58) for windows-amd64 JRE (21.0.7+-13880790-b1038.58), built on 2025-08-04T20:56:21Z by "builder" with MS VC++ 16.10 / 16.11 (VS2019)

END.
