#
# There is insufficient memory for the Java Runtime Environment to continue.
# Native memory allocation (malloc) failed to allocate 262160 bytes. Error detail: Chunk::new
# Possible reasons:
#   The system is out of physical RAM or swap space
#   This process is running with CompressedOops enabled, and the Java Heap may be blocking the growth of the native heap
# Possible solutions:
#   Reduce memory load on the system
#   Increase physical memory or swap space
#   Check if swap backing store is full
#   Decrease Java heap size (-Xmx/-Xms)
#   Decrease number of Java threads
#   Decrease Java thread stack sizes (-Xss)
#   Set larger code cache with -XX:ReservedCodeCacheSize=
#   JVM is running with Unscaled Compressed Oops mode in which the Java heap is
#     placed in the first 4GB address space. The Java Heap base address is the
#     maximum limit for the native heap growth. Please use -XX:HeapBaseMinAddress
#     to set the Java Heap base and to place the Java Heap above 4GB virtual address.
# This output file may be truncated or incomplete.
#
#  Out of Memory Error (arena.cpp:191), pid=12684, tid=32592
#
# JRE version: OpenJDK Runtime Environment Microsoft-11926163 (17.0.16+8) (build 17.0.16+8-LTS)
# Java VM: OpenJDK 64-Bit Server VM Microsoft-11926163 (17.0.16+8-LTS, mixed mode, sharing, tiered, compressed oops, compressed class ptrs, g1 gc, windows-amd64)
# No core dump will be written. Minidumps are not enabled by default on client versions of Windows
#

---------------  S U M M A R Y ------------

Command Line: --add-opens=java.base/java.lang=ALL-UNNAMED --add-opens=java.base/java.lang.invoke=ALL-UNNAMED --add-opens=java.base/java.util=ALL-UNNAMED --add-opens=java.prefs/java.util.prefs=ALL-UNNAMED --add-exports=jdk.compiler/com.sun.tools.javac.api=ALL-UNNAMED --add-exports=jdk.compiler/com.sun.tools.javac.util=ALL-UNNAMED --add-opens=java.base/java.util=ALL-UNNAMED --add-opens=java.prefs/java.util.prefs=ALL-UNNAMED --add-opens=java.base/java.nio.charset=ALL-UNNAMED --add-opens=java.base/java.net=ALL-UNNAMED --add-opens=java.base/java.util.concurrent.atomic=ALL-UNNAMED --add-opens=java.xml/javax.xml.namespace=ALL-UNNAMED -Xmx2048m -Dfile.encoding=UTF-8 -Duser.country=CA -Duser.language=en -Duser.variant -javaagent:C:\Users\17822\.gradle\wrapper\dists\gradle-8.13-bin\5xuhj0ry160q40clulazy9h7d\gradle-8.13\lib\agents\gradle-instrumentation-agent-8.13.jar org.gradle.launcher.daemon.bootstrap.GradleDaemon 8.13

Host: 11th Gen Intel(R) Core(TM) i7-1165G7 @ 2.80GHz, 8 cores, 11G,  Windows 11 , 64 bit Build 26100 (10.0.26100.6725)
Time: Wed Oct 29 21:25:41 2025 Atlantic Summer Time elapsed time: 120.823086 seconds (0d 0h 2m 0s)

---------------  T H R E A D  ---------------

Current thread (0x0000021c4d4b0160):  JavaThread "C2 CompilerThread0" daemon [_thread_in_native, id=32592, stack(0x000000b98c900000,0x000000b98ca00000)]


Current CompileTask:
C2: 120823 13041   !   4       org.gradle.cache.internal.DefaultMultiProcessSafeIndexedCache::getIfPresent (25 bytes)

Stack: [0x000000b98c900000,0x000000b98ca00000]
Native frames: (J=compiled Java code, j=interpreted, Vv=VM code, C=native code)
V  [jvm.dll+0x68ee19]
V  [jvm.dll+0x846249]
V  [jvm.dll+0x847fb8]
V  [jvm.dll+0x848643]
V  [jvm.dll+0x24cf6f]
V  [jvm.dll+0xaecb6]
V  [jvm.dll+0xaf35c]
V  [jvm.dll+0x6b46ff]
V  [jvm.dll+0x6b4b73]
V  [jvm.dll+0x6b67e3]
V  [jvm.dll+0x6b512a]
V  [jvm.dll+0x21f8a1]
V  [jvm.dll+0x21d260]
V  [jvm.dll+0x1a8ce6]
V  [jvm.dll+0x22db1b]
V  [jvm.dll+0x22bca6]
V  [jvm.dll+0x7fba9b]
V  [jvm.dll+0x7f5e9c]
V  [jvm.dll+0x68dd27]
C  [ucrtbase.dll+0x37b0]
C  [KERNEL32.DLL+0x2e8d7]
C  [ntdll.dll+0x8c53c]


---------------  P R O C E S S  ---------------

Threads class SMR info:
_java_thread_list=0x0000021c9a039d90, length=94, elements={
0x0000021c2ef80d90, 0x0000021c4ce2bfd0, 0x0000021c4ce2caa0, 0x0000021c4d4aaa20,
0x0000021c4d4ae310, 0x0000021c4d4aebe0, 0x0000021c4d4af4b0, 0x0000021c4d4b0160,
0x0000021c4d4b1b30, 0x0000021c4d4b4450, 0x0000021c4d6195d0, 0x0000021c4d6ac600,
0x0000021c942d6840, 0x0000021c93c72120, 0x0000021c9381f690, 0x0000021c93bda530,
0x0000021c939205c0, 0x0000021c9391e760, 0x0000021c9391ec70, 0x0000021c93920fe0,
0x0000021c9391fba0, 0x0000021c95a408c0, 0x0000021c95a40dd0, 0x0000021c95a412e0,
0x0000021c95a41d00, 0x0000021c95a3ef70, 0x0000021c96868e00, 0x0000021c9686a240,
0x0000021c96866fa0, 0x0000021c968679c0, 0x0000021c968688f0, 0x0000021c942d4090,
0x0000021c985781d0, 0x0000021c985786e0, 0x0000021c98579610, 0x0000021c9857a540,
0x0000021c98576d90, 0x0000021c9857aa50, 0x0000021c985772a0, 0x0000021c9857af60,
0x0000021c9857b470, 0x0000021c98577cc0, 0x0000021c98578bf0, 0x0000021c9857c3a0,
0x0000021c9857e200, 0x0000021c9857be90, 0x0000021c9857c8b0, 0x0000021c9857cdc0,
0x0000021c9857d2d0, 0x0000021c9857b980, 0x0000021c9857d7e0, 0x0000021c9857dcf0,
0x0000021c96869d30, 0x0000021c9686a750, 0x0000021c9686b170, 0x0000021c9686b680,
0x0000021c96867ed0, 0x0000021c96869310, 0x0000021c968683e0, 0x0000021c9686e410,
0x0000021c9686d9f0, 0x0000021c9686c0a0, 0x0000021c9686df00, 0x0000021c9686c5b0,
0x0000021c9686cac0, 0x0000021c9686e920, 0x0000021c942cf4a0, 0x0000021c942d1810,
0x0000021c942cf9b0, 0x0000021c942cfec0, 0x0000021c942ce060, 0x0000021c942d2740,
0x0000021c942d03d0, 0x0000021c942d45a0, 0x0000021c95a3f480, 0x0000021c95a3e040,
0x0000021c95a454b0, 0x0000021c95a43140, 0x0000021c95a44580, 0x0000021c95a43b60,
0x0000021c95a44070, 0x0000021c95a44a90, 0x0000021c95a44fa0, 0x0000021c95a459c0,
0x0000021c9391dd40, 0x0000021c9391e250, 0x0000021c95c417e0, 0x0000021c9b992990,
0x0000021c9b9933b0, 0x0000021c9b9947f0, 0x0000021c9b991a60, 0x0000021c9b992ea0,
0x0000021c9b9938c0, 0x0000021c9b992480
}

Java Threads: ( => current thread )
  0x0000021c2ef80d90 JavaThread "main" [_thread_blocked, id=28668, stack(0x000000b98bc00000,0x000000b98bd00000)]
  0x0000021c4ce2bfd0 JavaThread "Reference Handler" daemon [_thread_blocked, id=34144, stack(0x000000b98c300000,0x000000b98c400000)]
  0x0000021c4ce2caa0 JavaThread "Finalizer" daemon [_thread_blocked, id=13816, stack(0x000000b98c400000,0x000000b98c500000)]
  0x0000021c4d4aaa20 JavaThread "Signal Dispatcher" daemon [_thread_blocked, id=12820, stack(0x000000b98c500000,0x000000b98c600000)]
  0x0000021c4d4ae310 JavaThread "Attach Listener" daemon [_thread_blocked, id=24600, stack(0x000000b98c600000,0x000000b98c700000)]
  0x0000021c4d4aebe0 JavaThread "Service Thread" daemon [_thread_blocked, id=36372, stack(0x000000b98c700000,0x000000b98c800000)]
  0x0000021c4d4af4b0 JavaThread "Monitor Deflation Thread" daemon [_thread_blocked, id=32724, stack(0x000000b98c800000,0x000000b98c900000)]
=>0x0000021c4d4b0160 JavaThread "C2 CompilerThread0" daemon [_thread_in_native, id=32592, stack(0x000000b98c900000,0x000000b98ca00000)]
  0x0000021c4d4b1b30 JavaThread "C1 CompilerThread0" daemon [_thread_blocked, id=18572, stack(0x000000b98ca00000,0x000000b98cb00000)]
  0x0000021c4d4b4450 JavaThread "Sweeper thread" daemon [_thread_blocked, id=34752, stack(0x000000b98cb00000,0x000000b98cc00000)]
  0x0000021c4d6195d0 JavaThread "Common-Cleaner" daemon [_thread_blocked, id=27244, stack(0x000000b98cc00000,0x000000b98cd00000)]
  0x0000021c4d6ac600 JavaThread "Notification Thread" daemon [_thread_blocked, id=13476, stack(0x000000b98cd00000,0x000000b98ce00000)]
  0x0000021c942d6840 JavaThread "Daemon health stats" [_thread_blocked, id=36008, stack(0x000000b98d500000,0x000000b98d600000)]
  0x0000021c93c72120 JavaThread "Incoming local TCP Connector on port 60242" [_thread_in_native, id=33596, stack(0x000000b98d400000,0x000000b98d500000)]
  0x0000021c9381f690 JavaThread "Daemon periodic checks" [_thread_blocked, id=23308, stack(0x000000b98d600000,0x000000b98d700000)]
  0x0000021c93bda530 JavaThread "Daemon" [_thread_blocked, id=30804, stack(0x000000b98d700000,0x000000b98d800000)]
  0x0000021c939205c0 JavaThread "Daemon worker" [_thread_in_native, id=26980, stack(0x000000b98da00000,0x000000b98db00000)]
  0x0000021c9391e760 JavaThread "Cache worker for journal cache (C:\Users\17822\.gradle\caches\journal-1)" [_thread_blocked, id=8408, stack(0x000000b98de00000,0x000000b98df00000)]
  0x0000021c9391ec70 JavaThread "File lock request listener" [_thread_in_native, id=10936, stack(0x000000b98df00000,0x000000b98e000000)]
  0x0000021c93920fe0 JavaThread "Cache worker for file hash cache (C:\Users\17822\.gradle\caches\8.13\fileHashes)" [_thread_blocked, id=18744, stack(0x000000b98e100000,0x000000b98e200000)]
  0x0000021c9391fba0 JavaThread "File watcher server" daemon [_thread_in_native, id=11348, stack(0x000000b98e700000,0x000000b98e800000)]
  0x0000021c95a408c0 JavaThread "File watcher consumer" daemon [_thread_blocked, id=4620, stack(0x000000b98e800000,0x000000b98e900000)]
  0x0000021c95a40dd0 JavaThread "jar transforms" [_thread_blocked, id=6936, stack(0x000000b98e900000,0x000000b98ea00000)]
  0x0000021c95a412e0 JavaThread "jar transforms Thread 2" [_thread_blocked, id=6124, stack(0x000000b98ea00000,0x000000b98eb00000)]
  0x0000021c95a41d00 JavaThread "Cache worker for file content cache (C:\Users\17822\.gradle\caches\8.13\fileContent)" [_thread_blocked, id=28660, stack(0x000000b98ef00000,0x000000b98f000000)]
  0x0000021c95a3ef70 JavaThread "jar transforms Thread 3" [_thread_blocked, id=2720, stack(0x000000b98f000000,0x000000b98f100000)]
  0x0000021c96868e00 JavaThread "jar transforms Thread 4" [_thread_blocked, id=24292, stack(0x000000b98fb00000,0x000000b98fc00000)]
  0x0000021c9686a240 JavaThread "jar transforms Thread 5" [_thread_blocked, id=19752, stack(0x000000b98e000000,0x000000b98e100000)]
  0x0000021c96866fa0 JavaThread "jar transforms Thread 6" [_thread_blocked, id=11220, stack(0x000000b98ff00000,0x000000b990000000)]
  0x0000021c968679c0 JavaThread "jar transforms Thread 7" [_thread_blocked, id=29484, stack(0x000000b990000000,0x000000b990100000)]
  0x0000021c968688f0 JavaThread "jar transforms Thread 8" [_thread_blocked, id=36432, stack(0x000000b990100000,0x000000b990200000)]
  0x0000021c942d4090 JavaThread "Memory manager" [_thread_blocked, id=29960, stack(0x000000b991900000,0x000000b991a00000)]
  0x0000021c985781d0 JavaThread "pool-3-thread-1" [_thread_blocked, id=11904, stack(0x000000b991c00000,0x000000b991d00000)]
  0x0000021c985786e0 JavaThread "Handler for socket connection from /127.0.0.1:60242 to /127.0.0.1:60264" [_thread_in_native, id=18256, stack(0x000000b98b900000,0x000000b98ba00000)]
  0x0000021c98579610 JavaThread "Cancel handler" [_thread_blocked, id=26724, stack(0x000000b98ba00000,0x000000b98bb00000)]
  0x0000021c9857a540 JavaThread "Asynchronous log dispatcher for DefaultDaemonConnection: socket connection from /127.0.0.1:60242 to /127.0.0.1:60264" [_thread_blocked, id=31784, stack(0x000000b98bb00000,0x000000b98bc00000)]
  0x0000021c98576d90 JavaThread "Stdin handler" [_thread_blocked, id=17464, stack(0x000000b98dc00000,0x000000b98dd00000)]
  0x0000021c9857aa50 JavaThread "Daemon client event forwarder" [_thread_blocked, id=30008, stack(0x000000b98dd00000,0x000000b98de00000)]
  0x0000021c985772a0 JavaThread "Cache worker for file hash cache (C:\Users\17822\AndroidStudioProjects\Assg8Intents\.gradle\8.13\fileHashes)" [_thread_blocked, id=23956, stack(0x000000b98e200000,0x000000b98e300000)]
  0x0000021c9857af60 JavaThread "Cache worker for Build Output Cleanup Cache (C:\Users\17822\AndroidStudioProjects\Assg8Intents\.gradle\buildOutputCleanup)" [_thread_blocked, id=32080, stack(0x000000b98e300000,0x000000b98e400000)]
  0x0000021c9857b470 JavaThread "Cache worker for checksums cache (C:\Users\17822\AndroidStudioProjects\Assg8Intents\.gradle\8.13\checksums)" [_thread_blocked, id=10496, stack(0x000000b98eb00000,0x000000b98ec00000)]
  0x0000021c98577cc0 JavaThread "Cache worker for cache directory md-supplier (C:\Users\17822\.gradle\caches\8.13\md-supplier)" [_thread_blocked, id=22832, stack(0x000000b98f100000,0x000000b98f200000)]
  0x0000021c98578bf0 JavaThread "Cache worker for cache directory md-rule (C:\Users\17822\.gradle\caches\8.13\md-rule)" [_thread_blocked, id=12904, stack(0x000000b98f200000,0x000000b98f300000)]
  0x0000021c9857c3a0 JavaThread "Unconstrained build operations" [_thread_blocked, id=15448, stack(0x000000b98f400000,0x000000b98f500000)]
  0x0000021c9857e200 JavaThread "Unconstrained build operations Thread 2" [_thread_blocked, id=34728, stack(0x000000b98f500000,0x000000b98f600000)]
  0x0000021c9857be90 JavaThread "Unconstrained build operations Thread 3" [_thread_blocked, id=12856, stack(0x000000b98f600000,0x000000b98f700000)]
  0x0000021c9857c8b0 JavaThread "Unconstrained build operations Thread 4" [_thread_blocked, id=1184, stack(0x000000b98f700000,0x000000b98f800000)]
  0x0000021c9857cdc0 JavaThread "Unconstrained build operations Thread 5" [_thread_blocked, id=32272, stack(0x000000b98f300000,0x000000b98f400000)]
  0x0000021c9857d2d0 JavaThread "Unconstrained build operations Thread 6" [_thread_blocked, id=22560, stack(0x000000b98f800000,0x000000b98f900000)]
  0x0000021c9857b980 JavaThread "Unconstrained build operations Thread 7" [_thread_blocked, id=3704, stack(0x000000b98f900000,0x000000b98fa00000)]
  0x0000021c9857d7e0 JavaThread "Unconstrained build operations Thread 8" [_thread_blocked, id=15828, stack(0x000000b98fa00000,0x000000b98fb00000)]
  0x0000021c9857dcf0 JavaThread "Unconstrained build operations Thread 9" [_thread_blocked, id=27096, stack(0x000000b98fc00000,0x000000b98fd00000)]
  0x0000021c96869d30 JavaThread "Unconstrained build operations Thread 10" [_thread_blocked, id=27204, stack(0x000000b98fd00000,0x000000b98fe00000)]
  0x0000021c9686a750 JavaThread "Unconstrained build operations Thread 11" [_thread_blocked, id=10636, stack(0x000000b98fe00000,0x000000b98ff00000)]
  0x0000021c9686b170 JavaThread "Unconstrained build operations Thread 12" [_thread_blocked, id=1604, stack(0x000000b990200000,0x000000b990300000)]
  0x0000021c9686b680 JavaThread "Unconstrained build operations Thread 13" [_thread_blocked, id=12628, stack(0x000000b990300000,0x000000b990400000)]
  0x0000021c96867ed0 JavaThread "Unconstrained build operations Thread 14" [_thread_blocked, id=19352, stack(0x000000b990400000,0x000000b990500000)]
  0x0000021c96869310 JavaThread "Unconstrained build operations Thread 15" [_thread_blocked, id=30400, stack(0x000000b990500000,0x000000b990600000)]
  0x0000021c968683e0 JavaThread "Unconstrained build operations Thread 16" [_thread_blocked, id=20768, stack(0x000000b990600000,0x000000b990700000)]
  0x0000021c9686e410 JavaThread "Unconstrained build operations Thread 17" [_thread_blocked, id=25972, stack(0x000000b990700000,0x000000b990800000)]
  0x0000021c9686d9f0 JavaThread "Unconstrained build operations Thread 18" [_thread_blocked, id=34652, stack(0x000000b990800000,0x000000b990900000)]
  0x0000021c9686c0a0 JavaThread "Unconstrained build operations Thread 19" [_thread_blocked, id=10256, stack(0x000000b990900000,0x000000b990a00000)]
  0x0000021c9686df00 JavaThread "Unconstrained build operations Thread 20" [_thread_blocked, id=30688, stack(0x000000b990a00000,0x000000b990b00000)]
  0x0000021c9686c5b0 JavaThread "Unconstrained build operations Thread 21" [_thread_blocked, id=19056, stack(0x000000b990b00000,0x000000b990c00000)]
  0x0000021c9686cac0 JavaThread "Unconstrained build operations Thread 22" [_thread_blocked, id=24548, stack(0x000000b990c00000,0x000000b990d00000)]
  0x0000021c9686e920 JavaThread "Unconstrained build operations Thread 23" [_thread_blocked, id=35376, stack(0x000000b990d00000,0x000000b990e00000)]
  0x0000021c942cf4a0 JavaThread "Unconstrained build operations Thread 24" [_thread_blocked, id=32516, stack(0x000000b990e00000,0x000000b990f00000)]
  0x0000021c942d1810 JavaThread "Unconstrained build operations Thread 25" [_thread_blocked, id=7156, stack(0x000000b990f00000,0x000000b991000000)]
  0x0000021c942cf9b0 JavaThread "Unconstrained build operations Thread 26" [_thread_blocked, id=25120, stack(0x000000b991000000,0x000000b991100000)]
  0x0000021c942cfec0 JavaThread "Unconstrained build operations Thread 27" [_thread_blocked, id=35148, stack(0x000000b991100000,0x000000b991200000)]
  0x0000021c942ce060 JavaThread "Unconstrained build operations Thread 28" [_thread_blocked, id=13104, stack(0x000000b991200000,0x000000b991300000)]
  0x0000021c942d2740 JavaThread "Unconstrained build operations Thread 29" [_thread_blocked, id=36784, stack(0x000000b991300000,0x000000b991400000)]
  0x0000021c942d03d0 JavaThread "Problems report writer" [_thread_blocked, id=17616, stack(0x000000b991500000,0x000000b991600000)]
  0x0000021c942d45a0 JavaThread "pool-6-thread-1" [_thread_blocked, id=28184, stack(0x000000b991600000,0x000000b991700000)]
  0x0000021c95a3f480 JavaThread "included builds" [_thread_blocked, id=26256, stack(0x000000b98ee00000,0x000000b98ef00000)]
  0x0000021c95a3e040 JavaThread "Execution worker" [_thread_blocked, id=30580, stack(0x000000b991400000,0x000000b991500000)]
  0x0000021c95a454b0 JavaThread "Execution worker Thread 2" [_thread_blocked, id=22752, stack(0x000000b991700000,0x000000b991800000)]
  0x0000021c95a43140 JavaThread "Execution worker Thread 3" [_thread_blocked, id=31460, stack(0x000000b991800000,0x000000b991900000)]
  0x0000021c95a44580 JavaThread "Execution worker Thread 4" [_thread_blocked, id=34032, stack(0x000000b991a00000,0x000000b991b00000)]
  0x0000021c95a43b60 JavaThread "Execution worker Thread 5" [_thread_blocked, id=21560, stack(0x000000b991b00000,0x000000b991c00000)]
  0x0000021c95a44070 JavaThread "Execution worker Thread 6" [_thread_blocked, id=11624, stack(0x000000b991d00000,0x000000b991e00000)]
  0x0000021c95a44a90 JavaThread "Execution worker Thread 7" [_thread_blocked, id=26064, stack(0x000000b991f00000,0x000000b992000000)]
  0x0000021c95a44fa0 JavaThread "Cache worker for execution history cache (C:\Users\17822\AndroidStudioProjects\Assg8Intents\.gradle\8.13\executionHistory)" [_thread_blocked, id=30108, stack(0x000000b992000000,0x000000b992100000)]
  0x0000021c95a459c0 JavaThread "idea-tooling-model-converter" [_thread_blocked, id=7628, stack(0x000000b992100000,0x000000b992200000)]
  0x0000021c9391dd40 JavaThread "Unconstrained build operations Thread 30" [_thread_blocked, id=20680, stack(0x000000b992400000,0x000000b992500000)]
  0x0000021c9391e250 JavaThread "Unconstrained build operations Thread 31" [_thread_blocked, id=20652, stack(0x000000b992500000,0x000000b992600000)]
  0x0000021c95c417e0 JavaThread "C2 CompilerThread1" daemon [_thread_blocked, id=22424, stack(0x000000b98db00000,0x000000b98dc00000)]
  0x0000021c9b992990 JavaThread "Unconstrained build operations Thread 32" [_thread_in_native, id=24636, stack(0x000000b991e00000,0x000000b991f00000)]
  0x0000021c9b9933b0 JavaThread "Unconstrained build operations Thread 33" [_thread_in_native, id=22004, stack(0x000000b992200000,0x000000b992300000)]
  0x0000021c9b9947f0 JavaThread "Unconstrained build operations Thread 34" [_thread_in_native, id=16508, stack(0x000000b992300000,0x000000b992400000)]
  0x0000021c9b991a60 JavaThread "Unconstrained build operations Thread 35" [_thread_in_native, id=34840, stack(0x000000b992600000,0x000000b992700000)]
  0x0000021c9b992ea0 JavaThread "Unconstrained build operations Thread 36" [_thread_in_native, id=7852, stack(0x000000b992700000,0x000000b992800000)]
  0x0000021c9b9938c0 JavaThread "Unconstrained build operations Thread 37" [_thread_in_native, id=35404, stack(0x000000b992800000,0x000000b992900000)]
  0x0000021c9b992480 JavaThread "Unconstrained build operations Thread 38" [_thread_in_native, id=23440, stack(0x000000b992900000,0x000000b992a00000)]

Other Threads:
  0x0000021c4ce23fd0 VMThread "VM Thread" [stack: 0x000000b98c200000,0x000000b98c300000] [id=26348]
  0x0000021c2ef81b20 WatcherThread [stack: 0x000000b98ce00000,0x000000b98cf00000] [id=29692]
  0x0000021c2ccfe870 GCTaskThread "GC Thread#0" [stack: 0x000000b98bd00000,0x000000b98be00000] [id=10224]
  0x0000021c931c1eb0 GCTaskThread "GC Thread#1" [stack: 0x000000b98cf00000,0x000000b98d000000] [id=13020]
  0x0000021c9334a710 GCTaskThread "GC Thread#2" [stack: 0x000000b98d000000,0x000000b98d100000] [id=29404]
  0x0000021c9334a9d0 GCTaskThread "GC Thread#3" [stack: 0x000000b98d100000,0x000000b98d200000] [id=17792]
  0x0000021c93dcf4f0 GCTaskThread "GC Thread#4" [stack: 0x000000b98d200000,0x000000b98d300000] [id=4180]
  0x0000021c4d7cdb90 GCTaskThread "GC Thread#5" [stack: 0x000000b98d300000,0x000000b98d400000] [id=12020]
  0x0000021c960e0770 GCTaskThread "GC Thread#6" [stack: 0x000000b98e400000,0x000000b98e500000] [id=31044]
  0x0000021c95bc6030 GCTaskThread "GC Thread#7" [stack: 0x000000b98e500000,0x000000b98e600000] [id=14408]
  0x0000021c2efe9b20 ConcurrentGCThread "G1 Main Marker" [stack: 0x000000b98be00000,0x000000b98bf00000] [id=2700]
  0x0000021c2efea450 ConcurrentGCThread "G1 Conc#0" [stack: 0x000000b98bf00000,0x000000b98c000000] [id=7320]
  0x0000021c95bc62f0 ConcurrentGCThread "G1 Conc#1" [stack: 0x000000b98e600000,0x000000b98e700000] [id=21260]
  0x0000021c2f02d890 ConcurrentGCThread "G1 Refine#0" [stack: 0x000000b98c000000,0x000000b98c100000] [id=26672]
  0x0000021c963dd7f0 ConcurrentGCThread "G1 Refine#1" [stack: 0x000000b98ec00000,0x000000b98ed00000] [id=9880]
  0x0000021c963ddae0 ConcurrentGCThread "G1 Refine#2" [stack: 0x000000b98ed00000,0x000000b98ee00000] [id=36472]
  0x0000021c2f02e070 ConcurrentGCThread "G1 Service" [stack: 0x000000b98c100000,0x000000b98c200000] [id=35124]

Threads with active compile tasks:
C2 CompilerThread0   120852 13041   !   4       org.gradle.cache.internal.DefaultMultiProcessSafeIndexedCache::getIfPresent (25 bytes)

VM state: not at safepoint (normal execution)

VM Mutex/Monitor currently owned by a thread: None

Heap address: 0x0000000080000000, size: 2048 MB, Compressed Oops mode: 32-bit

CDS archive(s) mapped at: [0x0000021c4e000000-0x0000021c4ebb0000-0x0000021c4ebb0000), size 12255232, SharedBaseAddress: 0x0000021c4e000000, ArchiveRelocationMode: 1.
Compressed class space mapped at: 0x0000021c4f000000-0x0000021c8f000000, reserved size: 1073741824
Narrow klass base: 0x0000021c4e000000, Narrow klass shift: 0, Narrow klass range: 0x100000000

GC Precious Log:
 CPUs: 8 total, 8 available
 Memory: 12022M
 Large Page Support: Disabled
 NUMA Support: Disabled
 Compressed Oops: Enabled (32-bit)
 Heap Region Size: 1M
 Heap Min Capacity: 8M
 Heap Initial Capacity: 188M
 Heap Max Capacity: 2G
 Pre-touch: Disabled
 Parallel Workers: 8
 Concurrent Workers: 2
 Concurrent Refinement Workers: 8
 Periodic GC: Disabled

Heap:
 garbage-first heap   total 226304K, used 175826K [0x0000000080000000, 0x0000000100000000)
  region size 1024K, 19 young (19456K), 5 survivors (5120K)
 Metaspace       used 107226K, committed 108288K, reserved 1179648K
  class space    used 14249K, committed 14784K, reserved 1048576K

Heap Regions: E=young(eden), S=young(survivor), O=old, HS=humongous(starts), HC=humongous(continues), CS=collection set, F=free, OA=open archive, CA=closed archive, TAMS=top-at-mark-start (previous, next)
|   0|0x0000000080000000, 0x0000000080100000, 0x0000000080100000|100%|HS|  |TAMS 0x0000000080100000, 0x0000000080000000| Complete 
|   1|0x0000000080100000, 0x0000000080200000, 0x0000000080200000|100%|HC|  |TAMS 0x0000000080200000, 0x0000000080100000| Complete 
|   2|0x0000000080200000, 0x0000000080300000, 0x0000000080300000|100%|HC|  |TAMS 0x0000000080300000, 0x0000000080200000| Complete 
|   3|0x0000000080300000, 0x0000000080400000, 0x0000000080400000|100%| O|  |TAMS 0x0000000080400000, 0x0000000080300000| Untracked 
|   4|0x0000000080400000, 0x0000000080500000, 0x0000000080500000|100%| O|  |TAMS 0x0000000080500000, 0x0000000080400000| Untracked 
|   5|0x0000000080500000, 0x0000000080600000, 0x0000000080600000|100%| O|  |TAMS 0x0000000080600000, 0x0000000080500000| Untracked 
|   6|0x0000000080600000, 0x0000000080700000, 0x0000000080700000|100%|HS|  |TAMS 0x0000000080700000, 0x0000000080600000| Complete 
|   7|0x0000000080700000, 0x0000000080800000, 0x0000000080800000|100%| O|  |TAMS 0x0000000080800000, 0x0000000080700000| Untracked 
|   8|0x0000000080800000, 0x0000000080900000, 0x0000000080900000|100%| O|  |TAMS 0x0000000080900000, 0x0000000080800000| Untracked 
|   9|0x0000000080900000, 0x0000000080a00000, 0x0000000080a00000|100%| O|  |TAMS 0x0000000080a00000, 0x0000000080900000| Untracked 
|  10|0x0000000080a00000, 0x0000000080b00000, 0x0000000080b00000|100%| O|  |TAMS 0x0000000080b00000, 0x0000000080a00000| Untracked 
|  11|0x0000000080b00000, 0x0000000080c00000, 0x0000000080c00000|100%| O|  |TAMS 0x0000000080c00000, 0x0000000080b00000| Untracked 
|  12|0x0000000080c00000, 0x0000000080d00000, 0x0000000080d00000|100%| O|  |TAMS 0x0000000080d00000, 0x0000000080c00000| Untracked 
|  13|0x0000000080d00000, 0x0000000080e00000, 0x0000000080e00000|100%| O|  |TAMS 0x0000000080e00000, 0x0000000080d00000| Untracked 
|  14|0x0000000080e00000, 0x0000000080f00000, 0x0000000080f00000|100%| O|  |TAMS 0x0000000080f00000, 0x0000000080e00000| Untracked 
|  15|0x0000000080f00000, 0x0000000081000000, 0x0000000081000000|100%| O|  |TAMS 0x0000000081000000, 0x0000000080f00000| Untracked 
|  16|0x0000000081000000, 0x0000000081100000, 0x0000000081100000|100%| O|  |TAMS 0x0000000081100000, 0x0000000081000000| Untracked 
|  17|0x0000000081100000, 0x0000000081200000, 0x0000000081200000|100%| O|  |TAMS 0x0000000081200000, 0x0000000081100000| Untracked 
|  18|0x0000000081200000, 0x0000000081300000, 0x0000000081300000|100%| O|  |TAMS 0x0000000081300000, 0x0000000081200000| Untracked 
|  19|0x0000000081300000, 0x0000000081400000, 0x0000000081400000|100%| O|  |TAMS 0x0000000081400000, 0x0000000081300000| Untracked 
|  20|0x0000000081400000, 0x0000000081500000, 0x0000000081500000|100%| O|  |TAMS 0x0000000081500000, 0x0000000081400000| Untracked 
|  21|0x0000000081500000, 0x0000000081600000, 0x0000000081600000|100%| O|  |TAMS 0x0000000081600000, 0x0000000081500000| Untracked 
|  22|0x0000000081600000, 0x0000000081700000, 0x0000000081700000|100%| O|  |TAMS 0x0000000081700000, 0x0000000081600000| Untracked 
|  23|0x0000000081700000, 0x0000000081800000, 0x0000000081800000|100%| O|  |TAMS 0x0000000081800000, 0x0000000081700000| Untracked 
|  24|0x0000000081800000, 0x0000000081900000, 0x0000000081900000|100%| O|  |TAMS 0x0000000081900000, 0x0000000081800000| Untracked 
|  25|0x0000000081900000, 0x0000000081a00000, 0x0000000081a00000|100%| O|  |TAMS 0x0000000081a00000, 0x0000000081900000| Untracked 
|  26|0x0000000081a00000, 0x0000000081b00000, 0x0000000081b00000|100%| O|  |TAMS 0x0000000081b00000, 0x0000000081a00000| Untracked 
|  27|0x0000000081b00000, 0x0000000081c00000, 0x0000000081c00000|100%| O|  |TAMS 0x0000000081c00000, 0x0000000081b00000| Untracked 
|  28|0x0000000081c00000, 0x0000000081d00000, 0x0000000081d00000|100%| O|  |TAMS 0x0000000081d00000, 0x0000000081c00000| Untracked 
|  29|0x0000000081d00000, 0x0000000081e00000, 0x0000000081e00000|100%| O|  |TAMS 0x0000000081e00000, 0x0000000081d00000| Untracked 
|  30|0x0000000081e00000, 0x0000000081f00000, 0x0000000081f00000|100%| O|  |TAMS 0x0000000081f00000, 0x0000000081e00000| Untracked 
|  31|0x0000000081f00000, 0x0000000082000000, 0x0000000082000000|100%| O|  |TAMS 0x0000000082000000, 0x0000000081f00000| Untracked 
|  32|0x0000000082000000, 0x0000000082100000, 0x0000000082100000|100%| O|  |TAMS 0x0000000082100000, 0x0000000082000000| Untracked 
|  33|0x0000000082100000, 0x0000000082200000, 0x0000000082200000|100%| O|  |TAMS 0x0000000082200000, 0x0000000082100000| Untracked 
|  34|0x0000000082200000, 0x0000000082300000, 0x0000000082300000|100%| O|  |TAMS 0x0000000082300000, 0x0000000082200000| Untracked 
|  35|0x0000000082300000, 0x0000000082400000, 0x0000000082400000|100%| O|  |TAMS 0x0000000082300000, 0x0000000082300000| Untracked 
|  36|0x0000000082400000, 0x0000000082500000, 0x0000000082500000|100%| O|  |TAMS 0x0000000082500000, 0x0000000082400000| Untracked 
|  37|0x0000000082500000, 0x0000000082600000, 0x0000000082600000|100%| O|  |TAMS 0x0000000082600000, 0x0000000082500000| Untracked 
|  38|0x0000000082600000, 0x0000000082700000, 0x0000000082700000|100%| O|  |TAMS 0x0000000082700000, 0x0000000082600000| Untracked 
|  39|0x0000000082700000, 0x0000000082800000, 0x0000000082800000|100%| O|  |TAMS 0x0000000082800000, 0x0000000082700000| Untracked 
|  40|0x0000000082800000, 0x0000000082900000, 0x0000000082900000|100%| O|  |TAMS 0x0000000082900000, 0x0000000082800000| Untracked 
|  41|0x0000000082900000, 0x0000000082a00000, 0x0000000082a00000|100%| O|  |TAMS 0x0000000082a00000, 0x0000000082900000| Untracked 
|  42|0x0000000082a00000, 0x0000000082b00000, 0x0000000082b00000|100%| O|  |TAMS 0x0000000082b00000, 0x0000000082a00000| Untracked 
|  43|0x0000000082b00000, 0x0000000082c00000, 0x0000000082c00000|100%| O|  |TAMS 0x0000000082c00000, 0x0000000082b00000| Untracked 
|  44|0x0000000082c00000, 0x0000000082d00000, 0x0000000082d00000|100%| O|  |TAMS 0x0000000082d00000, 0x0000000082c00000| Untracked 
|  45|0x0000000082d00000, 0x0000000082e00000, 0x0000000082e00000|100%| O|  |TAMS 0x0000000082e00000, 0x0000000082d00000| Untracked 
|  46|0x0000000082e00000, 0x0000000082f00000, 0x0000000082f00000|100%|HS|  |TAMS 0x0000000082f00000, 0x0000000082e00000| Complete 
|  47|0x0000000082f00000, 0x0000000083000000, 0x0000000083000000|100%|HS|  |TAMS 0x0000000083000000, 0x0000000082f00000| Complete 
|  48|0x0000000083000000, 0x0000000083100000, 0x0000000083100000|100%|HS|  |TAMS 0x0000000083100000, 0x0000000083000000| Complete 
|  49|0x0000000083100000, 0x0000000083200000, 0x0000000083200000|100%|HS|  |TAMS 0x0000000083200000, 0x0000000083100000| Complete 
|  50|0x0000000083200000, 0x0000000083300000, 0x0000000083300000|100%| O|  |TAMS 0x0000000083300000, 0x0000000083200000| Untracked 
|  51|0x0000000083300000, 0x0000000083400000, 0x0000000083400000|100%|HS|  |TAMS 0x0000000083400000, 0x0000000083300000| Complete 
|  52|0x0000000083400000, 0x0000000083500000, 0x0000000083500000|100%|HS|  |TAMS 0x0000000083500000, 0x0000000083400000| Complete 
|  53|0x0000000083500000, 0x0000000083600000, 0x0000000083600000|100%| O|  |TAMS 0x0000000083600000, 0x0000000083500000| Untracked 
|  54|0x0000000083600000, 0x0000000083700000, 0x0000000083700000|100%| O|  |TAMS 0x0000000083700000, 0x0000000083600000| Untracked 
|  55|0x0000000083700000, 0x0000000083800000, 0x0000000083800000|100%| O|  |TAMS 0x0000000083800000, 0x0000000083700000| Untracked 
|  56|0x0000000083800000, 0x0000000083900000, 0x0000000083900000|100%| O|  |TAMS 0x0000000083900000, 0x0000000083800000| Untracked 
|  57|0x0000000083900000, 0x0000000083a00000, 0x0000000083a00000|100%| O|  |TAMS 0x0000000083a00000, 0x0000000083900000| Untracked 
|  58|0x0000000083a00000, 0x0000000083b00000, 0x0000000083b00000|100%| O|  |TAMS 0x0000000083b00000, 0x0000000083a00000| Untracked 
|  59|0x0000000083b00000, 0x0000000083c00000, 0x0000000083c00000|100%| O|  |TAMS 0x0000000083c00000, 0x0000000083b00000| Untracked 
|  60|0x0000000083c00000, 0x0000000083d00000, 0x0000000083d00000|100%| O|  |TAMS 0x0000000083d00000, 0x0000000083c00000| Untracked 
|  61|0x0000000083d00000, 0x0000000083e00000, 0x0000000083e00000|100%| O|  |TAMS 0x0000000083e00000, 0x0000000083d00000| Untracked 
|  62|0x0000000083e00000, 0x0000000083f00000, 0x0000000083f00000|100%| O|  |TAMS 0x0000000083f00000, 0x0000000083e00000| Untracked 
|  63|0x0000000083f00000, 0x0000000084000000, 0x0000000084000000|100%| O|  |TAMS 0x0000000084000000, 0x0000000083f00000| Untracked 
|  64|0x0000000084000000, 0x0000000084100000, 0x0000000084100000|100%| O|  |TAMS 0x0000000084100000, 0x0000000084000000| Untracked 
|  65|0x0000000084100000, 0x0000000084200000, 0x0000000084200000|100%| O|  |TAMS 0x0000000084200000, 0x0000000084100000| Untracked 
|  66|0x0000000084200000, 0x0000000084300000, 0x0000000084300000|100%| O|  |TAMS 0x0000000084300000, 0x0000000084200000| Untracked 
|  67|0x0000000084300000, 0x0000000084400000, 0x0000000084400000|100%| O|  |TAMS 0x0000000084400000, 0x0000000084300000| Untracked 
|  68|0x0000000084400000, 0x0000000084500000, 0x0000000084500000|100%|HS|  |TAMS 0x0000000084500000, 0x0000000084400000| Complete 
|  69|0x0000000084500000, 0x0000000084600000, 0x0000000084600000|100%| O|  |TAMS 0x0000000084600000, 0x0000000084500000| Untracked 
|  70|0x0000000084600000, 0x0000000084700000, 0x0000000084700000|100%| O|  |TAMS 0x0000000084700000, 0x0000000084600000| Untracked 
|  71|0x0000000084700000, 0x0000000084800000, 0x0000000084800000|100%| O|  |TAMS 0x0000000084800000, 0x0000000084700000| Untracked 
|  72|0x0000000084800000, 0x0000000084900000, 0x0000000084900000|100%| O|  |TAMS 0x0000000084900000, 0x0000000084800000| Untracked 
|  73|0x0000000084900000, 0x0000000084a00000, 0x0000000084a00000|100%| O|  |TAMS 0x0000000084a00000, 0x0000000084900000| Untracked 
|  74|0x0000000084a00000, 0x0000000084b00000, 0x0000000084b00000|100%| O|  |TAMS 0x0000000084b00000, 0x0000000084a00000| Untracked 
|  75|0x0000000084b00000, 0x0000000084c00000, 0x0000000084c00000|100%| O|  |TAMS 0x0000000084c00000, 0x0000000084b00000| Untracked 
|  76|0x0000000084c00000, 0x0000000084d00000, 0x0000000084d00000|100%| O|  |TAMS 0x0000000084d00000, 0x0000000084c00000| Untracked 
|  77|0x0000000084d00000, 0x0000000084e00000, 0x0000000084e00000|100%| O|  |TAMS 0x0000000084e00000, 0x0000000084d00000| Untracked 
|  78|0x0000000084e00000, 0x0000000084f00000, 0x0000000084f00000|100%| O|  |TAMS 0x0000000084f00000, 0x0000000084e00000| Untracked 
|  79|0x0000000084f00000, 0x0000000085000000, 0x0000000085000000|100%| O|  |TAMS 0x0000000085000000, 0x0000000084f00000| Untracked 
|  80|0x0000000085000000, 0x0000000085100000, 0x0000000085100000|100%| O|  |TAMS 0x0000000085100000, 0x0000000085000000| Untracked 
|  81|0x0000000085100000, 0x0000000085200000, 0x0000000085200000|100%| O|  |TAMS 0x0000000085200000, 0x0000000085100000| Untracked 
|  82|0x0000000085200000, 0x0000000085300000, 0x0000000085300000|100%| O|  |TAMS 0x0000000085300000, 0x0000000085200000| Untracked 
|  83|0x0000000085300000, 0x0000000085400000, 0x0000000085400000|100%| O|  |TAMS 0x0000000085400000, 0x0000000085300000| Untracked 
|  84|0x0000000085400000, 0x0000000085500000, 0x0000000085500000|100%| O|  |TAMS 0x0000000085500000, 0x0000000085400000| Untracked 
|  85|0x0000000085500000, 0x0000000085600000, 0x0000000085600000|100%| O|  |TAMS 0x00000000855ea600, 0x0000000085500000| Untracked 
|  86|0x0000000085600000, 0x0000000085700000, 0x0000000085700000|100%|HS|  |TAMS 0x0000000085700000, 0x0000000085600000| Complete 
|  87|0x0000000085700000, 0x0000000085800000, 0x0000000085800000|100%|HC|  |TAMS 0x0000000085800000, 0x0000000085700000| Complete 
|  88|0x0000000085800000, 0x0000000085900000, 0x0000000085900000|100%|HC|  |TAMS 0x0000000085900000, 0x0000000085800000| Complete 
|  89|0x0000000085900000, 0x0000000085a00000, 0x0000000085a00000|100%|HC|  |TAMS 0x0000000085a00000, 0x0000000085900000| Complete 
|  90|0x0000000085a00000, 0x0000000085b00000, 0x0000000085b00000|100%|HC|  |TAMS 0x0000000085b00000, 0x0000000085a00000| Complete 
|  91|0x0000000085b00000, 0x0000000085c00000, 0x0000000085c00000|100%|HC|  |TAMS 0x0000000085c00000, 0x0000000085b00000| Complete 
|  92|0x0000000085c00000, 0x0000000085d00000, 0x0000000085d00000|100%|HS|  |TAMS 0x0000000085d00000, 0x0000000085c00000| Complete 
|  93|0x0000000085d00000, 0x0000000085e00000, 0x0000000085e00000|100%|HS|  |TAMS 0x0000000085e00000, 0x0000000085d00000| Complete 
|  94|0x0000000085e00000, 0x0000000085f00000, 0x0000000085f00000|100%|HC|  |TAMS 0x0000000085f00000, 0x0000000085e00000| Complete 
|  95|0x0000000085f00000, 0x0000000086000000, 0x0000000086000000|100%|HC|  |TAMS 0x0000000086000000, 0x0000000085f00000| Complete 
|  96|0x0000000086000000, 0x0000000086100000, 0x0000000086100000|100%|HC|  |TAMS 0x0000000086100000, 0x0000000086000000| Complete 
|  97|0x0000000086100000, 0x0000000086200000, 0x0000000086200000|100%|HS|  |TAMS 0x0000000086200000, 0x0000000086100000| Complete 
|  98|0x0000000086200000, 0x0000000086300000, 0x0000000086300000|100%|HC|  |TAMS 0x0000000086300000, 0x0000000086200000| Complete 
|  99|0x0000000086300000, 0x0000000086400000, 0x0000000086400000|100%|HS|  |TAMS 0x0000000086300000, 0x0000000086300000| Complete 
| 100|0x0000000086400000, 0x0000000086500000, 0x0000000086500000|100%|HS|  |TAMS 0x0000000086400000, 0x0000000086400000| Complete 
| 101|0x0000000086500000, 0x0000000086600000, 0x0000000086600000|100%|HC|  |TAMS 0x0000000086500000, 0x0000000086500000| Complete 
| 102|0x0000000086600000, 0x0000000086700000, 0x0000000086700000|100%|HC|  |TAMS 0x0000000086600000, 0x0000000086600000| Complete 
| 103|0x0000000086700000, 0x0000000086800000, 0x0000000086800000|100%|HC|  |TAMS 0x0000000086700000, 0x0000000086700000| Complete 
| 104|0x0000000086800000, 0x0000000086900000, 0x0000000086900000|100%|HC|  |TAMS 0x0000000086800000, 0x0000000086800000| Complete 
| 105|0x0000000086900000, 0x0000000086a00000, 0x0000000086a00000|100%|HC|  |TAMS 0x0000000086900000, 0x0000000086900000| Complete 
| 106|0x0000000086a00000, 0x0000000086b00000, 0x0000000086b00000|100%|HS|  |TAMS 0x0000000086a00000, 0x0000000086a00000| Complete 
| 107|0x0000000086b00000, 0x0000000086c00000, 0x0000000086c00000|100%|HS|  |TAMS 0x0000000086b00000, 0x0000000086b00000| Complete 
| 108|0x0000000086c00000, 0x0000000086d00000, 0x0000000086d00000|100%|HC|  |TAMS 0x0000000086c00000, 0x0000000086c00000| Complete 
| 109|0x0000000086d00000, 0x0000000086e00000, 0x0000000086e00000|100%|HC|  |TAMS 0x0000000086d00000, 0x0000000086d00000| Complete 
| 110|0x0000000086e00000, 0x0000000086f00000, 0x0000000086f00000|100%|HC|  |TAMS 0x0000000086e00000, 0x0000000086e00000| Complete 
| 111|0x0000000086f00000, 0x0000000087000000, 0x0000000087000000|100%|HS|  |TAMS 0x0000000086f00000, 0x0000000086f00000| Complete 
| 112|0x0000000087000000, 0x0000000087100000, 0x0000000087100000|100%|HC|  |TAMS 0x0000000087000000, 0x0000000087000000| Complete 
| 113|0x0000000087100000, 0x0000000087200000, 0x0000000087200000|100%|HS|  |TAMS 0x0000000087100000, 0x0000000087100000| Complete 
| 114|0x0000000087200000, 0x0000000087300000, 0x0000000087300000|100%|HS|  |TAMS 0x0000000087200000, 0x0000000087200000| Complete 
| 115|0x0000000087300000, 0x0000000087400000, 0x0000000087400000|100%|HC|  |TAMS 0x0000000087300000, 0x0000000087300000| Complete 
| 116|0x0000000087400000, 0x0000000087500000, 0x0000000087500000|100%|HS|  |TAMS 0x0000000087400000, 0x0000000087400000| Complete 
| 117|0x0000000087500000, 0x0000000087600000, 0x0000000087600000|100%|HC|  |TAMS 0x0000000087500000, 0x0000000087500000| Complete 
| 118|0x0000000087600000, 0x0000000087700000, 0x0000000087700000|100%|HC|  |TAMS 0x0000000087600000, 0x0000000087600000| Complete 
| 119|0x0000000087700000, 0x0000000087800000, 0x0000000087800000|100%|HC|  |TAMS 0x0000000087700000, 0x0000000087700000| Complete 
| 120|0x0000000087800000, 0x0000000087900000, 0x0000000087900000|100%|HC|  |TAMS 0x0000000087800000, 0x0000000087800000| Complete 
| 121|0x0000000087900000, 0x0000000087a00000, 0x0000000087a00000|100%|HC|  |TAMS 0x0000000087900000, 0x0000000087900000| Complete 
| 122|0x0000000087a00000, 0x0000000087b00000, 0x0000000087b00000|100%|HS|  |TAMS 0x0000000087a00000, 0x0000000087a00000| Complete 
| 123|0x0000000087b00000, 0x0000000087c00000, 0x0000000087c00000|100%|HS|  |TAMS 0x0000000087b00000, 0x0000000087b00000| Complete 
| 124|0x0000000087c00000, 0x0000000087d00000, 0x0000000087d00000|100%|HC|  |TAMS 0x0000000087c00000, 0x0000000087c00000| Complete 
| 125|0x0000000087d00000, 0x0000000087e00000, 0x0000000087e00000|100%|HC|  |TAMS 0x0000000087d00000, 0x0000000087d00000| Complete 
| 126|0x0000000087e00000, 0x0000000087f00000, 0x0000000087f00000|100%|HC|  |TAMS 0x0000000087e00000, 0x0000000087e00000| Complete 
| 127|0x0000000087f00000, 0x0000000088000000, 0x0000000088000000|100%|HC|  |TAMS 0x0000000087f00000, 0x0000000087f00000| Complete 
| 128|0x0000000088000000, 0x0000000088100000, 0x0000000088100000|100%|HC|  |TAMS 0x0000000088000000, 0x0000000088000000| Complete 
| 129|0x0000000088100000, 0x0000000088200000, 0x0000000088200000|100%|HS|  |TAMS 0x0000000088100000, 0x0000000088100000| Complete 
| 130|0x0000000088200000, 0x0000000088300000, 0x0000000088300000|100%| O|  |TAMS 0x0000000088200000, 0x0000000088200000| Untracked 
| 131|0x0000000088300000, 0x0000000088400000, 0x0000000088400000|100%| O|  |TAMS 0x0000000088300000, 0x0000000088300000| Untracked 
| 132|0x0000000088400000, 0x0000000088500000, 0x0000000088500000|100%| O|  |TAMS 0x0000000088400000, 0x0000000088400000| Untracked 
| 133|0x0000000088500000, 0x0000000088600000, 0x0000000088600000|100%|HS|  |TAMS 0x0000000088500000, 0x0000000088500000| Complete 
| 134|0x0000000088600000, 0x0000000088700000, 0x0000000088700000|100%|HC|  |TAMS 0x0000000088600000, 0x0000000088600000| Complete 
| 135|0x0000000088700000, 0x0000000088800000, 0x0000000088800000|100%| O|  |TAMS 0x0000000088700000, 0x0000000088700000| Untracked 
| 136|0x0000000088800000, 0x0000000088900000, 0x0000000088900000|100%| O|  |TAMS 0x0000000088800000, 0x0000000088800000| Untracked 
| 137|0x0000000088900000, 0x0000000088a00000, 0x0000000088a00000|100%| O|  |TAMS 0x0000000088900000, 0x0000000088900000| Untracked 
| 138|0x0000000088a00000, 0x0000000088b00000, 0x0000000088b00000|100%| O|  |TAMS 0x0000000088a00000, 0x0000000088a00000| Untracked 
| 139|0x0000000088b00000, 0x0000000088c00000, 0x0000000088c00000|100%| O|  |TAMS 0x0000000088b00000, 0x0000000088b00000| Untracked 
| 140|0x0000000088c00000, 0x0000000088d00000, 0x0000000088d00000|100%| O|  |TAMS 0x0000000088c00000, 0x0000000088c00000| Untracked 
| 141|0x0000000088d00000, 0x0000000088e00000, 0x0000000088e00000|100%| O|  |TAMS 0x0000000088d00000, 0x0000000088d00000| Untracked 
| 142|0x0000000088e00000, 0x0000000088f00000, 0x0000000088f00000|100%| O|  |TAMS 0x0000000088e00000, 0x0000000088e00000| Untracked 
| 143|0x0000000088f00000, 0x0000000089000000, 0x0000000089000000|100%| O|  |TAMS 0x0000000088f00000, 0x0000000088f00000| Untracked 
| 144|0x0000000089000000, 0x0000000089100000, 0x0000000089100000|100%| O|  |TAMS 0x0000000089000000, 0x0000000089000000| Untracked 
| 145|0x0000000089100000, 0x0000000089200000, 0x0000000089200000|100%| O|  |TAMS 0x0000000089100000, 0x0000000089100000| Untracked 
| 146|0x0000000089200000, 0x0000000089300000, 0x0000000089300000|100%| O|  |TAMS 0x0000000089200000, 0x0000000089200000| Untracked 
| 147|0x0000000089300000, 0x0000000089400000, 0x0000000089400000|100%| O|  |TAMS 0x0000000089300000, 0x0000000089300000| Untracked 
| 148|0x0000000089400000, 0x00000000894b4a00, 0x0000000089500000| 70%| O|  |TAMS 0x0000000089400000, 0x0000000089400000| Untracked 
| 149|0x0000000089500000, 0x0000000089500000, 0x0000000089600000|  0%| F|  |TAMS 0x0000000089500000, 0x0000000089500000| Untracked 
| 150|0x0000000089600000, 0x0000000089600000, 0x0000000089700000|  0%| F|  |TAMS 0x0000000089600000, 0x0000000089600000| Untracked 
| 151|0x0000000089700000, 0x0000000089700000, 0x0000000089800000|  0%| F|  |TAMS 0x0000000089700000, 0x0000000089700000| Untracked 
| 152|0x0000000089800000, 0x0000000089800000, 0x0000000089900000|  0%| F|  |TAMS 0x0000000089800000, 0x0000000089800000| Untracked 
| 153|0x0000000089900000, 0x0000000089900000, 0x0000000089a00000|  0%| F|  |TAMS 0x0000000089900000, 0x0000000089900000| Untracked 
| 154|0x0000000089a00000, 0x0000000089a00000, 0x0000000089b00000|  0%| F|  |TAMS 0x0000000089a00000, 0x0000000089a00000| Untracked 
| 155|0x0000000089b00000, 0x0000000089b00000, 0x0000000089c00000|  0%| F|  |TAMS 0x0000000089b00000, 0x0000000089b00000| Untracked 
| 156|0x0000000089c00000, 0x0000000089c00000, 0x0000000089d00000|  0%| F|  |TAMS 0x0000000089c00000, 0x0000000089c00000| Untracked 
| 157|0x0000000089d00000, 0x0000000089d00000, 0x0000000089e00000|  0%| F|  |TAMS 0x0000000089d00000, 0x0000000089d00000| Untracked 
| 158|0x0000000089e00000, 0x0000000089e00000, 0x0000000089f00000|  0%| F|  |TAMS 0x0000000089e00000, 0x0000000089e00000| Untracked 
| 159|0x0000000089f00000, 0x0000000089f00000, 0x000000008a000000|  0%| F|  |TAMS 0x0000000089f00000, 0x0000000089f00000| Untracked 
| 160|0x000000008a000000, 0x000000008a000000, 0x000000008a100000|  0%| F|  |TAMS 0x000000008a000000, 0x000000008a000000| Untracked 
| 161|0x000000008a100000, 0x000000008a100000, 0x000000008a200000|  0%| F|  |TAMS 0x000000008a100000, 0x000000008a100000| Untracked 
| 162|0x000000008a200000, 0x000000008a200000, 0x000000008a300000|  0%| F|  |TAMS 0x000000008a200000, 0x000000008a200000| Untracked 
| 163|0x000000008a300000, 0x000000008a300000, 0x000000008a400000|  0%| F|  |TAMS 0x000000008a300000, 0x000000008a300000| Untracked 
| 164|0x000000008a400000, 0x000000008a400000, 0x000000008a500000|  0%| F|  |TAMS 0x000000008a400000, 0x000000008a400000| Untracked 
| 165|0x000000008a500000, 0x000000008a500000, 0x000000008a600000|  0%| F|  |TAMS 0x000000008a500000, 0x000000008a500000| Untracked 
| 166|0x000000008a600000, 0x000000008a600000, 0x000000008a700000|  0%| F|  |TAMS 0x000000008a600000, 0x000000008a600000| Untracked 
| 167|0x000000008a700000, 0x000000008a700000, 0x000000008a800000|  0%| F|  |TAMS 0x000000008a700000, 0x000000008a700000| Untracked 
| 168|0x000000008a800000, 0x000000008a800000, 0x000000008a900000|  0%| F|  |TAMS 0x000000008a800000, 0x000000008a800000| Untracked 
| 169|0x000000008a900000, 0x000000008a900000, 0x000000008aa00000|  0%| F|  |TAMS 0x000000008a900000, 0x000000008a900000| Untracked 
| 170|0x000000008aa00000, 0x000000008aa00000, 0x000000008ab00000|  0%| F|  |TAMS 0x000000008aa00000, 0x000000008aa00000| Untracked 
| 171|0x000000008ab00000, 0x000000008ab00000, 0x000000008ac00000|  0%| F|  |TAMS 0x000000008ab00000, 0x000000008ab00000| Untracked 
| 172|0x000000008ac00000, 0x000000008ac00000, 0x000000008ad00000|  0%| F|  |TAMS 0x000000008ac00000, 0x000000008ac00000| Untracked 
| 173|0x000000008ad00000, 0x000000008ad00000, 0x000000008ae00000|  0%| F|  |TAMS 0x000000008ad00000, 0x000000008ad00000| Untracked 
| 174|0x000000008ae00000, 0x000000008ae00000, 0x000000008af00000|  0%| F|  |TAMS 0x000000008ae00000, 0x000000008ae00000| Untracked 
| 175|0x000000008af00000, 0x000000008b000000, 0x000000008b000000|100%| S|CS|TAMS 0x000000008af00000, 0x000000008af00000| Complete 
| 176|0x000000008b000000, 0x000000008b100000, 0x000000008b100000|100%| S|CS|TAMS 0x000000008b000000, 0x000000008b000000| Complete 
| 177|0x000000008b100000, 0x000000008b200000, 0x000000008b200000|100%| S|CS|TAMS 0x000000008b100000, 0x000000008b100000| Complete 
| 178|0x000000008b200000, 0x000000008b200000, 0x000000008b300000|  0%| F|  |TAMS 0x000000008b200000, 0x000000008b200000| Untracked 
| 179|0x000000008b300000, 0x000000008b300000, 0x000000008b400000|  0%| F|  |TAMS 0x000000008b300000, 0x000000008b300000| Untracked 
| 180|0x000000008b400000, 0x000000008b400000, 0x000000008b500000|  0%| F|  |TAMS 0x000000008b400000, 0x000000008b400000| Untracked 
| 181|0x000000008b500000, 0x000000008b600000, 0x000000008b600000|100%| S|CS|TAMS 0x000000008b500000, 0x000000008b500000| Complete 
| 182|0x000000008b600000, 0x000000008b700000, 0x000000008b700000|100%| S|CS|TAMS 0x000000008b600000, 0x000000008b600000| Complete 
| 183|0x000000008b700000, 0x000000008b700000, 0x000000008b800000|  0%| F|  |TAMS 0x000000008b700000, 0x000000008b700000| Untracked 
| 184|0x000000008b800000, 0x000000008b800000, 0x000000008b900000|  0%| F|  |TAMS 0x000000008b800000, 0x000000008b800000| Untracked 
| 185|0x000000008b900000, 0x000000008b900000, 0x000000008ba00000|  0%| F|  |TAMS 0x000000008b900000, 0x000000008b900000| Untracked 
| 186|0x000000008ba00000, 0x000000008ba00000, 0x000000008bb00000|  0%| F|  |TAMS 0x000000008ba00000, 0x000000008ba00000| Untracked 
| 187|0x000000008bb00000, 0x000000008bb00000, 0x000000008bc00000|  0%| F|  |TAMS 0x000000008bb00000, 0x000000008bb00000| Untracked 
| 188|0x000000008bc00000, 0x000000008bc00000, 0x000000008bd00000|  0%| F|  |TAMS 0x000000008bc00000, 0x000000008bc00000| Untracked 
| 189|0x000000008bd00000, 0x000000008bd00000, 0x000000008be00000|  0%| F|  |TAMS 0x000000008bd00000, 0x000000008bd00000| Untracked 
| 190|0x000000008be00000, 0x000000008be00000, 0x000000008bf00000|  0%| F|  |TAMS 0x000000008be00000, 0x000000008be00000| Untracked 
| 191|0x000000008bf00000, 0x000000008bf00000, 0x000000008c000000|  0%| F|  |TAMS 0x000000008bf00000, 0x000000008bf00000| Untracked 
| 192|0x000000008c000000, 0x000000008c000000, 0x000000008c100000|  0%| F|  |TAMS 0x000000008c000000, 0x000000008c000000| Untracked 
| 193|0x000000008c100000, 0x000000008c100000, 0x000000008c200000|  0%| F|  |TAMS 0x000000008c100000, 0x000000008c100000| Untracked 
| 194|0x000000008c200000, 0x000000008c200000, 0x000000008c300000|  0%| F|  |TAMS 0x000000008c200000, 0x000000008c200000| Untracked 
| 195|0x000000008c300000, 0x000000008c300000, 0x000000008c400000|  0%| F|  |TAMS 0x000000008c300000, 0x000000008c300000| Untracked 
| 196|0x000000008c400000, 0x000000008c400000, 0x000000008c500000|  0%| F|  |TAMS 0x000000008c400000, 0x000000008c400000| Untracked 
| 197|0x000000008c500000, 0x000000008c500000, 0x000000008c600000|  0%| F|  |TAMS 0x000000008c500000, 0x000000008c500000| Untracked 
| 198|0x000000008c600000, 0x000000008c600000, 0x000000008c700000|  0%| F|  |TAMS 0x000000008c600000, 0x000000008c600000| Untracked 
| 199|0x000000008c700000, 0x000000008c700000, 0x000000008c800000|  0%| F|  |TAMS 0x000000008c700000, 0x000000008c700000| Untracked 
| 200|0x000000008c800000, 0x000000008c800000, 0x000000008c900000|  0%| F|  |TAMS 0x000000008c800000, 0x000000008c800000| Untracked 
| 201|0x000000008c900000, 0x000000008c900000, 0x000000008ca00000|  0%| F|  |TAMS 0x000000008c900000, 0x000000008c900000| Untracked 
| 202|0x000000008ca00000, 0x000000008ca54ab0, 0x000000008cb00000| 33%| E|  |TAMS 0x000000008ca00000, 0x000000008ca00000| Complete 
| 203|0x000000008cb00000, 0x000000008cc00000, 0x000000008cc00000|100%| E|CS|TAMS 0x000000008cb00000, 0x000000008cb00000| Complete 
| 204|0x000000008cc00000, 0x000000008cd00000, 0x000000008cd00000|100%| E|CS|TAMS 0x000000008cc00000, 0x000000008cc00000| Complete 
| 205|0x000000008cd00000, 0x000000008ce00000, 0x000000008ce00000|100%| E|CS|TAMS 0x000000008cd00000, 0x000000008cd00000| Complete 
| 206|0x000000008ce00000, 0x000000008cf00000, 0x000000008cf00000|100%| E|CS|TAMS 0x000000008ce00000, 0x000000008ce00000| Complete 
| 207|0x000000008cf00000, 0x000000008d000000, 0x000000008d000000|100%| E|CS|TAMS 0x000000008cf00000, 0x000000008cf00000| Complete 
| 208|0x000000008d000000, 0x000000008d100000, 0x000000008d100000|100%| E|CS|TAMS 0x000000008d000000, 0x000000008d000000| Complete 
| 209|0x000000008d100000, 0x000000008d200000, 0x000000008d200000|100%| E|CS|TAMS 0x000000008d100000, 0x000000008d100000| Complete 
| 210|0x000000008d200000, 0x000000008d300000, 0x000000008d300000|100%| E|CS|TAMS 0x000000008d200000, 0x000000008d200000| Complete 
| 211|0x000000008d300000, 0x000000008d400000, 0x000000008d400000|100%| E|CS|TAMS 0x000000008d300000, 0x000000008d300000| Complete 
| 212|0x000000008d400000, 0x000000008d500000, 0x000000008d500000|100%| E|CS|TAMS 0x000000008d400000, 0x000000008d400000| Complete 
| 213|0x000000008d500000, 0x000000008d600000, 0x000000008d600000|100%| E|CS|TAMS 0x000000008d500000, 0x000000008d500000| Complete 
| 214|0x000000008d600000, 0x000000008d700000, 0x000000008d700000|100%| E|CS|TAMS 0x000000008d600000, 0x000000008d600000| Complete 
| 215|0x000000008d700000, 0x000000008d800000, 0x000000008d800000|100%| E|CS|TAMS 0x000000008d700000, 0x000000008d700000| Complete 
|2043|0x00000000ffb00000, 0x00000000ffc00000, 0x00000000ffc00000|100%| O|  |TAMS 0x00000000ffb00000, 0x00000000ffb00000| Untracked 
|2044|0x00000000ffc00000, 0x00000000ffd00000, 0x00000000ffd00000|100%| O|  |TAMS 0x00000000ffc00000, 0x00000000ffc00000| Untracked 
|2045|0x00000000ffd00000, 0x00000000ffe00000, 0x00000000ffe00000|100%| O|  |TAMS 0x00000000ffd00000, 0x00000000ffd00000| Untracked 
|2046|0x00000000ffe00000, 0x00000000fff00000, 0x00000000fff00000|100%| O|  |TAMS 0x00000000ffe00000, 0x00000000ffe00000| Untracked 
|2047|0x00000000fff00000, 0x0000000100000000, 0x0000000100000000|100%| O|  |TAMS 0x00000000fff00000, 0x00000000fff00000| Untracked 

Card table byte_map: [0x0000021c46200000,0x0000021c46600000] _byte_map_base: 0x0000021c45e00000

Marking Bits (Prev, Next): (CMBitMap*) 0x0000021c2efd9430, (CMBitMap*) 0x0000021c2efd9470
 Prev Bits: [0x0000021c46a00000, 0x0000021c48a00000)
 Next Bits: [0x0000021c48a00000, 0x0000021c4aa00000)

Polling page: 0x0000021c2cd30000

Metaspace:

Usage:
  Non-class:     90.80 MB used.
      Class:     13.92 MB used.
       Both:    104.71 MB used.

Virtual space:
  Non-class space:      128.00 MB reserved,      91.31 MB ( 71%) committed,  2 nodes.
      Class space:        1.00 GB reserved,      14.44 MB (  1%) committed,  1 nodes.
             Both:        1.12 GB reserved,     105.75 MB (  9%) committed. 

Chunk freelists:
   Non-Class:  3.89 MB
       Class:  1.39 MB
        Both:  5.28 MB

MaxMetaspaceSize: unlimited
CompressedClassSpaceSize: 1.00 GB
Initial GC threshold: 21.00 MB
Current GC threshold: 147.12 MB
CDS: on
MetaspaceReclaimPolicy: balanced
 - commit_granule_bytes: 65536.
 - commit_granule_words: 8192.
 - virtual_space_node_default_size: 8388608.
 - enlarge_chunks_in_place: 1.
 - new_chunks_are_fully_committed: 0.
 - uncommit_free_chunks: 1.
 - use_allocation_guard: 0.
 - handle_deallocations: 1.


Internal statistics:

num_allocs_failed_limit: 9.
num_arena_births: 1476.
num_arena_deaths: 0.
num_vsnodes_births: 3.
num_vsnodes_deaths: 0.
num_space_committed: 1690.
num_space_uncommitted: 0.
num_chunks_returned_to_freelist: 9.
num_chunks_taken_from_freelist: 6191.
num_chunk_merges: 9.
num_chunk_splits: 3993.
num_chunks_enlarged: 2530.
num_inconsistent_stats: 0.

CodeHeap 'non-profiled nmethods': size=120000Kb used=7791Kb max_used=7791Kb free=112208Kb
 bounds [0x0000021c3e5a0000, 0x0000021c3ed40000, 0x0000021c45ad0000]
CodeHeap 'profiled nmethods': size=120000Kb used=22271Kb max_used=22271Kb free=97728Kb
 bounds [0x0000021c36ad0000, 0x0000021c38090000, 0x0000021c3e000000]
CodeHeap 'non-nmethods': size=5760Kb used=2475Kb max_used=2543Kb free=3284Kb
 bounds [0x0000021c3e000000, 0x0000021c3e290000, 0x0000021c3e5a0000]
 total_blobs=12488 nmethods=11491 adapters=908
 compilation: enabled
              stopped_count=0, restarted_count=0
 full_count=0

Compilation events (20 events):
Event: 118.715 Thread 0x0000021c95c417e0 13033       4       sun.security.provider.MD5::clone (24 bytes)
Event: 118.716 Thread 0x0000021c4d4b0160 nmethod 13030 0x0000021c3ed33c10 code [0x0000021c3ed33dc0, 0x0000021c3ed346e8]
Event: 118.716 Thread 0x0000021c4d4b0160 13034       4       java.math.BigInteger::longValue (32 bytes)
Event: 118.718 Thread 0x0000021c4d4b0160 nmethod 13034 0x0000021c3ed34a10 code [0x0000021c3ed34ba0, 0x0000021c3ed34dc8]
Event: 118.718 Thread 0x0000021c95c417e0 nmethod 13033 0x0000021c3ed34f90 code [0x0000021c3ed35140, 0x0000021c3ed35638]
Event: 118.719 Thread 0x0000021c95c417e0 13035   !   4       org.gradle.cache.internal.DefaultCacheCoordinator::getFileLock (98 bytes)
Event: 118.722 Thread 0x0000021c4d4b0160 13036       4       com.google.common.cache.LocalCache$Segment::loadSync (19 bytes)
Event: 118.727 Thread 0x0000021c95c417e0 nmethod 13035 0x0000021c3ed35810 code [0x0000021c3ed359e0, 0x0000021c3ed36038]
Event: 118.728 Thread 0x0000021c95c417e0 13037   !   4       com.google.common.cache.LocalCache$LoadingValueReference::loadFuture (123 bytes)
Event: 118.734 Thread 0x0000021c95c417e0 nmethod 13037 0x0000021c3ed36490 code [0x0000021c3ed36660, 0x0000021c3ed36bb8]
Event: 118.735 Thread 0x0000021c95c417e0 13038       4       org.gradle.internal.io.StreamByteBuffer$StreamByteBufferInputStream::read (8 bytes)
Event: 118.739 Thread 0x0000021c4d4b0160 nmethod 13036 0x0000021c3ed37090 code [0x0000021c3ed37320, 0x0000021c3ed380b0]
Event: 118.743 Thread 0x0000021c4d4b0160 13039       4       org.gradle.internal.io.StreamByteBuffer::prepareRead (102 bytes)
Event: 118.750 Thread 0x0000021c4d4b0160 nmethod 13039 0x0000021c3ed38e10 code [0x0000021c3ed38fa0, 0x0000021c3ed394f8]
Event: 118.750 Thread 0x0000021c4d4b0160 13040       4       org.gradle.cache.internal.filelock.DefaultLockStateSerializer$SequenceNumberLockState::isDirty (27 bytes)
Event: 118.751 Thread 0x0000021c4d4b0160 nmethod 13040 0x0000021c3ed39690 code [0x0000021c3ed39820, 0x0000021c3ed398f8]
Event: 118.756 Thread 0x0000021c4d4b0160 13041   !   4       org.gradle.cache.internal.DefaultMultiProcessSafeIndexedCache::getIfPresent (25 bytes)
Event: 118.764 Thread 0x0000021c95c417e0 nmethod 13038 0x0000021c3ed39990 code [0x0000021c3ed39b40, 0x0000021c3ed3ab58]
Event: 118.764 Thread 0x0000021c95c417e0 13042       4       org.gradle.cache.internal.btree.BTreePersistentIndexedCache$DataBlock::getValue (47 bytes)
Event: 118.773 Thread 0x0000021c95c417e0 nmethod 13042 0x0000021c3ed3b110 code [0x0000021c3ed3b2c0, 0x0000021c3ed3bb78]

GC Heap History (20 events):
Event: 113.216 GC heap before
{Heap before GC invocations=32 (full 0):
 garbage-first heap   total 188416K, used 160730K [0x0000000080000000, 0x0000000100000000)
  region size 1024K, 16 young (16384K), 1 survivors (1024K)
 Metaspace       used 91592K, committed 92544K, reserved 1179648K
  class space    used 12249K, committed 12672K, reserved 1048576K
}
Event: 113.220 GC heap after
{Heap after GC invocations=33 (full 0):
 garbage-first heap   total 188416K, used 147649K [0x0000000080000000, 0x0000000100000000)
  region size 1024K, 2 young (2048K), 2 survivors (2048K)
 Metaspace       used 91592K, committed 92544K, reserved 1179648K
  class space    used 12249K, committed 12672K, reserved 1048576K
}
Event: 113.605 GC heap before
{Heap before GC invocations=33 (full 0):
 garbage-first heap   total 188416K, used 160961K [0x0000000080000000, 0x0000000100000000)
  region size 1024K, 16 young (16384K), 2 survivors (2048K)
 Metaspace       used 91916K, committed 92864K, reserved 1179648K
  class space    used 12291K, committed 12736K, reserved 1048576K
}
Event: 113.609 GC heap after
{Heap after GC invocations=34 (full 0):
 garbage-first heap   total 188416K, used 149403K [0x0000000080000000, 0x0000000100000000)
  region size 1024K, 2 young (2048K), 2 survivors (2048K)
 Metaspace       used 91916K, committed 92864K, reserved 1179648K
  class space    used 12291K, committed 12736K, reserved 1048576K
}
Event: 113.884 GC heap before
{Heap before GC invocations=34 (full 0):
 garbage-first heap   total 188416K, used 162715K [0x0000000080000000, 0x0000000100000000)
  region size 1024K, 14 young (14336K), 2 survivors (2048K)
 Metaspace       used 93194K, committed 94208K, reserved 1179648K
  class space    used 12456K, committed 12928K, reserved 1048576K
}
Event: 113.887 GC heap after
{Heap after GC invocations=35 (full 0):
 garbage-first heap   total 188416K, used 153071K [0x0000000080000000, 0x0000000100000000)
  region size 1024K, 2 young (2048K), 2 survivors (2048K)
 Metaspace       used 93194K, committed 94208K, reserved 1179648K
  class space    used 12456K, committed 12928K, reserved 1048576K
}
Event: 114.019 GC heap before
{Heap before GC invocations=35 (full 0):
 garbage-first heap   total 188416K, used 162287K [0x0000000080000000, 0x0000000100000000)
  region size 1024K, 12 young (12288K), 2 survivors (2048K)
 Metaspace       used 94656K, committed 95616K, reserved 1179648K
  class space    used 12615K, committed 13056K, reserved 1048576K
}
Event: 114.022 GC heap after
{Heap after GC invocations=36 (full 0):
 garbage-first heap   total 188416K, used 153453K [0x0000000080000000, 0x0000000100000000)
  region size 1024K, 1 young (1024K), 1 survivors (1024K)
 Metaspace       used 94656K, committed 95616K, reserved 1179648K
  class space    used 12615K, committed 13056K, reserved 1048576K
}
Event: 114.216 GC heap before
{Heap before GC invocations=36 (full 0):
 garbage-first heap   total 188416K, used 164717K [0x0000000080000000, 0x0000000100000000)
  region size 1024K, 11 young (11264K), 1 survivors (1024K)
 Metaspace       used 96563K, committed 97600K, reserved 1179648K
  class space    used 12803K, committed 13312K, reserved 1048576K
}
Event: 114.219 GC heap after
{Heap after GC invocations=37 (full 0):
 garbage-first heap   total 188416K, used 153803K [0x0000000080000000, 0x0000000100000000)
  region size 1024K, 1 young (1024K), 1 survivors (1024K)
 Metaspace       used 96563K, committed 97600K, reserved 1179648K
  class space    used 12803K, committed 13312K, reserved 1048576K
}
Event: 114.447 GC heap before
{Heap before GC invocations=37 (full 0):
 garbage-first heap   total 188416K, used 163019K [0x0000000080000000, 0x0000000100000000)
  region size 1024K, 11 young (11264K), 1 survivors (1024K)
 Metaspace       used 98003K, committed 99008K, reserved 1179648K
  class space    used 12994K, committed 13440K, reserved 1048576K
}
Event: 114.449 GC heap after
{Heap after GC invocations=38 (full 0):
 garbage-first heap   total 226304K, used 154085K [0x0000000080000000, 0x0000000100000000)
  region size 1024K, 2 young (2048K), 2 survivors (2048K)
 Metaspace       used 98003K, committed 99008K, reserved 1179648K
  class space    used 12994K, committed 13440K, reserved 1048576K
}
Event: 115.475 GC heap before
{Heap before GC invocations=38 (full 0):
 garbage-first heap   total 226304K, used 189925K [0x0000000080000000, 0x0000000100000000)
  region size 1024K, 37 young (37888K), 2 survivors (2048K)
 Metaspace       used 100422K, committed 101504K, reserved 1179648K
  class space    used 13426K, committed 13952K, reserved 1048576K
}
Event: 115.481 GC heap after
{Heap after GC invocations=39 (full 0):
 garbage-first heap   total 226304K, used 155394K [0x0000000080000000, 0x0000000100000000)
  region size 1024K, 3 young (3072K), 3 survivors (3072K)
 Metaspace       used 100422K, committed 101504K, reserved 1179648K
  class space    used 13426K, committed 13952K, reserved 1048576K
}
Event: 116.264 GC heap before
{Heap before GC invocations=39 (full 0):
 garbage-first heap   total 226304K, used 191234K [0x0000000080000000, 0x0000000100000000)
  region size 1024K, 38 young (38912K), 3 survivors (3072K)
 Metaspace       used 103712K, committed 104768K, reserved 1179648K
  class space    used 13856K, committed 14336K, reserved 1048576K
}
Event: 116.270 GC heap after
{Heap after GC invocations=40 (full 0):
 garbage-first heap   total 226304K, used 157164K [0x0000000080000000, 0x0000000100000000)
  region size 1024K, 5 young (5120K), 5 survivors (5120K)
 Metaspace       used 103712K, committed 104768K, reserved 1179648K
  class space    used 13856K, committed 14336K, reserved 1048576K
}
Event: 117.984 GC heap before
{Heap before GC invocations=40 (full 0):
 garbage-first heap   total 226304K, used 193004K [0x0000000080000000, 0x0000000100000000)
  region size 1024K, 40 young (40960K), 5 survivors (5120K)
 Metaspace       used 107061K, committed 108160K, reserved 1179648K
  class space    used 14237K, committed 14784K, reserved 1048576K
}
Event: 117.993 GC heap after
{Heap after GC invocations=41 (full 0):
 garbage-first heap   total 226304K, used 159780K [0x0000000080000000, 0x0000000100000000)
  region size 1024K, 5 young (5120K), 5 survivors (5120K)
 Metaspace       used 107061K, committed 108160K, reserved 1179648K
  class space    used 14237K, committed 14784K, reserved 1048576K
}
Event: 118.689 GC heap before
{Heap before GC invocations=41 (full 0):
 garbage-first heap   total 226304K, used 193572K [0x0000000080000000, 0x0000000100000000)
  region size 1024K, 38 young (38912K), 5 survivors (5120K)
 Metaspace       used 107226K, committed 108288K, reserved 1179648K
  class space    used 14249K, committed 14784K, reserved 1048576K
}
Event: 118.696 GC heap after
{Heap after GC invocations=42 (full 0):
 garbage-first heap   total 226304K, used 162514K [0x0000000080000000, 0x0000000100000000)
  region size 1024K, 5 young (5120K), 5 survivors (5120K)
 Metaspace       used 107226K, committed 108288K, reserved 1179648K
  class space    used 14249K, committed 14784K, reserved 1048576K
}

Dll operation events (15 events):
Event: 0.074 Loaded shared library C:\Users\17822\.jdks\ms-17.0.16\bin\java.dll
Event: 0.095 Loaded shared library C:\Users\17822\.jdks\ms-17.0.16\bin\jsvml.dll
Event: 0.148 Loaded shared library C:\Users\17822\.jdks\ms-17.0.16\bin\zip.dll
Event: 0.152 Loaded shared library C:\Users\17822\.jdks\ms-17.0.16\bin\instrument.dll
Event: 0.158 Loaded shared library C:\Users\17822\.jdks\ms-17.0.16\bin\net.dll
Event: 0.161 Loaded shared library C:\Users\17822\.jdks\ms-17.0.16\bin\nio.dll
Event: 0.215 Loaded shared library C:\Users\17822\.jdks\ms-17.0.16\bin\zip.dll
Event: 9.509 Loaded shared library C:\Users\17822\.jdks\ms-17.0.16\bin\jimage.dll
Event: 15.314 Loaded shared library C:\Users\17822\.jdks\ms-17.0.16\bin\verify.dll
Event: 15.572 Loaded shared library C:\Users\17822\.gradle\native\1def1411415f61bf3af743bc5b6707747c0891f09f0c88961ee8f79bc544acac\windows-amd64\native-platform.dll
Event: 15.653 Loaded shared library C:\Users\17822\.gradle\native\0.2.7\x86_64-windows-gnu\gradle-fileevents.dll
Event: 27.655 Loaded shared library C:\Users\17822\.jdks\ms-17.0.16\bin\management.dll
Event: 27.658 Loaded shared library C:\Users\17822\.jdks\ms-17.0.16\bin\management_ext.dll
Event: 28.010 Loaded shared library C:\Users\17822\.jdks\ms-17.0.16\bin\extnet.dll
Event: 28.327 Loaded shared library C:\Users\17822\.jdks\ms-17.0.16\bin\sunmscapi.dll

Deoptimization events (20 events):
Event: 118.350 Thread 0x0000021c939205c0 Uncommon trap: trap_request=0xffffff45 fr.pc=0x0000021c3e928e10 relative=0x0000000000000070
Event: 118.350 Thread 0x0000021c939205c0 Uncommon trap: reason=unstable_if action=reinterpret pc=0x0000021c3e928e10 method=com.google.common.cache.LocalCache.isExpired(Lcom/google/common/cache/ReferenceEntry;J)Z @ 9 c2
Event: 118.350 Thread 0x0000021c939205c0 DEOPT PACKING pc=0x0000021c3e928e10 sp=0x000000b98daf6460
Event: 118.350 Thread 0x0000021c939205c0 DEOPT UNPACKING pc=0x0000021c3e05a1a3 sp=0x000000b98daf63f0 mode 2
Event: 118.445 Thread 0x0000021c939205c0 Uncommon trap: trap_request=0xffffffc6 fr.pc=0x0000021c3e921118 relative=0x00000000000002b8
Event: 118.445 Thread 0x0000021c939205c0 Uncommon trap: reason=bimorphic_or_optimized_type_check action=maybe_recompile pc=0x0000021c3e921118 method=com.google.common.collect.ImmutableList.copyOf(Ljava/util/Collection;)Lcom/google/common/collect/ImmutableList; @ 16 c2
Event: 118.445 Thread 0x0000021c939205c0 DEOPT PACKING pc=0x0000021c3e921118 sp=0x000000b98daf8040
Event: 118.445 Thread 0x0000021c939205c0 DEOPT UNPACKING pc=0x0000021c3e05a1a3 sp=0x000000b98daf8008 mode 2
Event: 118.486 Thread 0x0000021c9b9938c0 Uncommon trap: trap_request=0xffffff45 fr.pc=0x0000021c3e6c2dec relative=0x000000000000052c
Event: 118.486 Thread 0x0000021c9b9938c0 Uncommon trap: reason=unstable_if action=reinterpret pc=0x0000021c3e6c2dec method=java.lang.StringLatin1.compareToCI([B[B)I @ 68 c2
Event: 118.486 Thread 0x0000021c9b9938c0 DEOPT PACKING pc=0x0000021c3e6c2dec sp=0x000000b9928fc920
Event: 118.486 Thread 0x0000021c9b9938c0 DEOPT UNPACKING pc=0x0000021c3e05a1a3 sp=0x000000b9928fc810 mode 2
Event: 118.517 Thread 0x0000021c9b991a60 Uncommon trap: trap_request=0xffffff45 fr.pc=0x0000021c3e5de830 relative=0x0000000000000290
Event: 118.517 Thread 0x0000021c9b991a60 Uncommon trap: reason=unstable_if action=reinterpret pc=0x0000021c3e5de830 method=java.lang.StringLatin1.compareToCI([B[B)I @ 31 c2
Event: 118.517 Thread 0x0000021c9b991a60 DEOPT PACKING pc=0x0000021c3e5de830 sp=0x000000b9926fc1e0
Event: 118.517 Thread 0x0000021c9b991a60 DEOPT UNPACKING pc=0x0000021c3e05a1a3 sp=0x000000b9926fc188 mode 2
Event: 118.567 Thread 0x0000021c939205c0 Uncommon trap: trap_request=0xffffff45 fr.pc=0x0000021c3e922384 relative=0x0000000000000164
Event: 118.567 Thread 0x0000021c939205c0 Uncommon trap: reason=unstable_if action=reinterpret pc=0x0000021c3e922384 method=java.util.concurrent.locks.ReentrantLock$Sync.tryLock()Z @ 34 c2
Event: 118.567 Thread 0x0000021c939205c0 DEOPT PACKING pc=0x0000021c3e922384 sp=0x000000b98daf6fc0
Event: 118.567 Thread 0x0000021c939205c0 DEOPT UNPACKING pc=0x0000021c3e05a1a3 sp=0x000000b98daf6f70 mode 2

Classes loaded (20 events):
Event: 116.446 Loading class com/sun/org/apache/xerces/internal/util/NamespaceSupport$Prefixes
Event: 116.446 Loading class com/sun/org/apache/xerces/internal/util/NamespaceSupport$Prefixes done
Event: 116.446 Loading class com/sun/xml/internal/stream/events/CharacterEvent
Event: 116.447 Loading class javax/xml/stream/events/Characters
Event: 116.447 Loading class javax/xml/stream/events/Characters done
Event: 116.447 Loading class com/sun/xml/internal/stream/events/CharacterEvent done
Event: 116.447 Loading class com/sun/xml/internal/stream/events/EndElementEvent
Event: 116.448 Loading class javax/xml/stream/events/EndElement
Event: 116.448 Loading class javax/xml/stream/events/EndElement done
Event: 116.448 Loading class com/sun/xml/internal/stream/events/EndElementEvent done
Event: 116.448 Loading class com/sun/xml/internal/stream/events/CommentEvent
Event: 116.448 Loading class javax/xml/stream/events/Comment
Event: 116.448 Loading class javax/xml/stream/events/Comment done
Event: 116.448 Loading class com/sun/xml/internal/stream/events/CommentEvent done
Event: 116.796 Loading class java/util/regex/Pattern$Pos
Event: 116.796 Loading class java/util/regex/Pattern$Pos done
Event: 117.019 Loading class java/io/SequenceInputStream
Event: 117.019 Loading class java/io/SequenceInputStream done
Event: 117.028 Loading class java/util/function/IntUnaryOperator
Event: 117.028 Loading class java/util/function/IntUnaryOperator done

Classes unloaded (0 events):
No events

Classes redefined (0 events):
No events

Internal exceptions (20 events):
Event: 113.890 Thread 0x0000021c9857aa50 Exception <a 'java/lang/NoSuchMethodError'{0x000000008bb44060}: static Lorg/gradle/tooling/internal/provider/serialization/SerializedPayload;.<clinit>()V> (0x000000008bb44060) 
thrown [s\src\hotspot\share\prims\jni.cpp, line 1112]
Event: 113.890 Thread 0x0000021c9857aa50 Exception <a 'java/lang/NoSuchMethodError'{0x000000008bb76e40}: static [B.<clinit>()V> (0x000000008bb76e40) 
thrown [s\src\hotspot\share\prims\jni.cpp, line 1112]
Event: 113.893 Thread 0x0000021c939205c0 Implicit null exception at 0x0000021c3e7d13eb to 0x0000021c3e7d1410
Event: 113.998 Thread 0x0000021c95a459c0 Exception <a 'java/lang/NoSuchMethodError'{0x000000008abbf1a8}: 'void java.lang.invoke.DirectMethodHandle$Holder.invokeStaticInit(java.lang.Object)'> (0x000000008abbf1a8) 
thrown [s\src\hotspot\share\interpreter\linkResolver.cpp, line 759]
Event: 113.999 Thread 0x0000021c95a459c0 Exception <a 'java/lang/NoSuchMethodError'{0x000000008aa02c30}: 'void java.lang.invoke.DirectMethodHandle$Holder.invokeStatic(java.lang.Object, int)'> (0x000000008aa02c30) 
thrown [s\src\hotspot\share\interpreter\linkResolver.cpp, line 759]
Event: 114.000 Thread 0x0000021c95a459c0 Exception <a 'java/lang/NoSuchMethodError'{0x000000008aa06548}: 'void java.lang.invoke.DirectMethodHandle$Holder.invokeStaticInit(java.lang.Object, int)'> (0x000000008aa06548) 
thrown [s\src\hotspot\share\interpreter\linkResolver.cpp, line 759]
Event: 114.120 Thread 0x0000021c95a459c0 Exception <a 'java/lang/NoSuchMethodError'{0x000000008adfb678}: static Lorg/jetbrains/plugins/gradle/tooling/serialization/internal/adapter/kotlin/dsl/InternalKotlinDslScriptsModel;.<clinit>()V> (0x000000008adfb678) 
thrown [s\src\hotspot\share\prims\jni.cpp, line 1112]
Event: 114.122 Thread 0x0000021c95a459c0 Exception <a 'java/lang/NoSuchMethodError'{0x000000008ac33eb8}: static Lcom/intellij/gradle/toolingExtension/impl/javaModel/manifestModel/DefaultJavaGradleManifestModel;.<clinit>()V> (0x000000008ac33eb8) 
thrown [s\src\hotspot\share\prims\jni.cpp, line 1112]
Event: 114.279 Thread 0x0000021c939205c0 Exception <a 'java/lang/NoSuchMethodError'{0x000000008af63548}: 'void java.lang.invoke.DirectMethodHandle$Holder.invokeStatic(java.lang.Object, int, java.lang.Object)'> (0x000000008af63548) 
thrown [s\src\hotspot\share\interpreter\linkResolver.cpp, line 759]
Event: 114.592 Thread 0x0000021c939205c0 Exception <a 'sun/nio/fs/WindowsException'{0x000000008d17d278}> (0x000000008d17d278) 
thrown [s\src\hotspot\share\prims\jni.cpp, line 516]
Event: 114.592 Thread 0x0000021c939205c0 Exception <a 'sun/nio/fs/WindowsException'{0x000000008d17e8b8}> (0x000000008d17e8b8) 
thrown [s\src\hotspot\share\prims\jni.cpp, line 516]
Event: 114.592 Thread 0x0000021c939205c0 Exception <a 'sun/nio/fs/WindowsException'{0x000000008d1801a0}> (0x000000008d1801a0) 
thrown [s\src\hotspot\share\prims\jni.cpp, line 516]
Event: 114.592 Thread 0x0000021c939205c0 Exception <a 'sun/nio/fs/WindowsException'{0x000000008d181830}> (0x000000008d181830) 
thrown [s\src\hotspot\share\prims\jni.cpp, line 516]
Event: 115.181 Thread 0x0000021c939205c0 Exception <a 'java/lang/NullPointerException'{0x000000008c41ff98}> (0x000000008c41ff98) 
thrown [s\src\hotspot\share\interpreter\linkResolver.cpp, line 1433]
Event: 115.363 Thread 0x0000021c939205c0 Implicit null exception at 0x0000021c3e70b94d to 0x0000021c3e70cf10
Event: 116.270 Thread 0x0000021c4ce2caa0 Implicit null exception at 0x0000021c3e65867d to 0x0000021c3e658cbc
Event: 116.818 Thread 0x0000021c939205c0 Exception <a 'java/lang/NoSuchMethodError'{0x000000008bb4d350}: 'java.lang.Object java.lang.invoke.DirectMethodHandle$Holder.invokeStatic(java.lang.Object, int, int, java.lang.Object, java.lang.Object, java.lang.Object)'> (0x000000008bb4d350) 
thrown [s\src\hotspot\share\interpreter\linkResolver.cpp, line 759]
Event: 116.819 Thread 0x0000021c939205c0 Exception <a 'java/lang/NoSuchMethodError'{0x000000008bb56978}: 'java.lang.Object java.lang.invoke.DirectMethodHandle$Holder.newInvokeSpecial(java.lang.Object, int, int, java.lang.Object, java.lang.Object)'> (0x000000008bb56978) 
thrown [s\src\hotspot\share\interpreter\linkResolver.cpp, line 759]
Event: 116.819 Thread 0x0000021c939205c0 Exception <a 'java/lang/NoSuchMethodError'{0x000000008bb5b228}: 'java.lang.Object java.lang.invoke.DirectMethodHandle$Holder.invokeSpecial(java.lang.Object, java.lang.Object, int, int, java.lang.Object, java.lang.Object)'> (0x000000008bb5b228) 
thrown [s\src\hotspot\share\interpreter\linkResolver.cpp, line 759]
Event: 117.029 Thread 0x0000021c939205c0 Exception <a 'java/lang/NoSuchMethodError'{0x000000008b825420}: 'int java.lang.invoke.DirectMethodHandle$Holder.invokeSpecial(java.lang.Object, java.lang.Object, int)'> (0x000000008b825420) 
thrown [s\src\hotspot\share\interpreter\linkResolver.cpp, line 759]

VM Operations (20 events):
Event: 116.264 Executing VM operation: G1CollectForAllocation
Event: 116.270 Executing VM operation: G1CollectForAllocation done
Event: 116.769 Executing VM operation: HandshakeAllThreads
Event: 116.770 Executing VM operation: HandshakeAllThreads done
Event: 116.784 Executing VM operation: HandshakeAllThreads
Event: 116.784 Executing VM operation: HandshakeAllThreads done
Event: 116.794 Executing VM operation: HandshakeAllThreads
Event: 116.794 Executing VM operation: HandshakeAllThreads done
Event: 116.800 Executing VM operation: HandshakeAllThreads
Event: 116.800 Executing VM operation: HandshakeAllThreads done
Event: 117.813 Executing VM operation: Cleanup
Event: 117.813 Executing VM operation: Cleanup done
Event: 117.984 Executing VM operation: G1CollectForAllocation
Event: 117.993 Executing VM operation: G1CollectForAllocation done
Event: 118.689 Executing VM operation: G1CollectForAllocation
Event: 118.696 Executing VM operation: G1CollectForAllocation done
Event: 120.386 Executing VM operation: HandshakeAllThreads
Event: 120.386 Executing VM operation: HandshakeAllThreads done
Event: 120.386 Executing VM operation: Cleanup
Event: 120.386 Executing VM operation: Cleanup done

Memory protections (0 events):
No events

Nmethod flushes (20 events):
Event: 55.094 Thread 0x0000021c4d4b4450 flushing  nmethod 0x0000021c3799e810
Event: 55.094 Thread 0x0000021c4d4b4450 flushing  nmethod 0x0000021c379a8090
Event: 55.094 Thread 0x0000021c4d4b4450 flushing  nmethod 0x0000021c379a9b10
Event: 55.094 Thread 0x0000021c4d4b4450 flushing  nmethod 0x0000021c379c9890
Event: 55.094 Thread 0x0000021c4d4b4450 flushing  nmethod 0x0000021c379d3710
Event: 55.094 Thread 0x0000021c4d4b4450 flushing  nmethod 0x0000021c379d3b10
Event: 55.094 Thread 0x0000021c4d4b4450 flushing  nmethod 0x0000021c379d7810
Event: 55.094 Thread 0x0000021c4d4b4450 flushing  nmethod 0x0000021c379e1c90
Event: 55.094 Thread 0x0000021c4d4b4450 flushing  nmethod 0x0000021c37a2bc90
Event: 55.094 Thread 0x0000021c4d4b4450 flushing  nmethod 0x0000021c37a72390
Event: 55.094 Thread 0x0000021c4d4b4450 flushing osr nmethod 0x0000021c37abce90
Event: 55.094 Thread 0x0000021c4d4b4450 flushing  nmethod 0x0000021c37abdd90
Event: 55.094 Thread 0x0000021c4d4b4450 flushing  nmethod 0x0000021c37b36e90
Event: 55.094 Thread 0x0000021c4d4b4450 flushing  nmethod 0x0000021c37b3b410
Event: 55.094 Thread 0x0000021c4d4b4450 flushing  nmethod 0x0000021c37b3cf90
Event: 55.094 Thread 0x0000021c4d4b4450 flushing  nmethod 0x0000021c37b3e910
Event: 55.094 Thread 0x0000021c4d4b4450 flushing  nmethod 0x0000021c37b42c10
Event: 55.094 Thread 0x0000021c4d4b4450 flushing  nmethod 0x0000021c37b5d810
Event: 55.094 Thread 0x0000021c4d4b4450 flushing  nmethod 0x0000021c37b61710
Event: 113.273 Thread 0x0000021c4d4b4450 flushing  nmethod 0x0000021c37470f90

Events (20 events):
Event: 113.899 Thread 0x0000021c95a3e040 Thread added: 0x0000021c95a44fa0
Event: 113.941 Thread 0x0000021c939205c0 Thread added: 0x0000021c95a459c0
Event: 114.194 Thread 0x0000021c4d4b1b30 Thread added: 0x0000021c95c417e0
Event: 114.689 Thread 0x0000021c95c417e0 Thread exited: 0x0000021c95c417e0
Event: 115.658 Thread 0x0000021c4d4b0160 Thread added: 0x0000021c95c417e0
Event: 115.661 Thread 0x0000021c95c417e0 Thread added: 0x0000021c95c427d0
Event: 116.028 Thread 0x0000021c939205c0 Thread added: 0x0000021c9391dd40
Event: 116.361 Thread 0x0000021c939205c0 Thread added: 0x0000021c9391e250
Event: 116.602 Thread 0x0000021c95c427d0 Thread exited: 0x0000021c95c427d0
Event: 116.927 Thread 0x0000021c98579100 Thread exited: 0x0000021c98579100
Event: 116.985 Thread 0x0000021c95c417e0 Thread exited: 0x0000021c95c417e0
Event: 117.331 Thread 0x0000021c98579b20 Thread exited: 0x0000021c98579b20
Event: 118.127 Thread 0x0000021c4d4b1b30 Thread added: 0x0000021c95c417e0
Event: 118.466 Thread 0x0000021c939205c0 Thread added: 0x0000021c9b992990
Event: 118.466 Thread 0x0000021c939205c0 Thread added: 0x0000021c9b9933b0
Event: 118.466 Thread 0x0000021c939205c0 Thread added: 0x0000021c9b9947f0
Event: 118.466 Thread 0x0000021c939205c0 Thread added: 0x0000021c9b991a60
Event: 118.466 Thread 0x0000021c939205c0 Thread added: 0x0000021c9b992ea0
Event: 118.467 Thread 0x0000021c939205c0 Thread added: 0x0000021c9b9938c0
Event: 118.467 Thread 0x0000021c939205c0 Thread added: 0x0000021c9b992480


Dynamic libraries:
0x00007ff726770000 - 0x00007ff72677e000 	C:\Users\17822\.jdks\ms-17.0.16\bin\java.exe
0x00007ffb49f00000 - 0x00007ffb4a168000 	C:\WINDOWS\SYSTEM32\ntdll.dll
0x00007ffb49370000 - 0x00007ffb49439000 	C:\WINDOWS\System32\KERNEL32.DLL
0x00007ffb47770000 - 0x00007ffb47b62000 	C:\WINDOWS\System32\KERNELBASE.dll
0x00007ffb475f0000 - 0x00007ffb4773b000 	C:\WINDOWS\System32\ucrtbase.dll
0x00007ffb41b20000 - 0x00007ffb41b3e000 	C:\Users\17822\.jdks\ms-17.0.16\bin\VCRUNTIME140.dll
0x00007ffb42ef0000 - 0x00007ffb42f08000 	C:\Users\17822\.jdks\ms-17.0.16\bin\jli.dll
0x00007ffb47d20000 - 0x00007ffb47ee5000 	C:\WINDOWS\System32\USER32.dll
0x00007ffb47740000 - 0x00007ffb47767000 	C:\WINDOWS\System32\win32u.dll
0x00007ffb2d070000 - 0x00007ffb2d303000 	C:\WINDOWS\WinSxS\amd64_microsoft.windows.common-controls_6595b64144ccf1df_6.0.26100.6899_none_3e0efeeae32e88c1\COMCTL32.dll
0x00007ffb48630000 - 0x00007ffb4865b000 	C:\WINDOWS\System32\GDI32.dll
0x00007ffb47120000 - 0x00007ffb4724d000 	C:\WINDOWS\System32\gdi32full.dll
0x00007ffb48190000 - 0x00007ffb48239000 	C:\WINDOWS\System32\msvcrt.dll
0x00007ffb47540000 - 0x00007ffb475e3000 	C:\WINDOWS\System32\msvcp_win.dll
0x00007ffb48240000 - 0x00007ffb4826f000 	C:\WINDOWS\System32\IMM32.DLL
0x00007ffb41b10000 - 0x00007ffb41b1c000 	C:\Users\17822\.jdks\ms-17.0.16\bin\vcruntime140_1.dll
0x00007ffb0c7c0000 - 0x00007ffb0c849000 	C:\Users\17822\.jdks\ms-17.0.16\bin\msvcp140.dll
0x00007ffab9480000 - 0x00007ffaba0fa000 	C:\Users\17822\.jdks\ms-17.0.16\bin\server\jvm.dll
0x00007ffb49440000 - 0x00007ffb494f4000 	C:\WINDOWS\System32\ADVAPI32.dll
0x00007ffb49520000 - 0x00007ffb495c6000 	C:\WINDOWS\System32\sechost.dll
0x00007ffb49b50000 - 0x00007ffb49c68000 	C:\WINDOWS\System32\RPCRT4.dll
0x00007ffb49dd0000 - 0x00007ffb49e44000 	C:\WINDOWS\System32\WS2_32.dll
0x00007ffb46ef0000 - 0x00007ffb46f4e000 	C:\WINDOWS\SYSTEM32\POWRPROF.dll
0x00007ffb366e0000 - 0x00007ffb366eb000 	C:\WINDOWS\SYSTEM32\VERSION.dll
0x00007ffb3ed60000 - 0x00007ffb3ed95000 	C:\WINDOWS\SYSTEM32\WINMM.dll
0x00007ffb46ed0000 - 0x00007ffb46ee4000 	C:\WINDOWS\SYSTEM32\UMPDC.dll
0x00007ffb45dc0000 - 0x00007ffb45ddb000 	C:\WINDOWS\SYSTEM32\kernel.appcore.dll
0x00007ffb30830000 - 0x00007ffb3083a000 	C:\Users\17822\.jdks\ms-17.0.16\bin\jimage.dll
0x00007ffb44740000 - 0x00007ffb44982000 	C:\WINDOWS\SYSTEM32\DBGHELP.DLL
0x00007ffb497c0000 - 0x00007ffb49b3b000 	C:\WINDOWS\System32\combase.dll
0x00007ffb48520000 - 0x00007ffb485f7000 	C:\WINDOWS\System32\OLEAUT32.dll
0x00007ffb287a0000 - 0x00007ffb287dc000 	C:\WINDOWS\SYSTEM32\dbgcore.DLL
0x00007ffb47c30000 - 0x00007ffb47cc8000 	C:\WINDOWS\System32\bcryptPrimitives.dll
0x00007ffb30820000 - 0x00007ffb3082f000 	C:\Users\17822\.jdks\ms-17.0.16\bin\instrument.dll
0x00007ffb30300000 - 0x00007ffb30326000 	C:\Users\17822\.jdks\ms-17.0.16\bin\java.dll
0x00007ffaf8f70000 - 0x00007ffaf9046000 	C:\Users\17822\.jdks\ms-17.0.16\bin\jsvml.dll
0x00007ffb48660000 - 0x00007ffb48dad000 	C:\WINDOWS\System32\SHELL32.dll
0x00007ffb473d0000 - 0x00007ffb4753b000 	C:\WINDOWS\System32\wintypes.dll
0x00007ffb44cc0000 - 0x00007ffb4551d000 	C:\WINDOWS\SYSTEM32\windows.storage.dll
0x00007ffb49c70000 - 0x00007ffb49d62000 	C:\WINDOWS\System32\SHCORE.dll
0x00007ffb49e50000 - 0x00007ffb49eb2000 	C:\WINDOWS\System32\shlwapi.dll
0x00007ffb46fb0000 - 0x00007ffb46fd9000 	C:\WINDOWS\SYSTEM32\profapi.dll
0x00007ffb2fce0000 - 0x00007ffb2fcf8000 	C:\Users\17822\.jdks\ms-17.0.16\bin\zip.dll
0x00007ffb2fcc0000 - 0x00007ffb2fcdb000 	C:\Users\17822\.jdks\ms-17.0.16\bin\net.dll
0x00007ffb39070000 - 0x00007ffb3918f000 	C:\WINDOWS\SYSTEM32\WINHTTP.dll
0x00007ffb463d0000 - 0x00007ffb4643b000 	C:\WINDOWS\system32\mswsock.dll
0x00007ffb2fb10000 - 0x00007ffb2fb26000 	C:\Users\17822\.jdks\ms-17.0.16\bin\nio.dll
0x00007ffb302c0000 - 0x00007ffb302d0000 	C:\Users\17822\.jdks\ms-17.0.16\bin\verify.dll
0x00007ffb08d00000 - 0x00007ffb08d27000 	C:\Users\17822\.gradle\native\1def1411415f61bf3af743bc5b6707747c0891f09f0c88961ee8f79bc544acac\windows-amd64\native-platform.dll
0x00007ffafc410000 - 0x00007ffafc488000 	C:\Users\17822\.gradle\native\0.2.7\x86_64-windows-gnu\gradle-fileevents.dll
0x00007ffb2fd50000 - 0x00007ffb2fd5a000 	C:\Users\17822\.jdks\ms-17.0.16\bin\management.dll
0x00007ffb2fb00000 - 0x00007ffb2fb0c000 	C:\Users\17822\.jdks\ms-17.0.16\bin\management_ext.dll
0x00007ffb49350000 - 0x00007ffb49358000 	C:\WINDOWS\System32\PSAPI.DLL
0x00007ffb45890000 - 0x00007ffb458c4000 	C:\WINDOWS\SYSTEM32\IPHLPAPI.DLL
0x00007ffb48eb0000 - 0x00007ffb48eba000 	C:\WINDOWS\System32\NSI.dll
0x00007ffb3e620000 - 0x00007ffb3e63e000 	C:\WINDOWS\SYSTEM32\dhcpcsvc6.DLL
0x00007ffb39200000 - 0x00007ffb39223000 	C:\WINDOWS\SYSTEM32\dhcpcsvc.DLL
0x00007ffb45930000 - 0x00007ffb45a56000 	C:\WINDOWS\SYSTEM32\DNSAPI.dll
0x00007ffb2faf0000 - 0x00007ffb2faf9000 	C:\Users\17822\.jdks\ms-17.0.16\bin\extnet.dll
0x00007ffb46680000 - 0x00007ffb4669b000 	C:\WINDOWS\SYSTEM32\CRYPTSP.dll
0x00007ffb45de0000 - 0x00007ffb45e1b000 	C:\WINDOWS\system32\rsaenh.dll
0x00007ffb46470000 - 0x00007ffb4649b000 	C:\WINDOWS\SYSTEM32\USERENV.dll
0x00007ffb46f80000 - 0x00007ffb46fa6000 	C:\WINDOWS\SYSTEM32\bcrypt.dll
0x00007ffb466a0000 - 0x00007ffb466ac000 	C:\WINDOWS\SYSTEM32\CRYPTBASE.dll
0x00007ffb2f110000 - 0x00007ffb2f11e000 	C:\Users\17822\.jdks\ms-17.0.16\bin\sunmscapi.dll
0x00007ffb47250000 - 0x00007ffb473c7000 	C:\WINDOWS\System32\CRYPT32.dll
0x00007ffb468a0000 - 0x00007ffb468d0000 	C:\WINDOWS\SYSTEM32\ncrypt.dll
0x00007ffb46850000 - 0x00007ffb4688f000 	C:\WINDOWS\SYSTEM32\NTASN1.dll
0x00007ffb0ddd0000 - 0x00007ffb0ddd8000 	C:\WINDOWS\system32\wshunix.dll

dbghelp: loaded successfully - version: 4.0.5 - missing functions: none
symbol engine: initialized successfully - sym options: 0x614 - pdb path: .;C:\Users\17822\.jdks\ms-17.0.16\bin;C:\WINDOWS\SYSTEM32;C:\WINDOWS\WinSxS\amd64_microsoft.windows.common-controls_6595b64144ccf1df_6.0.26100.6899_none_3e0efeeae32e88c1;C:\Users\17822\.jdks\ms-17.0.16\bin\server;C:\Users\17822\.gradle\native\1def1411415f61bf3af743bc5b6707747c0891f09f0c88961ee8f79bc544acac\windows-amd64;C:\Users\17822\.gradle\native\0.2.7\x86_64-windows-gnu

VM Arguments:
jvm_args: --add-opens=java.base/java.lang=ALL-UNNAMED --add-opens=java.base/java.lang.invoke=ALL-UNNAMED --add-opens=java.base/java.util=ALL-UNNAMED --add-opens=java.prefs/java.util.prefs=ALL-UNNAMED --add-exports=jdk.compiler/com.sun.tools.javac.api=ALL-UNNAMED --add-exports=jdk.compiler/com.sun.tools.javac.util=ALL-UNNAMED --add-opens=java.base/java.util=ALL-UNNAMED --add-opens=java.prefs/java.util.prefs=ALL-UNNAMED --add-opens=java.base/java.nio.charset=ALL-UNNAMED --add-opens=java.base/java.net=ALL-UNNAMED --add-opens=java.base/java.util.concurrent.atomic=ALL-UNNAMED --add-opens=java.xml/javax.xml.namespace=ALL-UNNAMED -Xmx2048m -Dfile.encoding=UTF-8 -Duser.country=CA -Duser.language=en -Duser.variant -javaagent:C:\Users\17822\.gradle\wrapper\dists\gradle-8.13-bin\5xuhj0ry160q40clulazy9h7d\gradle-8.13\lib\agents\gradle-instrumentation-agent-8.13.jar 
java_command: org.gradle.launcher.daemon.bootstrap.GradleDaemon 8.13
java_class_path (initial): C:\Users\17822\.gradle\wrapper\dists\gradle-8.13-bin\5xuhj0ry160q40clulazy9h7d\gradle-8.13\lib\gradle-daemon-main-8.13.jar
Launcher Type: SUN_STANDARD

[Global flags]
     intx CICompilerCount                          = 4                                         {product} {ergonomic}
     uint ConcGCThreads                            = 2                                         {product} {ergonomic}
     uint G1ConcRefinementThreads                  = 8                                         {product} {ergonomic}
   size_t G1HeapRegionSize                         = 1048576                                   {product} {ergonomic}
    uintx GCDrainStackTargetSize                   = 64                                        {product} {ergonomic}
   size_t InitialHeapSize                          = 197132288                                 {product} {ergonomic}
   size_t MarkStackSize                            = 4194304                                   {product} {ergonomic}
   size_t MaxHeapSize                              = 2147483648                                {product} {command line}
   size_t MaxNewSize                               = 1287651328                                {product} {ergonomic}
   size_t MinHeapDeltaBytes                        = 1048576                                   {product} {ergonomic}
   size_t MinHeapSize                              = 8388608                                   {product} {ergonomic}
    uintx NonNMethodCodeHeapSize                   = 5839372                                {pd product} {ergonomic}
    uintx NonProfiledCodeHeapSize                  = 122909434                              {pd product} {ergonomic}
    uintx ProfiledCodeHeapSize                     = 122909434                              {pd product} {ergonomic}
    uintx ReservedCodeCacheSize                    = 251658240                              {pd product} {ergonomic}
     bool SegmentedCodeCache                       = true                                      {product} {ergonomic}
   size_t SoftMaxHeapSize                          = 2147483648                             {manageable} {ergonomic}
     bool UseCompressedClassPointers               = true                           {product lp64_product} {ergonomic}
     bool UseCompressedOops                        = true                           {product lp64_product} {ergonomic}
     bool UseG1GC                                  = true                                      {product} {ergonomic}
     bool UseLargePagesIndividualAllocation        = false                                  {pd product} {ergonomic}

Logging:
Log output configuration:
 #0: stdout all=warning uptime,level,tags
 #1: stderr all=off uptime,level,tags

Environment Variables:
PATH=C:\Program Files (x86)\VMware\VMware Workstation\bin\;C:\Program Files\Common Files\Oracle\Java\javapath;C:\Program Files (x86)\Common Files\Oracle\Java\java8path;C:\Program Files (x86)\Common Files\Oracle\Java\javapath;C:\WINDOWS\system32;C:\WINDOWS;C:\WINDOWS\System32\Wbem;C:\WINDOWS\System32\WindowsPowerShell\v1.0\;C:\WINDOWS\System32\OpenSSH\;C:\Program Files\dotnet\;C:\Program Files\Git\cmd;C:\Users\17822\AppData\Local\Microsoft\WindowsApps;C:\Users\17822\AppData\Local\Programs\Microsoft VS Code\bin;C:\Users\17822\AppData\Local\GitHubDesktop\bin;C:\MinGW\bin;;C:\Program Files\JetBrains\IntelliJ IDEA 2025.2.2\bin;C:\Program Files\JetBrains\IntelliJ IDEA Community Edition 2024.3.1.1\bin;
USERNAME=17822
OS=Windows_NT
PROCESSOR_IDENTIFIER=Intel64 Family 6 Model 140 Stepping 1, GenuineIntel
TMP=C:\Users\17822\AppData\Local\Temp
TEMP=C:\Users\17822\AppData\Local\Temp



Periodic native trim disabled


---------------  S Y S T E M  ---------------

OS:
 Windows 11 , 64 bit Build 26100 (10.0.26100.6725)
OS uptime: 4 days 3:28 hours
Hyper-V role detected

CPU: total 8 (initial active 8) (4 cores per cpu, 2 threads per core) family 6 model 140 stepping 1 microcode 0xbc, cx8, cmov, fxsr, ht, mmx, 3dnowpref, sse, sse2, sse3, ssse3, sse4.1, sse4.2, popcnt, lzcnt, tsc, tscinvbit, avx, avx2, aes, erms, clmul, bmi1, bmi2, adx, avx512f, avx512dq, avx512cd, avx512bw, avx512vl, sha, fma, vzeroupper, avx512_vpopcntdq, avx512_vpclmulqdq, avx512_vaes, avx512_vnni, clflush, clflushopt, clwb, avx512_vbmi2, avx512_vbmi, hv
Processor Information for the first 8 processors :
  Max Mhz: 2803, Current Mhz: 2502, Mhz Limit: 2803

Memory: 4k page, system-wide physical 12022M (1018M free)
TotalPageFile size 20214M (AvailPageFile size 1M)
current process WorkingSet (physical memory assigned to process): 500M, peak: 525M
current process commit charge ("private bytes"): 548M, peak: 570M

vm_info: OpenJDK 64-Bit Server VM (17.0.16+8-LTS) for windows-amd64 JRE (17.0.16+8-LTS), built on Jul 10 2025 00:24:24 by "MicrosoftCorporation" with unknown MS VC++:1944

END.
