#
# There is insufficient memory for the Java Runtime Environment to continue.
# Native memory allocation (malloc) failed to allocate 1304976 bytes. Error detail: Chunk::new
# Possible reasons:
#   The system is out of physical RAM or swap space
#   This process is running with CompressedOops enabled, and the Java Heap may be blocking the growth of the native heap
# Possible solutions:
#   Reduce memory load on the system
#   Increase physical memory or swap space
#   Check if swap backing store is full
#   Decrease Java heap size (-Xmx/-Xms)
#   Decrease number of Java threads
#   Decrease Java thread stack sizes (-Xss)
#   Set larger code cache with -XX:ReservedCodeCacheSize=
#   JVM is running with Unscaled Compressed Oops mode in which the Java heap is
#     placed in the first 4GB address space. The Java Heap base address is the
#     maximum limit for the native heap growth. Please use -XX:HeapBaseMinAddress
#     to set the Java Heap base and to place the Java Heap above 4GB virtual address.
# This output file may be truncated or incomplete.
#
#  Out of Memory Error (arena.cpp:191), pid=14000, tid=9368
#
# JRE version: OpenJDK Runtime Environment Microsoft-11926163 (17.0.16+8) (build 17.0.16+8-LTS)
# Java VM: OpenJDK 64-Bit Server VM Microsoft-11926163 (17.0.16+8-LTS, mixed mode, sharing, tiered, compressed oops, compressed class ptrs, g1 gc, windows-amd64)
# No core dump will be written. Minidumps are not enabled by default on client versions of Windows
#

---------------  S U M M A R Y ------------

Command Line: --add-opens=java.base/java.lang=ALL-UNNAMED --add-opens=java.base/java.lang.invoke=ALL-UNNAMED --add-opens=java.base/java.util=ALL-UNNAMED --add-opens=java.prefs/java.util.prefs=ALL-UNNAMED --add-exports=jdk.compiler/com.sun.tools.javac.api=ALL-UNNAMED --add-exports=jdk.compiler/com.sun.tools.javac.util=ALL-UNNAMED --add-opens=java.base/java.util=ALL-UNNAMED --add-opens=java.prefs/java.util.prefs=ALL-UNNAMED --add-opens=java.base/java.nio.charset=ALL-UNNAMED --add-opens=java.base/java.net=ALL-UNNAMED --add-opens=java.base/java.util.concurrent.atomic=ALL-UNNAMED --add-opens=java.xml/javax.xml.namespace=ALL-UNNAMED -Xmx2048m -Dfile.encoding=UTF-8 -Duser.country=CA -Duser.language=en -Duser.variant -javaagent:C:\Users\17822\.gradle\wrapper\dists\gradle-8.13-bin\5xuhj0ry160q40clulazy9h7d\gradle-8.13\lib\agents\gradle-instrumentation-agent-8.13.jar org.gradle.launcher.daemon.bootstrap.GradleDaemon 8.13

Host: 11th Gen Intel(R) Core(TM) i7-1165G7 @ 2.80GHz, 8 cores, 11G,  Windows 11 , 64 bit Build 26100 (10.0.26100.6725)
Time: Wed Oct 29 23:13:17 2025 Atlantic Summer Time elapsed time: 3552.944887 seconds (0d 0h 59m 12s)

---------------  T H R E A D  ---------------

Current thread (0x00000155cd599740):  JavaThread "C2 CompilerThread0" daemon [_thread_in_native, id=9368, stack(0x000000261f700000,0x000000261f800000)]


Current CompileTask:
C2:3552945 17565       4       org.gradle.internal.resolve.resolver.DefaultVariantArtifactResolver::resolveVariantArtifactSet (96 bytes)

Stack: [0x000000261f700000,0x000000261f800000]
Native frames: (J=compiled Java code, j=interpreted, Vv=VM code, C=native code)
V  [jvm.dll+0x68ee19]
V  [jvm.dll+0x846249]
V  [jvm.dll+0x847fb8]
V  [jvm.dll+0x848643]
V  [jvm.dll+0x24cf6f]
V  [jvm.dll+0xaecb6]
V  [jvm.dll+0xaf35c]
V  [jvm.dll+0x37134f]
V  [jvm.dll+0x33b7a5]
V  [jvm.dll+0x33ac0a]
V  [jvm.dll+0x21df29]
V  [jvm.dll+0x21d36d]
V  [jvm.dll+0x1a8ce6]
V  [jvm.dll+0x22db1b]
V  [jvm.dll+0x22bca6]
V  [jvm.dll+0x7fba9b]
V  [jvm.dll+0x7f5e9c]
V  [jvm.dll+0x68dd27]
C  [ucrtbase.dll+0x37b0]
C  [KERNEL32.DLL+0x2e8d7]
C  [ntdll.dll+0x8c53c]


---------------  P R O C E S S  ---------------

Threads class SMR info:
_java_thread_list=0x0000015617749520, length=95, elements={
0x00000155ae87f660, 0x00000155ccf1e0c0, 0x00000155ccf21710, 0x00000155ccf2dd30,
0x00000155ccf2e600, 0x00000155cd593c10, 0x00000155cd5957f0, 0x00000155cd599740,
0x00000155cd598330, 0x00000155cd59b7e0, 0x00000155ccf02a20, 0x00000155cd75f290,
0x000001561381f190, 0x00000156144a0050, 0x000001561464b8c0, 0x00000156138e3ae0,
0x00000156138e4500, 0x00000156138e3ff0, 0x0000015615c2fe30, 0x0000015615c31c90,
0x0000015615c30d60, 0x0000015615c30850, 0x0000015615c330d0, 0x0000015615c33af0,
0x0000015615c377b0, 0x0000015615c35440, 0x0000015615cb6680, 0x0000015615cb6b90,
0x0000015615cb5750, 0x0000015614c1d210, 0x0000015614c20ed0, 0x0000015614d6c670,
0x0000015614d69df0, 0x0000015614d67a80, 0x0000015615c30340, 0x0000015615c321a0,
0x0000015615c34a20, 0x0000015615c34000, 0x0000015615c34510, 0x0000015615c31270,
0x0000015615c34f30, 0x0000015615c31780, 0x0000015615c36880, 0x0000015615c35950,
0x0000015615c36370, 0x0000015615c36d90, 0x0000015615c35e60, 0x0000015615c372a0,
0x000001561a77d3d0, 0x000001561a77bf90, 0x000001561a77b060, 0x000001561a77d8e0,
0x000001561a77b570, 0x000001561a77cec0, 0x00000156193c46a0, 0x000001561a77e300,
0x000001561a77ba80, 0x000001561a77fc50, 0x000001561a77e810, 0x000001561a77ed20,
0x000001561a77f230, 0x000001561a77f740, 0x000001561a77c4a0, 0x000001561a780160,
0x000001561a77c9b0, 0x000001561a780670, 0x000001561a7829e0, 0x000001561a781fc0,
0x000001561a780b80, 0x000001561a7815a0, 0x000001561a781090, 0x0000015615cb7ac0,
0x0000015615cb84e0, 0x0000015615cb89f0, 0x0000015615cb5c60, 0x0000015615cb8f00,
0x0000015615cb9920, 0x0000015615cb6170, 0x0000015615cbcbc0, 0x0000015615cbd0d0,
0x0000015615cbc1a0, 0x0000015615cba340, 0x0000015615cba850, 0x0000015615cbad60,
0x0000015615cbb270, 0x0000015615cbb780, 0x0000015615cbbc90, 0x0000015614d67f90,
0x0000015614d6a300, 0x0000015614d68ec0, 0x0000015614d684a0, 0x0000015614d689b0,
0x0000015614d67060, 0x0000015614d6cb80, 0x0000015614d6b740
}

Java Threads: ( => current thread )
  0x00000155ae87f660 JavaThread "main" [_thread_blocked, id=3496, stack(0x000000261ea00000,0x000000261eb00000)]
  0x00000155ccf1e0c0 JavaThread "Reference Handler" daemon [_thread_blocked, id=22232, stack(0x000000261f100000,0x000000261f200000)]
  0x00000155ccf21710 JavaThread "Finalizer" daemon [_thread_blocked, id=9236, stack(0x000000261f200000,0x000000261f300000)]
  0x00000155ccf2dd30 JavaThread "Signal Dispatcher" daemon [_thread_blocked, id=6936, stack(0x000000261f300000,0x000000261f400000)]
  0x00000155ccf2e600 JavaThread "Attach Listener" daemon [_thread_blocked, id=31304, stack(0x000000261f400000,0x000000261f500000)]
  0x00000155cd593c10 JavaThread "Service Thread" daemon [_thread_blocked, id=32068, stack(0x000000261f500000,0x000000261f600000)]
  0x00000155cd5957f0 JavaThread "Monitor Deflation Thread" daemon [_thread_blocked, id=23688, stack(0x000000261f600000,0x000000261f700000)]
=>0x00000155cd599740 JavaThread "C2 CompilerThread0" daemon [_thread_in_native, id=9368, stack(0x000000261f700000,0x000000261f800000)]
  0x00000155cd598330 JavaThread "C1 CompilerThread0" daemon [_thread_blocked, id=19672, stack(0x000000261f800000,0x000000261f900000)]
  0x00000155cd59b7e0 JavaThread "Sweeper thread" daemon [_thread_blocked, id=25548, stack(0x000000261f900000,0x000000261fa00000)]
  0x00000155ccf02a20 JavaThread "Common-Cleaner" daemon [_thread_blocked, id=14548, stack(0x000000261fa00000,0x000000261fb00000)]
  0x00000155cd75f290 JavaThread "Notification Thread" daemon [_thread_blocked, id=35724, stack(0x000000261fb00000,0x000000261fc00000)]
  0x000001561381f190 JavaThread "Daemon health stats" [_thread_blocked, id=12968, stack(0x0000002620200000,0x0000002620300000)]
  0x00000156144a0050 JavaThread "Incoming local TCP Connector on port 59018" [_thread_in_native, id=3608, stack(0x000000261e800000,0x000000261e900000)]
  0x000001561464b8c0 JavaThread "Daemon periodic checks" [_thread_blocked, id=30320, stack(0x0000002620300000,0x0000002620400000)]
  0x00000156138e3ae0 JavaThread "Cache worker for journal cache (C:\Users\17822\.gradle\caches\journal-1)" [_thread_blocked, id=26756, stack(0x0000002620c00000,0x0000002620d00000)]
  0x00000156138e4500 JavaThread "File lock request listener" [_thread_in_native, id=24972, stack(0x0000002620d00000,0x0000002620e00000)]
  0x00000156138e3ff0 JavaThread "Cache worker for file hash cache (C:\Users\17822\.gradle\caches\8.13\fileHashes)" [_thread_blocked, id=33344, stack(0x0000002620e00000,0x0000002620f00000)]
  0x0000015615c2fe30 JavaThread "File watcher server" daemon [_thread_in_native, id=5784, stack(0x0000002621400000,0x0000002621500000)]
  0x0000015615c31c90 JavaThread "File watcher consumer" daemon [_thread_blocked, id=12640, stack(0x0000002621500000,0x0000002621600000)]
  0x0000015615c30d60 JavaThread "jar transforms" [_thread_blocked, id=24420, stack(0x0000002620b00000,0x0000002620c00000)]
  0x0000015615c30850 JavaThread "jar transforms Thread 2" [_thread_blocked, id=32032, stack(0x0000002621600000,0x0000002621700000)]
  0x0000015615c330d0 JavaThread "Cache worker for file content cache (C:\Users\17822\.gradle\caches\8.13\fileContent)" [_thread_blocked, id=12792, stack(0x0000002621b00000,0x0000002621c00000)]
  0x0000015615c33af0 JavaThread "jar transforms Thread 3" [_thread_blocked, id=22332, stack(0x0000002621c00000,0x0000002621d00000)]
  0x0000015615c377b0 JavaThread "jar transforms Thread 4" [_thread_blocked, id=25968, stack(0x0000002622600000,0x0000002622700000)]
  0x0000015615c35440 JavaThread "jar transforms Thread 5" [_thread_blocked, id=33048, stack(0x0000002622700000,0x0000002622800000)]
  0x0000015615cb6680 JavaThread "jar transforms Thread 6" [_thread_blocked, id=33384, stack(0x0000002622c00000,0x0000002622d00000)]
  0x0000015615cb6b90 JavaThread "jar transforms Thread 7" [_thread_blocked, id=31324, stack(0x0000002622d00000,0x0000002622e00000)]
  0x0000015615cb5750 JavaThread "jar transforms Thread 8" [_thread_blocked, id=27576, stack(0x0000002622e00000,0x0000002622f00000)]
  0x0000015614c1d210 JavaThread "Memory manager" [_thread_blocked, id=36272, stack(0x0000002624700000,0x0000002624800000)]
  0x0000015614c20ed0 JavaThread "pool-3-thread-1" [_thread_blocked, id=29260, stack(0x0000002624600000,0x0000002624700000)]
  0x0000015614d6c670 JavaThread "pool-6-thread-1" [_thread_blocked, id=32724, stack(0x0000002623900000,0x0000002623a00000)]
  0x0000015614d69df0 JavaThread "pool-9-thread-1" [_thread_blocked, id=35340, stack(0x0000002623b00000,0x0000002623c00000)]
  0x0000015614d67a80 JavaThread "pool-12-thread-1" [_thread_blocked, id=7748, stack(0x0000002623a00000,0x0000002623b00000)]
  0x0000015615c30340 JavaThread "Daemon Thread 5" [_thread_blocked, id=33268, stack(0x000000261e700000,0x000000261e800000)]
  0x0000015615c321a0 JavaThread "Handler for socket connection from /127.0.0.1:59018 to /127.0.0.1:52622" [_thread_in_native, id=35084, stack(0x000000261e900000,0x000000261ea00000)]
  0x0000015615c34a20 JavaThread "Cancel handler" [_thread_blocked, id=30732, stack(0x0000002620400000,0x0000002620500000)]
  0x0000015615c34000 JavaThread "Daemon worker Thread 5" [_thread_blocked, id=21060, stack(0x0000002620500000,0x0000002620600000)]
  0x0000015615c34510 JavaThread "Asynchronous log dispatcher for DefaultDaemonConnection: socket connection from /127.0.0.1:59018 to /127.0.0.1:52622" [_thread_blocked, id=37116, stack(0x0000002620600000,0x0000002620700000)]
  0x0000015615c31270 JavaThread "Stdin handler" [_thread_blocked, id=20996, stack(0x0000002620700000,0x0000002620800000)]
  0x0000015615c34f30 JavaThread "Daemon client event forwarder" [_thread_blocked, id=21620, stack(0x0000002620800000,0x0000002620900000)]
  0x0000015615c31780 JavaThread "Cache worker for file hash cache (C:\Users\17822\AndroidStudioProjects\Assg8Intents\.gradle\8.13\fileHashes)" [_thread_blocked, id=15468, stack(0x0000002620900000,0x0000002620a00000)]
  0x0000015615c36880 JavaThread "Cache worker for Build Output Cleanup Cache (C:\Users\17822\AndroidStudioProjects\Assg8Intents\.gradle\buildOutputCleanup)" [_thread_blocked, id=12368, stack(0x0000002620a00000,0x0000002620b00000)]
  0x0000015615c35950 JavaThread "Cache worker for checksums cache (C:\Users\17822\AndroidStudioProjects\Assg8Intents\.gradle\8.13\checksums)" [_thread_blocked, id=29412, stack(0x0000002620f00000,0x0000002621000000)]
  0x0000015615c36370 JavaThread "Cache worker for cache directory md-supplier (C:\Users\17822\.gradle\caches\8.13\md-supplier)" [_thread_blocked, id=30956, stack(0x0000002621000000,0x0000002621100000)]
  0x0000015615c36d90 JavaThread "Cache worker for cache directory md-rule (C:\Users\17822\.gradle\caches\8.13\md-rule)" [_thread_blocked, id=8516, stack(0x0000002621700000,0x0000002621800000)]
  0x0000015615c35e60 JavaThread "Unconstrained build operations" [_thread_blocked, id=22820, stack(0x0000002621800000,0x0000002621900000)]
  0x0000015615c372a0 JavaThread "Unconstrained build operations Thread 2" [_thread_blocked, id=29708, stack(0x0000002621a00000,0x0000002621b00000)]
  0x000001561a77d3d0 JavaThread "Unconstrained build operations Thread 3" [_thread_blocked, id=9208, stack(0x0000002621d00000,0x0000002621e00000)]
  0x000001561a77bf90 JavaThread "Unconstrained build operations Thread 4" [_thread_blocked, id=30860, stack(0x0000002621e00000,0x0000002621f00000)]
  0x000001561a77b060 JavaThread "Unconstrained build operations Thread 5" [_thread_blocked, id=11404, stack(0x0000002621f00000,0x0000002622000000)]
  0x000001561a77d8e0 JavaThread "Unconstrained build operations Thread 6" [_thread_blocked, id=20176, stack(0x0000002622000000,0x0000002622100000)]
  0x000001561a77b570 JavaThread "Unconstrained build operations Thread 7" [_thread_blocked, id=2952, stack(0x0000002622100000,0x0000002622200000)]
  0x000001561a77cec0 JavaThread "Unconstrained build operations Thread 8" [_thread_blocked, id=23716, stack(0x0000002622200000,0x0000002622300000)]
  0x00000156193c46a0 JavaThread "C2 CompilerThread1" daemon [_thread_in_native, id=26888, stack(0x0000002622300000,0x0000002622400000)]
  0x000001561a77e300 JavaThread "Unconstrained build operations Thread 9" [_thread_blocked, id=34664, stack(0x0000002622400000,0x0000002622500000)]
  0x000001561a77ba80 JavaThread "Unconstrained build operations Thread 10" [_thread_blocked, id=10104, stack(0x0000002622500000,0x0000002622600000)]
  0x000001561a77fc50 JavaThread "Unconstrained build operations Thread 11" [_thread_blocked, id=24652, stack(0x0000002622800000,0x0000002622900000)]
  0x000001561a77e810 JavaThread "Unconstrained build operations Thread 12" [_thread_blocked, id=32544, stack(0x0000002622900000,0x0000002622a00000)]
  0x000001561a77ed20 JavaThread "Unconstrained build operations Thread 13" [_thread_blocked, id=29740, stack(0x0000002622a00000,0x0000002622b00000)]
  0x000001561a77f230 JavaThread "Unconstrained build operations Thread 14" [_thread_blocked, id=25312, stack(0x0000002622b00000,0x0000002622c00000)]
  0x000001561a77f740 JavaThread "Unconstrained build operations Thread 15" [_thread_blocked, id=9648, stack(0x0000002622f00000,0x0000002623000000)]
  0x000001561a77c4a0 JavaThread "Unconstrained build operations Thread 16" [_thread_blocked, id=1492, stack(0x0000002623000000,0x0000002623100000)]
  0x000001561a780160 JavaThread "Unconstrained build operations Thread 17" [_thread_blocked, id=35488, stack(0x0000002623100000,0x0000002623200000)]
  0x000001561a77c9b0 JavaThread "Unconstrained build operations Thread 18" [_thread_blocked, id=33888, stack(0x0000002623200000,0x0000002623300000)]
  0x000001561a780670 JavaThread "Unconstrained build operations Thread 19" [_thread_blocked, id=20832, stack(0x0000002623300000,0x0000002623400000)]
  0x000001561a7829e0 JavaThread "Unconstrained build operations Thread 20" [_thread_blocked, id=36660, stack(0x0000002623400000,0x0000002623500000)]
  0x000001561a781fc0 JavaThread "Unconstrained build operations Thread 21" [_thread_blocked, id=35956, stack(0x0000002623500000,0x0000002623600000)]
  0x000001561a780b80 JavaThread "Unconstrained build operations Thread 22" [_thread_blocked, id=33512, stack(0x0000002623600000,0x0000002623700000)]
  0x000001561a7815a0 JavaThread "build event listener" [_thread_blocked, id=3484, stack(0x0000002623700000,0x0000002623800000)]
  0x000001561a781090 JavaThread "Problems report writer" [_thread_blocked, id=13724, stack(0x0000002623800000,0x0000002623900000)]
  0x0000015615cb7ac0 JavaThread "pool-15-thread-1" [_thread_blocked, id=27748, stack(0x0000002623c00000,0x0000002623d00000)]
  0x0000015615cb84e0 JavaThread "build event listener" [_thread_blocked, id=15992, stack(0x0000002623d00000,0x0000002623e00000)]
  0x0000015615cb89f0 JavaThread "included builds" [_thread_blocked, id=7312, stack(0x0000002623e00000,0x0000002623f00000)]
  0x0000015615cb5c60 JavaThread "Execution worker" [_thread_blocked, id=23396, stack(0x0000002623f00000,0x0000002624000000)]
  0x0000015615cb8f00 JavaThread "Execution worker Thread 2" [_thread_blocked, id=35700, stack(0x0000002624000000,0x0000002624100000)]
  0x0000015615cb9920 JavaThread "Execution worker Thread 3" [_thread_blocked, id=11748, stack(0x0000002624100000,0x0000002624200000)]
  0x0000015615cb6170 JavaThread "Execution worker Thread 4" [_thread_in_Java, id=32848, stack(0x0000002624200000,0x0000002624300000)]
  0x0000015615cbcbc0 JavaThread "Execution worker Thread 5" [_thread_blocked, id=12648, stack(0x0000002624300000,0x0000002624400000)]
  0x0000015615cbd0d0 JavaThread "Execution worker Thread 6" [_thread_blocked, id=10936, stack(0x0000002624400000,0x0000002624500000)]
  0x0000015615cbc1a0 JavaThread "Execution worker Thread 7" [_thread_blocked, id=16908, stack(0x0000002624500000,0x0000002624600000)]
  0x0000015615cba340 JavaThread "Cache worker for execution history cache (C:\Users\17822\AndroidStudioProjects\Assg8Intents\.gradle\8.13\executionHistory)" [_thread_blocked, id=21844, stack(0x0000002624800000,0x0000002624900000)]
  0x0000015615cba850 JavaThread "Unconstrained build operations Thread 23" [_thread_blocked, id=33576, stack(0x0000002624900000,0x0000002624a00000)]
  0x0000015615cbad60 JavaThread "Unconstrained build operations Thread 24" [_thread_blocked, id=28388, stack(0x0000002624c00000,0x0000002624d00000)]
  0x0000015615cbb270 JavaThread "Unconstrained build operations Thread 25" [_thread_blocked, id=17868, stack(0x0000002624d00000,0x0000002624e00000)]
  0x0000015615cbb780 JavaThread "Unconstrained build operations Thread 26" [_thread_blocked, id=24956, stack(0x0000002624e00000,0x0000002624f00000)]
  0x0000015615cbbc90 JavaThread "Unconstrained build operations Thread 27" [_thread_blocked, id=16316, stack(0x0000002624f00000,0x0000002625000000)]
  0x0000015614d67f90 JavaThread "Unconstrained build operations Thread 28" [_thread_blocked, id=7628, stack(0x0000002625000000,0x0000002625100000)]
  0x0000015614d6a300 JavaThread "Unconstrained build operations Thread 29" [_thread_blocked, id=28168, stack(0x0000002625100000,0x0000002625200000)]
  0x0000015614d68ec0 JavaThread "Unconstrained build operations Thread 30" [_thread_blocked, id=16292, stack(0x0000002625200000,0x0000002625300000)]
  0x0000015614d684a0 JavaThread "Unconstrained build operations Thread 31" [_thread_blocked, id=37064, stack(0x0000002625300000,0x0000002625400000)]
  0x0000015614d689b0 JavaThread "Unconstrained build operations Thread 32" [_thread_blocked, id=20708, stack(0x0000002625400000,0x0000002625500000)]
  0x0000015614d67060 JavaThread "Unconstrained build operations Thread 33" [_thread_blocked, id=29748, stack(0x0000002625500000,0x0000002625600000)]
  0x0000015614d6cb80 JavaThread "Unconstrained build operations Thread 34" [_thread_blocked, id=30036, stack(0x0000002625600000,0x0000002625700000)]
  0x0000015614d6b740 JavaThread "Unconstrained build operations Thread 35" [_thread_blocked, id=21532, stack(0x0000002625700000,0x0000002625800000)]

Other Threads:
  0x00000155ccf14580 VMThread "VM Thread" [stack: 0x000000261f000000,0x000000261f100000] [id=18460]
  0x00000155cd774980 WatcherThread [stack: 0x000000261fc00000,0x000000261fd00000] [id=18096]
  0x00000155ae8de720 GCTaskThread "GC Thread#0" [stack: 0x000000261eb00000,0x000000261ec00000] [id=3828]
  0x00000156131e6010 GCTaskThread "GC Thread#1" [stack: 0x000000261fd00000,0x000000261fe00000] [id=8460]
  0x00000156134b0bb0 GCTaskThread "GC Thread#2" [stack: 0x000000261fe00000,0x000000261ff00000] [id=35420]
  0x00000155cd8e7d60 GCTaskThread "GC Thread#3" [stack: 0x000000261ff00000,0x0000002620000000] [id=20652]
  0x00000156137fed10 GCTaskThread "GC Thread#4" [stack: 0x0000002620000000,0x0000002620100000] [id=32376]
  0x00000156141a1070 GCTaskThread "GC Thread#5" [stack: 0x0000002620100000,0x0000002620200000] [id=21736]
  0x00000156150d26e0 GCTaskThread "GC Thread#6" [stack: 0x0000002621100000,0x0000002621200000] [id=1424]
  0x00000156150d1920 GCTaskThread "GC Thread#7" [stack: 0x0000002621200000,0x0000002621300000] [id=36584]
  0x00000155ae8ef580 ConcurrentGCThread "G1 Main Marker" [stack: 0x000000261ec00000,0x000000261ed00000] [id=23548]
  0x00000155ae8f1b90 ConcurrentGCThread "G1 Conc#0" [stack: 0x000000261ed00000,0x000000261ee00000] [id=17248]
  0x00000156150d1be0 ConcurrentGCThread "G1 Conc#1" [stack: 0x0000002621300000,0x0000002621400000] [id=26752]
  0x00000155ae92dcd0 ConcurrentGCThread "G1 Refine#0" [stack: 0x000000261ee00000,0x000000261ef00000] [id=23476]
  0x00000156145663d0 ConcurrentGCThread "G1 Refine#1" [stack: 0x0000002621900000,0x0000002621a00000] [id=15924]
  0x000001561698bf50 ConcurrentGCThread "G1 Refine#2" [stack: 0x0000002624a00000,0x0000002624b00000] [id=6460]
  0x000001561698adb0 ConcurrentGCThread "G1 Refine#3" [stack: 0x0000002624b00000,0x0000002624c00000] [id=20248]
  0x00000155ae92e610 ConcurrentGCThread "G1 Service" [stack: 0x000000261ef00000,0x000000261f000000] [id=27580]

Threads with active compile tasks:
C2 CompilerThread0  3552990 17565       4       org.gradle.internal.resolve.resolver.DefaultVariantArtifactResolver::resolveVariantArtifactSet (96 bytes)
C2 CompilerThread1  3552990 17620       4       sun.security.provider.SHA2::implCompress0 (490 bytes)

VM state: not at safepoint (normal execution)

VM Mutex/Monitor currently owned by a thread: None

Heap address: 0x0000000080000000, size: 2048 MB, Compressed Oops mode: 32-bit

CDS archive(s) mapped at: [0x00000155ce000000-0x00000155cebb0000-0x00000155cebb0000), size 12255232, SharedBaseAddress: 0x00000155ce000000, ArchiveRelocationMode: 1.
Compressed class space mapped at: 0x00000155cf000000-0x000001560f000000, reserved size: 1073741824
Narrow klass base: 0x00000155ce000000, Narrow klass shift: 0, Narrow klass range: 0x100000000

GC Precious Log:
 CPUs: 8 total, 8 available
 Memory: 12022M
 Large Page Support: Disabled
 NUMA Support: Disabled
 Compressed Oops: Enabled (32-bit)
 Heap Region Size: 1M
 Heap Min Capacity: 8M
 Heap Initial Capacity: 188M
 Heap Max Capacity: 2G
 Pre-touch: Disabled
 Parallel Workers: 8
 Concurrent Workers: 2
 Concurrent Refinement Workers: 8
 Periodic GC: Disabled

Heap:
 garbage-first heap   total 221184K, used 178469K [0x0000000080000000, 0x0000000100000000)
  region size 1024K, 27 young (27648K), 5 survivors (5120K)
 Metaspace       used 100669K, committed 101760K, reserved 1179648K
  class space    used 13247K, committed 13760K, reserved 1048576K

Heap Regions: E=young(eden), S=young(survivor), O=old, HS=humongous(starts), HC=humongous(continues), CS=collection set, F=free, OA=open archive, CA=closed archive, TAMS=top-at-mark-start (previous, next)
|   0|0x0000000080000000, 0x0000000080100000, 0x0000000080100000|100%|HS|  |TAMS 0x0000000080100000, 0x0000000080000000| Complete 
|   1|0x0000000080100000, 0x0000000080200000, 0x0000000080200000|100%|HC|  |TAMS 0x0000000080200000, 0x0000000080100000| Complete 
|   2|0x0000000080200000, 0x0000000080300000, 0x0000000080300000|100%|HC|  |TAMS 0x0000000080300000, 0x0000000080200000| Complete 
|   3|0x0000000080300000, 0x0000000080400000, 0x0000000080400000|100%| O|  |TAMS 0x0000000080400000, 0x0000000080300000| Untracked 
|   4|0x0000000080400000, 0x0000000080500000, 0x0000000080500000|100%| O|  |TAMS 0x0000000080500000, 0x0000000080400000| Untracked 
|   5|0x0000000080500000, 0x0000000080600000, 0x0000000080600000|100%| O|  |TAMS 0x0000000080600000, 0x0000000080500000| Untracked 
|   6|0x0000000080600000, 0x0000000080700000, 0x0000000080700000|100%|HS|  |TAMS 0x0000000080700000, 0x0000000080600000| Complete 
|   7|0x0000000080700000, 0x0000000080800000, 0x0000000080800000|100%| O|  |TAMS 0x0000000080800000, 0x0000000080700000| Untracked 
|   8|0x0000000080800000, 0x0000000080900000, 0x0000000080900000|100%| O|  |TAMS 0x0000000080900000, 0x0000000080800000| Untracked 
|   9|0x0000000080900000, 0x0000000080a00000, 0x0000000080a00000|100%| O|  |TAMS 0x0000000080a00000, 0x0000000080900000| Untracked 
|  10|0x0000000080a00000, 0x0000000080b00000, 0x0000000080b00000|100%| O|  |TAMS 0x0000000080b00000, 0x0000000080a00000| Untracked 
|  11|0x0000000080b00000, 0x0000000080c00000, 0x0000000080c00000|100%| O|  |TAMS 0x0000000080c00000, 0x0000000080b00000| Untracked 
|  12|0x0000000080c00000, 0x0000000080d00000, 0x0000000080d00000|100%| O|  |TAMS 0x0000000080d00000, 0x0000000080c00000| Untracked 
|  13|0x0000000080d00000, 0x0000000080e00000, 0x0000000080e00000|100%| O|  |TAMS 0x0000000080e00000, 0x0000000080d00000| Untracked 
|  14|0x0000000080e00000, 0x0000000080f00000, 0x0000000080f00000|100%| O|  |TAMS 0x0000000080f00000, 0x0000000080e00000| Untracked 
|  15|0x0000000080f00000, 0x0000000081000000, 0x0000000081000000|100%| O|  |TAMS 0x0000000081000000, 0x0000000080f00000| Untracked 
|  16|0x0000000081000000, 0x0000000081100000, 0x0000000081100000|100%| O|  |TAMS 0x0000000081100000, 0x0000000081000000| Untracked 
|  17|0x0000000081100000, 0x0000000081200000, 0x0000000081200000|100%| O|  |TAMS 0x0000000081200000, 0x0000000081100000| Untracked 
|  18|0x0000000081200000, 0x0000000081300000, 0x0000000081300000|100%| O|  |TAMS 0x0000000081300000, 0x0000000081200000| Untracked 
|  19|0x0000000081300000, 0x0000000081400000, 0x0000000081400000|100%| O|  |TAMS 0x0000000081400000, 0x0000000081300000| Untracked 
|  20|0x0000000081400000, 0x0000000081500000, 0x0000000081500000|100%| O|  |TAMS 0x0000000081500000, 0x0000000081400000| Untracked 
|  21|0x0000000081500000, 0x0000000081600000, 0x0000000081600000|100%| O|  |TAMS 0x0000000081600000, 0x0000000081500000| Untracked 
|  22|0x0000000081600000, 0x0000000081700000, 0x0000000081700000|100%| O|  |TAMS 0x0000000081700000, 0x0000000081600000| Untracked 
|  23|0x0000000081700000, 0x0000000081800000, 0x0000000081800000|100%| O|  |TAMS 0x0000000081800000, 0x0000000081700000| Untracked 
|  24|0x0000000081800000, 0x0000000081900000, 0x0000000081900000|100%| O|  |TAMS 0x0000000081900000, 0x0000000081800000| Untracked 
|  25|0x0000000081900000, 0x0000000081a00000, 0x0000000081a00000|100%| O|  |TAMS 0x0000000081a00000, 0x0000000081900000| Untracked 
|  26|0x0000000081a00000, 0x0000000081b00000, 0x0000000081b00000|100%| O|  |TAMS 0x0000000081b00000, 0x0000000081a00000| Untracked 
|  27|0x0000000081b00000, 0x0000000081c00000, 0x0000000081c00000|100%| O|  |TAMS 0x0000000081c00000, 0x0000000081b00000| Untracked 
|  28|0x0000000081c00000, 0x0000000081d00000, 0x0000000081d00000|100%| O|  |TAMS 0x0000000081d00000, 0x0000000081c00000| Untracked 
|  29|0x0000000081d00000, 0x0000000081e00000, 0x0000000081e00000|100%| O|  |TAMS 0x0000000081e00000, 0x0000000081d00000| Untracked 
|  30|0x0000000081e00000, 0x0000000081f00000, 0x0000000081f00000|100%| O|  |TAMS 0x0000000081f00000, 0x0000000081e00000| Untracked 
|  31|0x0000000081f00000, 0x0000000082000000, 0x0000000082000000|100%| O|  |TAMS 0x0000000082000000, 0x0000000081f00000| Untracked 
|  32|0x0000000082000000, 0x0000000082100000, 0x0000000082100000|100%| O|  |TAMS 0x0000000082100000, 0x0000000082000000| Untracked 
|  33|0x0000000082100000, 0x0000000082200000, 0x0000000082200000|100%| O|  |TAMS 0x0000000082200000, 0x0000000082100000| Untracked 
|  34|0x0000000082200000, 0x0000000082300000, 0x0000000082300000|100%| O|  |TAMS 0x0000000082300000, 0x0000000082200000| Untracked 
|  35|0x0000000082300000, 0x0000000082400000, 0x0000000082400000|100%| O|  |TAMS 0x0000000082400000, 0x0000000082300000| Untracked 
|  36|0x0000000082400000, 0x0000000082500000, 0x0000000082500000|100%| O|  |TAMS 0x0000000082500000, 0x0000000082400000| Untracked 
|  37|0x0000000082500000, 0x0000000082600000, 0x0000000082600000|100%| O|  |TAMS 0x0000000082600000, 0x0000000082500000| Untracked 
|  38|0x0000000082600000, 0x0000000082700000, 0x0000000082700000|100%| O|  |TAMS 0x0000000082700000, 0x0000000082600000| Untracked 
|  39|0x0000000082700000, 0x0000000082800000, 0x0000000082800000|100%| O|  |TAMS 0x0000000082800000, 0x0000000082700000| Untracked 
|  40|0x0000000082800000, 0x0000000082900000, 0x0000000082900000|100%| O|  |TAMS 0x0000000082900000, 0x0000000082800000| Untracked 
|  41|0x0000000082900000, 0x0000000082a00000, 0x0000000082a00000|100%| O|  |TAMS 0x0000000082a00000, 0x0000000082900000| Untracked 
|  42|0x0000000082a00000, 0x0000000082b00000, 0x0000000082b00000|100%| O|  |TAMS 0x0000000082b00000, 0x0000000082a00000| Untracked 
|  43|0x0000000082b00000, 0x0000000082c00000, 0x0000000082c00000|100%| O|  |TAMS 0x0000000082c00000, 0x0000000082b00000| Untracked 
|  44|0x0000000082c00000, 0x0000000082d00000, 0x0000000082d00000|100%| O|  |TAMS 0x0000000082d00000, 0x0000000082c00000| Untracked 
|  45|0x0000000082d00000, 0x0000000082e00000, 0x0000000082e00000|100%| O|  |TAMS 0x0000000082e00000, 0x0000000082d00000| Untracked 
|  46|0x0000000082e00000, 0x0000000082f00000, 0x0000000082f00000|100%| O|  |TAMS 0x0000000082f00000, 0x0000000082e00000| Untracked 
|  47|0x0000000082f00000, 0x0000000083000000, 0x0000000083000000|100%|HS|  |TAMS 0x0000000083000000, 0x0000000082f00000| Complete 
|  48|0x0000000083000000, 0x0000000083100000, 0x0000000083100000|100%| O|  |TAMS 0x0000000083000000, 0x0000000083000000| Untracked 
|  49|0x0000000083100000, 0x0000000083200000, 0x0000000083200000|100%| O|  |TAMS 0x0000000083100000, 0x0000000083100000| Untracked 
|  50|0x0000000083200000, 0x0000000083300000, 0x0000000083300000|100%| O|  |TAMS 0x0000000083300000, 0x0000000083200000| Untracked 
|  51|0x0000000083300000, 0x0000000083400000, 0x0000000083400000|100%|HS|  |TAMS 0x0000000083400000, 0x0000000083300000| Complete 
|  52|0x0000000083400000, 0x0000000083500000, 0x0000000083500000|100%|HS|  |TAMS 0x0000000083500000, 0x0000000083400000| Complete 
|  53|0x0000000083500000, 0x0000000083600000, 0x0000000083600000|100%|HS|  |TAMS 0x0000000083600000, 0x0000000083500000| Complete 
|  54|0x0000000083600000, 0x0000000083700000, 0x0000000083700000|100%| O|  |TAMS 0x0000000083700000, 0x0000000083600000| Untracked 
|  55|0x0000000083700000, 0x0000000083800000, 0x0000000083800000|100%|HS|  |TAMS 0x0000000083800000, 0x0000000083700000| Complete 
|  56|0x0000000083800000, 0x0000000083900000, 0x0000000083900000|100%|HS|  |TAMS 0x0000000083900000, 0x0000000083800000| Complete 
|  57|0x0000000083900000, 0x0000000083a00000, 0x0000000083a00000|100%|HS|  |TAMS 0x0000000083a00000, 0x0000000083900000| Complete 
|  58|0x0000000083a00000, 0x0000000083b00000, 0x0000000083b00000|100%| O|  |TAMS 0x0000000083b00000, 0x0000000083a00000| Untracked 
|  59|0x0000000083b00000, 0x0000000083c00000, 0x0000000083c00000|100%| O|  |TAMS 0x0000000083c00000, 0x0000000083b00000| Untracked 
|  60|0x0000000083c00000, 0x0000000083d00000, 0x0000000083d00000|100%| O|  |TAMS 0x0000000083d00000, 0x0000000083c00000| Untracked 
|  61|0x0000000083d00000, 0x0000000083e00000, 0x0000000083e00000|100%| O|  |TAMS 0x0000000083e00000, 0x0000000083d00000| Untracked 
|  62|0x0000000083e00000, 0x0000000083f00000, 0x0000000083f00000|100%| O|  |TAMS 0x0000000083f00000, 0x0000000083e00000| Untracked 
|  63|0x0000000083f00000, 0x0000000084000000, 0x0000000084000000|100%| O|  |TAMS 0x0000000084000000, 0x0000000083f00000| Untracked 
|  64|0x0000000084000000, 0x0000000084100000, 0x0000000084100000|100%| O|  |TAMS 0x0000000084100000, 0x0000000084000000| Untracked 
|  65|0x0000000084100000, 0x0000000084200000, 0x0000000084200000|100%| O|  |TAMS 0x0000000084200000, 0x0000000084100000| Untracked 
|  66|0x0000000084200000, 0x0000000084300000, 0x0000000084300000|100%| O|  |TAMS 0x0000000084300000, 0x0000000084200000| Untracked 
|  67|0x0000000084300000, 0x0000000084400000, 0x0000000084400000|100%| O|  |TAMS 0x0000000084400000, 0x0000000084300000| Untracked 
|  68|0x0000000084400000, 0x0000000084500000, 0x0000000084500000|100%| O|  |TAMS 0x0000000084500000, 0x0000000084400000| Untracked 
|  69|0x0000000084500000, 0x0000000084600000, 0x0000000084600000|100%| O|  |TAMS 0x0000000084600000, 0x0000000084500000| Untracked 
|  70|0x0000000084600000, 0x0000000084700000, 0x0000000084700000|100%| O|  |TAMS 0x0000000084700000, 0x0000000084600000| Untracked 
|  71|0x0000000084700000, 0x0000000084800000, 0x0000000084800000|100%| O|  |TAMS 0x0000000084800000, 0x0000000084700000| Untracked 
|  72|0x0000000084800000, 0x0000000084900000, 0x0000000084900000|100%| O|  |TAMS 0x0000000084900000, 0x0000000084800000| Untracked 
|  73|0x0000000084900000, 0x0000000084a00000, 0x0000000084a00000|100%| O|  |TAMS 0x0000000084a00000, 0x0000000084900000| Untracked 
|  74|0x0000000084a00000, 0x0000000084b00000, 0x0000000084b00000|100%| O|  |TAMS 0x0000000084b00000, 0x0000000084a00000| Untracked 
|  75|0x0000000084b00000, 0x0000000084c00000, 0x0000000084c00000|100%| O|  |TAMS 0x0000000084c00000, 0x0000000084b00000| Untracked 
|  76|0x0000000084c00000, 0x0000000084d00000, 0x0000000084d00000|100%| O|  |TAMS 0x0000000084d00000, 0x0000000084c00000| Untracked 
|  77|0x0000000084d00000, 0x0000000084e00000, 0x0000000084e00000|100%| O|  |TAMS 0x0000000084e00000, 0x0000000084d00000| Untracked 
|  78|0x0000000084e00000, 0x0000000084f00000, 0x0000000084f00000|100%| O|  |TAMS 0x0000000084f00000, 0x0000000084e00000| Untracked 
|  79|0x0000000084f00000, 0x0000000085000000, 0x0000000085000000|100%| O|  |TAMS 0x0000000085000000, 0x0000000084f00000| Untracked 
|  80|0x0000000085000000, 0x0000000085100000, 0x0000000085100000|100%| O|  |TAMS 0x0000000085100000, 0x0000000085000000| Untracked 
|  81|0x0000000085100000, 0x0000000085200000, 0x0000000085200000|100%| O|  |TAMS 0x0000000085200000, 0x0000000085100000| Untracked 
|  82|0x0000000085200000, 0x0000000085300000, 0x0000000085300000|100%| O|  |TAMS 0x0000000085300000, 0x0000000085200000| Untracked 
|  83|0x0000000085300000, 0x0000000085400000, 0x0000000085400000|100%| O|  |TAMS 0x0000000085400000, 0x0000000085300000| Untracked 
|  84|0x0000000085400000, 0x0000000085500000, 0x0000000085500000|100%| O|  |TAMS 0x0000000085500000, 0x0000000085400000| Untracked 
|  85|0x0000000085500000, 0x0000000085600000, 0x0000000085600000|100%| O|  |TAMS 0x0000000085600000, 0x0000000085500000| Untracked 
|  86|0x0000000085600000, 0x0000000085700000, 0x0000000085700000|100%| O|  |TAMS 0x0000000085700000, 0x0000000085600000| Untracked 
|  87|0x0000000085700000, 0x0000000085800000, 0x0000000085800000|100%| O|  |TAMS 0x0000000085800000, 0x0000000085700000| Untracked 
|  88|0x0000000085800000, 0x0000000085900000, 0x0000000085900000|100%| O|  |TAMS 0x00000000858c3e00, 0x0000000085800000| Untracked 
|  89|0x0000000085900000, 0x0000000085a00000, 0x0000000085a00000|100%| O|  |TAMS 0x0000000085900000, 0x0000000085900000| Untracked 
|  90|0x0000000085a00000, 0x0000000085b00000, 0x0000000085b00000|100%| O|  |TAMS 0x0000000085a00000, 0x0000000085a00000| Untracked 
|  91|0x0000000085b00000, 0x0000000085c00000, 0x0000000085c00000|100%| O|  |TAMS 0x0000000085b00000, 0x0000000085b00000| Untracked 
|  92|0x0000000085c00000, 0x0000000085d00000, 0x0000000085d00000|100%| O|  |TAMS 0x0000000085c00000, 0x0000000085c00000| Untracked 
|  93|0x0000000085d00000, 0x0000000085e00000, 0x0000000085e00000|100%| O|  |TAMS 0x0000000085d00000, 0x0000000085d00000| Untracked 
|  94|0x0000000085e00000, 0x0000000085f00000, 0x0000000085f00000|100%| O|  |TAMS 0x0000000085e00000, 0x0000000085e00000| Untracked 
|  95|0x0000000085f00000, 0x0000000086000000, 0x0000000086000000|100%| O|  |TAMS 0x0000000085f00000, 0x0000000085f00000| Untracked 
|  96|0x0000000086000000, 0x0000000086100000, 0x0000000086100000|100%| O|  |TAMS 0x0000000086000000, 0x0000000086000000| Untracked 
|  97|0x0000000086100000, 0x0000000086200000, 0x0000000086200000|100%| O|  |TAMS 0x0000000086100000, 0x0000000086100000| Untracked 
|  98|0x0000000086200000, 0x0000000086300000, 0x0000000086300000|100%| O|  |TAMS 0x0000000086200000, 0x0000000086200000| Untracked 
|  99|0x0000000086300000, 0x0000000086400000, 0x0000000086400000|100%| O|  |TAMS 0x0000000086300000, 0x0000000086300000| Untracked 
| 100|0x0000000086400000, 0x0000000086500000, 0x0000000086500000|100%| O|  |TAMS 0x0000000086400000, 0x0000000086400000| Untracked 
| 101|0x0000000086500000, 0x0000000086600000, 0x0000000086600000|100%| O|  |TAMS 0x0000000086500000, 0x0000000086500000| Untracked 
| 102|0x0000000086600000, 0x0000000086700000, 0x0000000086700000|100%| O|  |TAMS 0x0000000086600000, 0x0000000086600000| Untracked 
| 103|0x0000000086700000, 0x0000000086800000, 0x0000000086800000|100%| O|  |TAMS 0x0000000086700000, 0x0000000086700000| Untracked 
| 104|0x0000000086800000, 0x0000000086900000, 0x0000000086900000|100%| O|  |TAMS 0x0000000086800000, 0x0000000086800000| Untracked 
| 105|0x0000000086900000, 0x0000000086a00000, 0x0000000086a00000|100%| O|  |TAMS 0x0000000086900000, 0x0000000086900000| Untracked 
| 106|0x0000000086a00000, 0x0000000086b00000, 0x0000000086b00000|100%| O|  |TAMS 0x0000000086a00000, 0x0000000086a00000| Untracked 
| 107|0x0000000086b00000, 0x0000000086c00000, 0x0000000086c00000|100%| O|  |TAMS 0x0000000086b00000, 0x0000000086b00000| Untracked 
| 108|0x0000000086c00000, 0x0000000086d00000, 0x0000000086d00000|100%| O|  |TAMS 0x0000000086c00000, 0x0000000086c00000| Untracked 
| 109|0x0000000086d00000, 0x0000000086e00000, 0x0000000086e00000|100%| O|  |TAMS 0x0000000086d00000, 0x0000000086d00000| Untracked 
| 110|0x0000000086e00000, 0x0000000086f00000, 0x0000000086f00000|100%| O|  |TAMS 0x0000000086e00000, 0x0000000086e00000| Untracked 
| 111|0x0000000086f00000, 0x0000000087000000, 0x0000000087000000|100%| O|  |TAMS 0x0000000086f00000, 0x0000000086f00000| Untracked 
| 112|0x0000000087000000, 0x0000000087100000, 0x0000000087100000|100%| O|  |TAMS 0x0000000087000000, 0x0000000087000000| Untracked 
| 113|0x0000000087100000, 0x0000000087200000, 0x0000000087200000|100%| O|  |TAMS 0x0000000087100000, 0x0000000087100000| Untracked 
| 114|0x0000000087200000, 0x0000000087300000, 0x0000000087300000|100%| O|  |TAMS 0x0000000087200000, 0x0000000087200000| Untracked 
| 115|0x0000000087300000, 0x0000000087400000, 0x0000000087400000|100%| O|  |TAMS 0x0000000087300000, 0x0000000087300000| Untracked 
| 116|0x0000000087400000, 0x0000000087500000, 0x0000000087500000|100%| O|  |TAMS 0x0000000087400000, 0x0000000087400000| Untracked 
| 117|0x0000000087500000, 0x0000000087600000, 0x0000000087600000|100%| O|  |TAMS 0x0000000087500000, 0x0000000087500000| Untracked 
| 118|0x0000000087600000, 0x0000000087700000, 0x0000000087700000|100%| O|  |TAMS 0x0000000087600000, 0x0000000087600000| Untracked 
| 119|0x0000000087700000, 0x0000000087800000, 0x0000000087800000|100%| O|  |TAMS 0x0000000087700000, 0x0000000087700000| Untracked 
| 120|0x0000000087800000, 0x0000000087900000, 0x0000000087900000|100%| O|  |TAMS 0x0000000087800000, 0x0000000087800000| Untracked 
| 121|0x0000000087900000, 0x0000000087a00000, 0x0000000087a00000|100%| O|  |TAMS 0x0000000087900000, 0x0000000087900000| Untracked 
| 122|0x0000000087a00000, 0x0000000087b00000, 0x0000000087b00000|100%| O|  |TAMS 0x0000000087a00000, 0x0000000087a00000| Untracked 
| 123|0x0000000087b00000, 0x0000000087c00000, 0x0000000087c00000|100%| O|  |TAMS 0x0000000087b00000, 0x0000000087b00000| Untracked 
| 124|0x0000000087c00000, 0x0000000087d00000, 0x0000000087d00000|100%| O|  |TAMS 0x0000000087c00000, 0x0000000087c00000| Untracked 
| 125|0x0000000087d00000, 0x0000000087e00000, 0x0000000087e00000|100%| O|  |TAMS 0x0000000087d00000, 0x0000000087d00000| Untracked 
| 126|0x0000000087e00000, 0x0000000087f00000, 0x0000000087f00000|100%| O|  |TAMS 0x0000000087e00000, 0x0000000087e00000| Untracked 
| 127|0x0000000087f00000, 0x0000000088000000, 0x0000000088000000|100%| O|  |TAMS 0x0000000087f00000, 0x0000000087f00000| Untracked 
| 128|0x0000000088000000, 0x0000000088100000, 0x0000000088100000|100%| O|  |TAMS 0x0000000088000000, 0x0000000088000000| Untracked 
| 129|0x0000000088100000, 0x0000000088200000, 0x0000000088200000|100%| O|  |TAMS 0x0000000088100000, 0x0000000088100000| Untracked 
| 130|0x0000000088200000, 0x0000000088300000, 0x0000000088300000|100%| O|  |TAMS 0x0000000088200000, 0x0000000088200000| Untracked 
| 131|0x0000000088300000, 0x0000000088400000, 0x0000000088400000|100%| O|  |TAMS 0x0000000088300000, 0x0000000088300000| Untracked 
| 132|0x0000000088400000, 0x0000000088500000, 0x0000000088500000|100%| O|  |TAMS 0x0000000088400000, 0x0000000088400000| Untracked 
| 133|0x0000000088500000, 0x0000000088600000, 0x0000000088600000|100%| O|  |TAMS 0x0000000088500000, 0x0000000088500000| Untracked 
| 134|0x0000000088600000, 0x0000000088700000, 0x0000000088700000|100%| O|  |TAMS 0x0000000088600000, 0x0000000088600000| Untracked 
| 135|0x0000000088700000, 0x0000000088800000, 0x0000000088800000|100%| O|  |TAMS 0x0000000088700000, 0x0000000088700000| Untracked 
| 136|0x0000000088800000, 0x0000000088900000, 0x0000000088900000|100%| O|  |TAMS 0x0000000088800000, 0x0000000088800000| Untracked 
| 137|0x0000000088900000, 0x0000000088a00000, 0x0000000088a00000|100%| O|  |TAMS 0x0000000088900000, 0x0000000088900000| Untracked 
| 138|0x0000000088a00000, 0x0000000088b00000, 0x0000000088b00000|100%| O|  |TAMS 0x0000000088a00000, 0x0000000088a00000| Untracked 
| 139|0x0000000088b00000, 0x0000000088c00000, 0x0000000088c00000|100%| O|  |TAMS 0x0000000088b00000, 0x0000000088b00000| Untracked 
| 140|0x0000000088c00000, 0x0000000088d00000, 0x0000000088d00000|100%| O|  |TAMS 0x0000000088c00000, 0x0000000088c00000| Untracked 
| 141|0x0000000088d00000, 0x0000000088e00000, 0x0000000088e00000|100%| O|  |TAMS 0x0000000088d00000, 0x0000000088d00000| Untracked 
| 142|0x0000000088e00000, 0x0000000088f00000, 0x0000000088f00000|100%| O|  |TAMS 0x0000000088e00000, 0x0000000088e00000| Untracked 
| 143|0x0000000088f00000, 0x0000000089000000, 0x0000000089000000|100%| O|  |TAMS 0x0000000088f00000, 0x0000000088f00000| Untracked 
| 144|0x0000000089000000, 0x0000000089100000, 0x0000000089100000|100%| O|  |TAMS 0x0000000089000000, 0x0000000089000000| Untracked 
| 145|0x0000000089100000, 0x0000000089200000, 0x0000000089200000|100%| O|  |TAMS 0x0000000089100000, 0x0000000089100000| Untracked 
| 146|0x0000000089200000, 0x0000000089300000, 0x0000000089300000|100%| O|  |TAMS 0x0000000089200000, 0x0000000089200000| Untracked 
| 147|0x0000000089300000, 0x0000000089400000, 0x0000000089400000|100%| O|  |TAMS 0x0000000089300000, 0x0000000089300000| Untracked 
| 148|0x0000000089400000, 0x0000000089449400, 0x0000000089500000| 28%| O|  |TAMS 0x0000000089400000, 0x0000000089400000| Untracked 
| 149|0x0000000089500000, 0x0000000089500000, 0x0000000089600000|  0%| F|  |TAMS 0x0000000089500000, 0x0000000089500000| Untracked 
| 150|0x0000000089600000, 0x0000000089600000, 0x0000000089700000|  0%| F|  |TAMS 0x0000000089600000, 0x0000000089600000| Untracked 
| 151|0x0000000089700000, 0x0000000089700000, 0x0000000089800000|  0%| F|  |TAMS 0x0000000089700000, 0x0000000089700000| Untracked 
| 152|0x0000000089800000, 0x0000000089800000, 0x0000000089900000|  0%| F|  |TAMS 0x0000000089800000, 0x0000000089800000| Untracked 
| 153|0x0000000089900000, 0x0000000089900000, 0x0000000089a00000|  0%| F|  |TAMS 0x0000000089900000, 0x0000000089900000| Untracked 
| 154|0x0000000089a00000, 0x0000000089a00000, 0x0000000089b00000|  0%| F|  |TAMS 0x0000000089a00000, 0x0000000089a00000| Untracked 
| 155|0x0000000089b00000, 0x0000000089b00000, 0x0000000089c00000|  0%| F|  |TAMS 0x0000000089b00000, 0x0000000089b00000| Untracked 
| 156|0x0000000089c00000, 0x0000000089c00000, 0x0000000089d00000|  0%| F|  |TAMS 0x0000000089c00000, 0x0000000089c00000| Untracked 
| 157|0x0000000089d00000, 0x0000000089d00000, 0x0000000089e00000|  0%| F|  |TAMS 0x0000000089d00000, 0x0000000089d00000| Untracked 
| 158|0x0000000089e00000, 0x0000000089e00000, 0x0000000089f00000|  0%| F|  |TAMS 0x0000000089e00000, 0x0000000089e00000| Untracked 
| 159|0x0000000089f00000, 0x0000000089f00000, 0x000000008a000000|  0%| F|  |TAMS 0x0000000089f00000, 0x0000000089f00000| Untracked 
| 160|0x000000008a000000, 0x000000008a000000, 0x000000008a100000|  0%| F|  |TAMS 0x000000008a000000, 0x000000008a000000| Untracked 
| 161|0x000000008a100000, 0x000000008a100000, 0x000000008a200000|  0%| F|  |TAMS 0x000000008a100000, 0x000000008a100000| Untracked 
| 162|0x000000008a200000, 0x000000008a200000, 0x000000008a300000|  0%| F|  |TAMS 0x000000008a200000, 0x000000008a200000| Untracked 
| 163|0x000000008a300000, 0x000000008a300000, 0x000000008a400000|  0%| F|  |TAMS 0x000000008a300000, 0x000000008a300000| Untracked 
| 164|0x000000008a400000, 0x000000008a400000, 0x000000008a500000|  0%| F|  |TAMS 0x000000008a400000, 0x000000008a400000| Untracked 
| 165|0x000000008a500000, 0x000000008a500000, 0x000000008a600000|  0%| F|  |TAMS 0x000000008a500000, 0x000000008a500000| Untracked 
| 166|0x000000008a600000, 0x000000008a600000, 0x000000008a700000|  0%| F|  |TAMS 0x000000008a600000, 0x000000008a600000| Untracked 
| 167|0x000000008a700000, 0x000000008a700000, 0x000000008a800000|  0%| F|  |TAMS 0x000000008a700000, 0x000000008a700000| Untracked 
| 168|0x000000008a800000, 0x000000008a800000, 0x000000008a900000|  0%| F|  |TAMS 0x000000008a800000, 0x000000008a800000| Untracked 
| 169|0x000000008a900000, 0x000000008a900000, 0x000000008aa00000|  0%| F|  |TAMS 0x000000008a900000, 0x000000008a900000| Untracked 
| 170|0x000000008aa00000, 0x000000008aa00000, 0x000000008ab00000|  0%| F|  |TAMS 0x000000008aa00000, 0x000000008aa00000| Untracked 
| 171|0x000000008ab00000, 0x000000008ab00000, 0x000000008ac00000|  0%| F|  |TAMS 0x000000008ab00000, 0x000000008ab00000| Untracked 
| 172|0x000000008ac00000, 0x000000008ac00000, 0x000000008ad00000|  0%| F|  |TAMS 0x000000008ac00000, 0x000000008ac00000| Untracked 
| 173|0x000000008ad00000, 0x000000008ad00000, 0x000000008ae00000|  0%| F|  |TAMS 0x000000008ad00000, 0x000000008ad00000| Untracked 
| 174|0x000000008ae00000, 0x000000008af00000, 0x000000008af00000|100%| S|CS|TAMS 0x000000008ae00000, 0x000000008ae00000| Complete 
| 175|0x000000008af00000, 0x000000008b000000, 0x000000008b000000|100%| S|CS|TAMS 0x000000008af00000, 0x000000008af00000| Complete 
| 176|0x000000008b000000, 0x000000008b100000, 0x000000008b100000|100%| S|CS|TAMS 0x000000008b000000, 0x000000008b000000| Complete 
| 177|0x000000008b100000, 0x000000008b200000, 0x000000008b200000|100%| S|CS|TAMS 0x000000008b100000, 0x000000008b100000| Complete 
| 178|0x000000008b200000, 0x000000008b300000, 0x000000008b300000|100%| S|CS|TAMS 0x000000008b200000, 0x000000008b200000| Complete 
| 179|0x000000008b300000, 0x000000008b300000, 0x000000008b400000|  0%| F|  |TAMS 0x000000008b300000, 0x000000008b300000| Untracked 
| 180|0x000000008b400000, 0x000000008b400000, 0x000000008b500000|  0%| F|  |TAMS 0x000000008b400000, 0x000000008b400000| Untracked 
| 181|0x000000008b500000, 0x000000008b500000, 0x000000008b600000|  0%| F|  |TAMS 0x000000008b500000, 0x000000008b500000| Untracked 
| 182|0x000000008b600000, 0x000000008b600000, 0x000000008b700000|  0%| F|  |TAMS 0x000000008b600000, 0x000000008b600000| Untracked 
| 183|0x000000008b700000, 0x000000008b700000, 0x000000008b800000|  0%| F|  |TAMS 0x000000008b700000, 0x000000008b700000| Untracked 
| 184|0x000000008b800000, 0x000000008b800000, 0x000000008b900000|  0%| F|  |TAMS 0x000000008b800000, 0x000000008b800000| Untracked 
| 185|0x000000008b900000, 0x000000008b900000, 0x000000008ba00000|  0%| F|  |TAMS 0x000000008b900000, 0x000000008b900000| Untracked 
| 186|0x000000008ba00000, 0x000000008ba00000, 0x000000008bb00000|  0%| F|  |TAMS 0x000000008ba00000, 0x000000008ba00000| Untracked 
| 187|0x000000008bb00000, 0x000000008bb00000, 0x000000008bc00000|  0%| F|  |TAMS 0x000000008bb00000, 0x000000008bb00000| Untracked 
| 188|0x000000008bc00000, 0x000000008bc00000, 0x000000008bd00000|  0%| F|  |TAMS 0x000000008bc00000, 0x000000008bc00000| Untracked 
| 189|0x000000008bd00000, 0x000000008bd00000, 0x000000008be00000|  0%| F|  |TAMS 0x000000008bd00000, 0x000000008bd00000| Untracked 
| 190|0x000000008be00000, 0x000000008be00000, 0x000000008bf00000|  0%| F|  |TAMS 0x000000008be00000, 0x000000008be00000| Untracked 
| 191|0x000000008bf00000, 0x000000008bf00000, 0x000000008c000000|  0%| F|  |TAMS 0x000000008bf00000, 0x000000008bf00000| Untracked 
| 192|0x000000008c000000, 0x000000008c000000, 0x000000008c100000|  0%| F|  |TAMS 0x000000008c000000, 0x000000008c000000| Untracked 
| 193|0x000000008c100000, 0x000000008c100000, 0x000000008c200000|  0%| F|  |TAMS 0x000000008c100000, 0x000000008c100000| Untracked 
| 194|0x000000008c200000, 0x000000008c2e4978, 0x000000008c300000| 89%| E|  |TAMS 0x000000008c200000, 0x000000008c200000| Complete 
| 195|0x000000008c300000, 0x000000008c400000, 0x000000008c400000|100%| E|CS|TAMS 0x000000008c300000, 0x000000008c300000| Complete 
| 196|0x000000008c400000, 0x000000008c500000, 0x000000008c500000|100%| E|CS|TAMS 0x000000008c400000, 0x000000008c400000| Complete 
| 197|0x000000008c500000, 0x000000008c600000, 0x000000008c600000|100%| E|CS|TAMS 0x000000008c500000, 0x000000008c500000| Complete 
| 198|0x000000008c600000, 0x000000008c700000, 0x000000008c700000|100%| E|CS|TAMS 0x000000008c600000, 0x000000008c600000| Complete 
| 199|0x000000008c700000, 0x000000008c800000, 0x000000008c800000|100%| E|CS|TAMS 0x000000008c700000, 0x000000008c700000| Complete 
| 200|0x000000008c800000, 0x000000008c900000, 0x000000008c900000|100%| E|CS|TAMS 0x000000008c800000, 0x000000008c800000| Complete 
| 201|0x000000008c900000, 0x000000008ca00000, 0x000000008ca00000|100%| E|CS|TAMS 0x000000008c900000, 0x000000008c900000| Complete 
| 202|0x000000008ca00000, 0x000000008cb00000, 0x000000008cb00000|100%| E|CS|TAMS 0x000000008ca00000, 0x000000008ca00000| Complete 
| 203|0x000000008cb00000, 0x000000008cc00000, 0x000000008cc00000|100%| E|CS|TAMS 0x000000008cb00000, 0x000000008cb00000| Complete 
| 204|0x000000008cc00000, 0x000000008cd00000, 0x000000008cd00000|100%| E|CS|TAMS 0x000000008cc00000, 0x000000008cc00000| Complete 
| 205|0x000000008cd00000, 0x000000008ce00000, 0x000000008ce00000|100%| E|CS|TAMS 0x000000008cd00000, 0x000000008cd00000| Complete 
| 206|0x000000008ce00000, 0x000000008cf00000, 0x000000008cf00000|100%| E|CS|TAMS 0x000000008ce00000, 0x000000008ce00000| Complete 
| 207|0x000000008cf00000, 0x000000008d000000, 0x000000008d000000|100%| E|CS|TAMS 0x000000008cf00000, 0x000000008cf00000| Complete 
| 208|0x000000008d000000, 0x000000008d100000, 0x000000008d100000|100%| E|CS|TAMS 0x000000008d000000, 0x000000008d000000| Complete 
| 209|0x000000008d100000, 0x000000008d200000, 0x000000008d200000|100%| E|CS|TAMS 0x000000008d100000, 0x000000008d100000| Complete 
| 210|0x000000008d200000, 0x000000008d300000, 0x000000008d300000|100%| E|CS|TAMS 0x000000008d200000, 0x000000008d200000| Complete 
| 211|0x000000008d300000, 0x000000008d400000, 0x000000008d400000|100%| E|CS|TAMS 0x000000008d300000, 0x000000008d300000| Complete 
| 212|0x000000008d400000, 0x000000008d500000, 0x000000008d500000|100%| E|CS|TAMS 0x000000008d400000, 0x000000008d400000| Complete 
| 213|0x000000008d500000, 0x000000008d600000, 0x000000008d600000|100%| E|CS|TAMS 0x000000008d500000, 0x000000008d500000| Complete 
| 214|0x000000008d600000, 0x000000008d700000, 0x000000008d700000|100%| E|CS|TAMS 0x000000008d600000, 0x000000008d600000| Complete 
| 215|0x000000008d700000, 0x000000008d800000, 0x000000008d800000|100%| E|CS|TAMS 0x000000008d700000, 0x000000008d700000| Complete 

Card table byte_map: [0x00000155c6310000,0x00000155c6710000] _byte_map_base: 0x00000155c5f10000

Marking Bits (Prev, Next): (CMBitMap*) 0x00000155ae8dec90, (CMBitMap*) 0x00000155ae8dec50
 Prev Bits: [0x00000155c8b10000, 0x00000155cab10000)
 Next Bits: [0x00000155c6b10000, 0x00000155c8b10000)

Polling page: 0x00000155ad070000

Metaspace:

Usage:
  Non-class:     85.38 MB used.
      Class:     12.94 MB used.
       Both:     98.31 MB used.

Virtual space:
  Non-class space:      128.00 MB reserved,      85.94 MB ( 67%) committed,  2 nodes.
      Class space:        1.00 GB reserved,      13.44 MB (  1%) committed,  1 nodes.
             Both:        1.12 GB reserved,      99.38 MB (  9%) committed. 

Chunk freelists:
   Non-Class:  10.03 MB
       Class:  2.45 MB
        Both:  12.49 MB

MaxMetaspaceSize: unlimited
CompressedClassSpaceSize: 1.00 GB
Initial GC threshold: 21.00 MB
Current GC threshold: 143.38 MB
CDS: on
MetaspaceReclaimPolicy: balanced
 - commit_granule_bytes: 65536.
 - commit_granule_words: 8192.
 - virtual_space_node_default_size: 8388608.
 - enlarge_chunks_in_place: 1.
 - new_chunks_are_fully_committed: 0.
 - uncommit_free_chunks: 1.
 - use_allocation_guard: 0.
 - handle_deallocations: 1.


Internal statistics:

num_allocs_failed_limit: 9.
num_arena_births: 1662.
num_arena_deaths: 0.
num_vsnodes_births: 3.
num_vsnodes_deaths: 0.
num_space_committed: 1588.
num_space_uncommitted: 0.
num_chunks_returned_to_freelist: 9.
num_chunks_taken_from_freelist: 6153.
num_chunk_merges: 9.
num_chunk_splits: 3859.
num_chunks_enlarged: 2303.
num_inconsistent_stats: 0.

CodeHeap 'non-profiled nmethods': size=120000Kb used=11840Kb max_used=11840Kb free=108159Kb
 bounds [0x00000155bdf70000, 0x00000155beb10000, 0x00000155c54a0000]
CodeHeap 'profiled nmethods': size=120000Kb used=26798Kb max_used=27884Kb free=93201Kb
 bounds [0x00000155b64a0000, 0x00000155b7fe0000, 0x00000155bd9d0000]
CodeHeap 'non-nmethods': size=5760Kb used=2418Kb max_used=2522Kb free=3341Kb
 bounds [0x00000155bd9d0000, 0x00000155bdc50000, 0x00000155bdf70000]
 total_blobs=15472 nmethods=14528 adapters=856
 compilation: enabled
              stopped_count=0, restarted_count=0
 full_count=0

Compilation events (20 events):
Event: 3551.895 Thread 0x00000155cd598330 17597       3       org.gradle.internal.build.event.types.DefaultTaskFinishedProgressEvent::getDisplayName (39 bytes)
Event: 3551.895 Thread 0x00000156193c46a0 17576       4       java.net.URI$Parser::scan (41 bytes)
Event: 3551.897 Thread 0x00000155cd598330 nmethod 17597 0x00000155b6fe1310 code [0x00000155b6fe1560, 0x00000155b6fe1db8]
Event: 3551.901 Thread 0x00000155cd598330 17598       1       com.android.builder.internal.BaseConfigImpl::getApplicationIdSuffix (5 bytes)
Event: 3551.901 Thread 0x00000155cd598330 nmethod 17598 0x00000155beafa310 code [0x00000155beafa4a0, 0x00000155beafa578]
Event: 3551.906 Thread 0x00000156193c46a0 nmethod 17576 0x00000155beafa610 code [0x00000155beafa7a0, 0x00000155beafac98]
Event: 3551.906 Thread 0x00000156193c46a0 17573       4       java.util.HashSet::remove (20 bytes)
Event: 3551.910 Thread 0x00000155cd598330 17599       3       org.gradle.tooling.events.task.internal.DefaultTaskOperationDescriptor::<init> (14 bytes)
Event: 3551.910 Thread 0x00000156193c46a0 nmethod 17573 0x00000155beafae10 code [0x00000155beafafc0, 0x00000155beafb238]
Event: 3551.910 Thread 0x00000156193c46a0 17574       4       org.gradle.internal.serialize.kryo.KryoBackedEncoder::writeSmallInt (11 bytes)
Event: 3551.911 Thread 0x00000155cd598330 nmethod 17599 0x00000155b706d610 code [0x00000155b706d860, 0x00000155b706e318]
Event: 3551.911 Thread 0x00000155cd598330 17600       3       org.gradle.tooling.internal.consumer.parameters.BuildProgressListenerAdapter::toTaskResult (179 bytes)
Event: 3551.911 Thread 0x00000156193c46a0 nmethod 17574 0x00000155beafb410 code [0x00000155beafb5a0, 0x00000155beafb668]
Event: 3551.911 Thread 0x00000156193c46a0 17569       4       org.gradle.internal.snapshot.EmptyChildMap::withNode (7 bytes)
Event: 3551.914 Thread 0x00000156193c46a0 nmethod 17569 0x00000155beafb790 code [0x00000155beafb920, 0x00000155beafba98]
Event: 3551.914 Thread 0x00000156193c46a0 17602       4       org.gradle.internal.typeconversion.NotationConverterToNotationParserAdapter::parseNotation (41 bytes)
Event: 3551.916 Thread 0x00000155cd598330 nmethod 17600 0x00000155b7135c90 code [0x00000155b7136100, 0x00000155b7139778]
Event: 3551.916 Thread 0x00000155cd598330 17601       3       org.gradle.tooling.events.task.internal.DefaultTaskFinishEvent::<init> (11 bytes)
Event: 3551.916 Thread 0x00000155cd598330 nmethod 17601 0x00000155b7135890 code [0x00000155b7135a40, 0x00000155b7135b88]
Event: 3551.935 Thread 0x00000155cd598330 17604       3       org.gradle.api.internal.artifacts.configurations.ResolutionBackedFileCollection::visitContents (29 bytes)

GC Heap History (20 events):
Event: 1448.761 GC heap before
{Heap before GC invocations=53 (full 0):
 garbage-first heap   total 184320K, used 156375K [0x0000000080000000, 0x0000000100000000)
  region size 1024K, 28 young (28672K), 4 survivors (4096K)
 Metaspace       used 99635K, committed 100672K, reserved 1179648K
  class space    used 13188K, committed 13696K, reserved 1048576K
}
Event: 1448.776 GC heap after
{Heap after GC invocations=54 (full 0):
 garbage-first heap   total 184320K, used 136844K [0x0000000080000000, 0x0000000100000000)
  region size 1024K, 4 young (4096K), 4 survivors (4096K)
 Metaspace       used 99635K, committed 100672K, reserved 1179648K
  class space    used 13188K, committed 13696K, reserved 1048576K
}
Event: 1449.233 GC heap before
{Heap before GC invocations=54 (full 0):
 garbage-first heap   total 184320K, used 156300K [0x0000000080000000, 0x0000000100000000)
  region size 1024K, 24 young (24576K), 4 survivors (4096K)
 Metaspace       used 99722K, committed 100800K, reserved 1179648K
  class space    used 13193K, committed 13696K, reserved 1048576K
}
Event: 1449.242 GC heap after
{Heap after GC invocations=55 (full 0):
 garbage-first heap   total 184320K, used 138720K [0x0000000080000000, 0x0000000100000000)
  region size 1024K, 3 young (3072K), 3 survivors (3072K)
 Metaspace       used 99722K, committed 100800K, reserved 1179648K
  class space    used 13193K, committed 13696K, reserved 1048576K
}
Event: 1449.685 GC heap before
{Heap before GC invocations=55 (full 0):
 garbage-first heap   total 184320K, used 157152K [0x0000000080000000, 0x0000000100000000)
  region size 1024K, 21 young (21504K), 3 survivors (3072K)
 Metaspace       used 99821K, committed 100864K, reserved 1179648K
  class space    used 13199K, committed 13696K, reserved 1048576K
}
Event: 1449.692 GC heap after
{Heap after GC invocations=56 (full 0):
 garbage-first heap   total 184320K, used 139957K [0x0000000080000000, 0x0000000100000000)
  region size 1024K, 2 young (2048K), 2 survivors (2048K)
 Metaspace       used 99821K, committed 100864K, reserved 1179648K
  class space    used 13199K, committed 13696K, reserved 1048576K
}
Event: 2186.082 GC heap before
{Heap before GC invocations=56 (full 0):
 garbage-first heap   total 184320K, used 158389K [0x0000000080000000, 0x0000000100000000)
  region size 1024K, 20 young (20480K), 2 survivors (2048K)
 Metaspace       used 99846K, committed 100864K, reserved 1179648K
  class space    used 13199K, committed 13696K, reserved 1048576K
}
Event: 2186.096 GC heap after
{Heap after GC invocations=57 (full 0):
 garbage-first heap   total 184320K, used 139906K [0x0000000080000000, 0x0000000100000000)
  region size 1024K, 2 young (2048K), 2 survivors (2048K)
 Metaspace       used 99846K, committed 100864K, reserved 1179648K
  class space    used 13199K, committed 13696K, reserved 1048576K
}
Event: 2299.540 GC heap before
{Heap before GC invocations=57 (full 0):
 garbage-first heap   total 184320K, used 159362K [0x0000000080000000, 0x0000000100000000)
  region size 1024K, 21 young (21504K), 2 survivors (2048K)
 Metaspace       used 99931K, committed 100928K, reserved 1179648K
  class space    used 13204K, committed 13696K, reserved 1048576K
}
Event: 2299.552 GC heap after
{Heap after GC invocations=58 (full 0):
 garbage-first heap   total 184320K, used 142702K [0x0000000080000000, 0x0000000100000000)
  region size 1024K, 3 young (3072K), 3 survivors (3072K)
 Metaspace       used 99931K, committed 100928K, reserved 1179648K
  class space    used 13204K, committed 13696K, reserved 1048576K
}
Event: 2299.742 GC heap before
{Heap before GC invocations=58 (full 0):
 garbage-first heap   total 184320K, used 158062K [0x0000000080000000, 0x0000000100000000)
  region size 1024K, 19 young (19456K), 3 survivors (3072K)
 Metaspace       used 99972K, committed 100992K, reserved 1179648K
  class space    used 13206K, committed 13696K, reserved 1048576K
}
Event: 2299.751 GC heap after
{Heap after GC invocations=59 (full 0):
 garbage-first heap   total 184320K, used 144559K [0x0000000080000000, 0x0000000100000000)
  region size 1024K, 2 young (2048K), 2 survivors (2048K)
 Metaspace       used 99972K, committed 100992K, reserved 1179648K
  class space    used 13206K, committed 13696K, reserved 1048576K
}
Event: 2300.210 GC heap before
{Heap before GC invocations=59 (full 0):
 garbage-first heap   total 184320K, used 159919K [0x0000000080000000, 0x0000000100000000)
  region size 1024K, 17 young (17408K), 2 survivors (2048K)
 Metaspace       used 100134K, committed 101120K, reserved 1179648K
  class space    used 13212K, committed 13696K, reserved 1048576K
}
Event: 2300.219 GC heap after
{Heap after GC invocations=60 (full 0):
 garbage-first heap   total 221184K, used 147209K [0x0000000080000000, 0x0000000100000000)
  region size 1024K, 3 young (3072K), 3 survivors (3072K)
 Metaspace       used 100134K, committed 101120K, reserved 1179648K
  class space    used 13212K, committed 13696K, reserved 1048576K
}
Event: 2301.205 GC heap before
{Heap before GC invocations=60 (full 0):
 garbage-first heap   total 221184K, used 184073K [0x0000000080000000, 0x0000000100000000)
  region size 1024K, 40 young (40960K), 3 survivors (3072K)
 Metaspace       used 100350K, committed 101504K, reserved 1179648K
  class space    used 13246K, committed 13760K, reserved 1048576K
}
Event: 2301.215 GC heap after
{Heap after GC invocations=61 (full 0):
 garbage-first heap   total 221184K, used 150494K [0x0000000080000000, 0x0000000100000000)
  region size 1024K, 5 young (5120K), 5 survivors (5120K)
 Metaspace       used 100350K, committed 101504K, reserved 1179648K
  class space    used 13246K, committed 13760K, reserved 1048576K
}
Event: 3549.597 GC heap before
{Heap before GC invocations=61 (full 0):
 garbage-first heap   total 221184K, used 186334K [0x0000000080000000, 0x0000000100000000)
  region size 1024K, 40 young (40960K), 5 survivors (5120K)
 Metaspace       used 100451K, committed 101568K, reserved 1179648K
  class space    used 13247K, committed 13760K, reserved 1048576K
}
Event: 3549.622 GC heap after
{Heap after GC invocations=62 (full 0):
 garbage-first heap   total 221184K, used 152167K [0x0000000080000000, 0x0000000100000000)
  region size 1024K, 2 young (2048K), 2 survivors (2048K)
 Metaspace       used 100451K, committed 101568K, reserved 1179648K
  class space    used 13247K, committed 13760K, reserved 1048576K
}
Event: 3551.017 GC heap before
{Heap before GC invocations=62 (full 0):
 garbage-first heap   total 221184K, used 186983K [0x0000000080000000, 0x0000000100000000)
  region size 1024K, 37 young (37888K), 2 survivors (2048K)
 Metaspace       used 100605K, committed 101696K, reserved 1179648K
  class space    used 13247K, committed 13760K, reserved 1048576K
}
Event: 3551.026 GC heap after
{Heap after GC invocations=63 (full 0):
 garbage-first heap   total 221184K, used 156965K [0x0000000080000000, 0x0000000100000000)
  region size 1024K, 5 young (5120K), 5 survivors (5120K)
 Metaspace       used 100605K, committed 101696K, reserved 1179648K
  class space    used 13247K, committed 13760K, reserved 1048576K
}

Dll operation events (15 events):
Event: 0.009 Loaded shared library C:\Users\17822\.jdks\ms-17.0.16\bin\java.dll
Event: 0.033 Loaded shared library C:\Users\17822\.jdks\ms-17.0.16\bin\jsvml.dll
Event: 0.097 Loaded shared library C:\Users\17822\.jdks\ms-17.0.16\bin\zip.dll
Event: 0.100 Loaded shared library C:\Users\17822\.jdks\ms-17.0.16\bin\instrument.dll
Event: 0.105 Loaded shared library C:\Users\17822\.jdks\ms-17.0.16\bin\net.dll
Event: 0.107 Loaded shared library C:\Users\17822\.jdks\ms-17.0.16\bin\nio.dll
Event: 0.111 Loaded shared library C:\Users\17822\.jdks\ms-17.0.16\bin\zip.dll
Event: 9.696 Loaded shared library C:\Users\17822\.jdks\ms-17.0.16\bin\jimage.dll
Event: 14.653 Loaded shared library C:\Users\17822\.jdks\ms-17.0.16\bin\verify.dll
Event: 14.816 Loaded shared library C:\Users\17822\.gradle\native\1def1411415f61bf3af743bc5b6707747c0891f09f0c88961ee8f79bc544acac\windows-amd64\native-platform.dll
Event: 14.851 Loaded shared library C:\Users\17822\.gradle\native\0.2.7\x86_64-windows-gnu\gradle-fileevents.dll
Event: 34.310 Loaded shared library C:\Users\17822\.jdks\ms-17.0.16\bin\management.dll
Event: 34.317 Loaded shared library C:\Users\17822\.jdks\ms-17.0.16\bin\management_ext.dll
Event: 35.250 Loaded shared library C:\Users\17822\.jdks\ms-17.0.16\bin\extnet.dll
Event: 36.101 Loaded shared library C:\Users\17822\.jdks\ms-17.0.16\bin\sunmscapi.dll

Deoptimization events (20 events):
Event: 3548.938 Thread 0x0000015615c34000 Uncommon trap: trap_request=0xffffffde fr.pc=0x00000155be6c1410 relative=0x0000000000000650
Event: 3548.939 Thread 0x0000015615c34000 Uncommon trap: reason=class_check action=maybe_recompile pc=0x00000155be6c1410 method=org.gradle.cache.internal.LockOnDemandCrossProcessCacheAccess.incrementLockCount()V @ 97 c2
Event: 3548.940 Thread 0x0000015615c34000 DEOPT PACKING pc=0x00000155be6c1410 sp=0x00000026205f9ab0
Event: 3548.940 Thread 0x0000015615c34000 DEOPT UNPACKING pc=0x00000155bda2a1a3 sp=0x00000026205f9a60 mode 2
Event: 3549.464 Thread 0x0000015615c34000 Uncommon trap: trap_request=0xffffff6e fr.pc=0x00000155bdf8c530 relative=0x0000000000000170
Event: 3549.464 Thread 0x0000015615c34000 Uncommon trap: reason=loop_limit_check action=maybe_recompile pc=0x00000155bdf8c530 method=org.antlr.v4.runtime.BufferedTokenStream.previousTokenOnChannel(II)I @ 22 c2
Event: 3549.464 Thread 0x0000015615c34000 DEOPT PACKING pc=0x00000155bdf8c530 sp=0x00000026205fad30
Event: 3549.464 Thread 0x0000015615c34000 DEOPT UNPACKING pc=0x00000155bda2a1a3 sp=0x00000026205facc0 mode 2
Event: 3549.472 Thread 0x0000015615c34000 Uncommon trap: trap_request=0xffffffbe fr.pc=0x00000155be707f38 relative=0x0000000000001a78
Event: 3549.472 Thread 0x0000015615c34000 Uncommon trap: reason=profile_predicate action=maybe_recompile pc=0x00000155be707f38 method=com.google.common.collect.MapMakerInternalMap$Segment.expand()V @ 59 c2
Event: 3549.472 Thread 0x0000015615c34000 DEOPT PACKING pc=0x00000155be707f38 sp=0x00000026205fad70
Event: 3549.472 Thread 0x0000015615c34000 DEOPT UNPACKING pc=0x00000155bda2a1a3 sp=0x00000026205fad18 mode 2
Event: 3550.491 Thread 0x0000015615c34000 DEOPT PACKING pc=0x00000155b727f5df sp=0x00000026205f9040
Event: 3550.491 Thread 0x0000015615c34000 DEOPT UNPACKING pc=0x00000155bda2ace3 sp=0x00000026205f84c8 mode 0
Event: 3551.575 Thread 0x0000015614d6a300 Uncommon trap: trap_request=0xffffff45 fr.pc=0x00000155be663a38 relative=0x0000000000000698
Event: 3551.575 Thread 0x0000015614d6a300 Uncommon trap: reason=unstable_if action=reinterpret pc=0x00000155be663a38 method=java.util.concurrent.locks.ReentrantLock$Sync.tryLock()Z @ 34 c2
Event: 3551.575 Thread 0x0000015614d6a300 DEOPT PACKING pc=0x00000155be663a38 sp=0x00000026251fec50
Event: 3551.575 Thread 0x0000015614d6a300 DEOPT UNPACKING pc=0x00000155bda2a1a3 sp=0x00000026251fea18 mode 2
Event: 3551.769 Thread 0x0000015615cb89f0 DEOPT PACKING pc=0x00000155b64ad1b1 sp=0x0000002623efa500
Event: 3551.770 Thread 0x0000015615cb89f0 DEOPT UNPACKING pc=0x00000155bda2ace3 sp=0x0000002623ef9a18 mode 0

Classes loaded (20 events):
Event: 83.511 Loading class sun/reflect/misc/MethodUtil
Event: 83.511 Loading class sun/reflect/misc/MethodUtil done
Event: 83.511 Loading class sun/reflect/misc/MethodUtil$1
Event: 83.512 Loading class sun/reflect/misc/MethodUtil$1 done
Event: 83.600 Loading class java/nio/file/StandardCopyOption
Event: 83.600 Loading class java/nio/file/StandardCopyOption done
Event: 83.600 Loading class sun/nio/fs/WindowsFileCopy
Event: 83.601 Loading class sun/nio/fs/WindowsFileCopy done
Event: 83.812 Loading class java/util/Locale$1
Event: 83.813 Loading class java/util/Locale$1 done
Event: 83.825 Loading class java/util/concurrent/CompletableFuture$AsyncRun
Event: 83.827 Loading class java/util/concurrent/CompletableFuture$AsyncRun done
Event: 865.663 Loading class jdk/internal/math/FormattedFloatingDecimal$Form
Event: 865.736 Loading class jdk/internal/math/FormattedFloatingDecimal$Form done
Event: 865.739 Loading class jdk/internal/math/FormattedFloatingDecimal
Event: 865.822 Loading class jdk/internal/math/FormattedFloatingDecimal done
Event: 865.832 Loading class jdk/internal/math/FormattedFloatingDecimal$1
Event: 865.850 Loading class jdk/internal/math/FormattedFloatingDecimal$1 done
Event: 865.880 Loading class jdk/internal/math/FormattedFloatingDecimal$2
Event: 865.886 Loading class jdk/internal/math/FormattedFloatingDecimal$2 done

Classes unloaded (0 events):
No events

Classes redefined (0 events):
No events

Internal exceptions (20 events):
Event: 3549.419 Thread 0x0000015615c34000 Exception <a 'sun/nio/fs/WindowsException'{0x000000008b8fbdf0}> (0x000000008b8fbdf0) 
thrown [s\src\hotspot\share\prims\jni.cpp, line 516]
Event: 3549.419 Thread 0x0000015615c34000 Exception <a 'sun/nio/fs/WindowsException'{0x000000008b8fd298}> (0x000000008b8fd298) 
thrown [s\src\hotspot\share\prims\jni.cpp, line 516]
Event: 3549.420 Thread 0x0000015615c34000 Exception <a 'sun/nio/fs/WindowsException'{0x000000008b8fe730}> (0x000000008b8fe730) 
thrown [s\src\hotspot\share\prims\jni.cpp, line 516]
Event: 3549.420 Thread 0x0000015615c34000 Exception <a 'sun/nio/fs/WindowsException'{0x000000008b8ff7b8}> (0x000000008b8ff7b8) 
thrown [s\src\hotspot\share\prims\jni.cpp, line 516]
Event: 3549.450 Thread 0x0000015615c34000 Exception <a 'sun/nio/fs/WindowsException'{0x000000008b745128}> (0x000000008b745128) 
thrown [s\src\hotspot\share\prims\jni.cpp, line 516]
Event: 3549.450 Thread 0x0000015615c34000 Exception <a 'sun/nio/fs/WindowsException'{0x000000008b746a88}> (0x000000008b746a88) 
thrown [s\src\hotspot\share\prims\jni.cpp, line 516]
Event: 3549.450 Thread 0x0000015615c34000 Exception <a 'sun/nio/fs/WindowsException'{0x000000008b748d98}> (0x000000008b748d98) 
thrown [s\src\hotspot\share\prims\jni.cpp, line 516]
Event: 3550.490 Thread 0x0000015615c34000 Exception <a 'java/lang/NoClassDefFoundError'{0x000000008be0ec20}: org/jetbrains/kotlin/gradle/plugin/KotlinBaseApiPlugin> (0x000000008be0ec20) 
thrown [s\src\hotspot\share\oops\constantPool.cpp, line 837]
Event: 3550.498 Thread 0x0000015615c34000 Exception <a 'java/lang/NoClassDefFoundError'{0x000000008be31658}: org/jetbrains/kotlin/gradle/plugin/KotlinBasePluginWrapper> (0x000000008be31658) 
thrown [s\src\hotspot\share\oops\constantPool.cpp, line 837]
Event: 3550.503 Thread 0x0000015615c34000 Exception <a 'java/lang/NoClassDefFoundError'{0x000000008be51100}: org/jetbrains/kotlin/gradle/plugin/KotlinBasePluginWrapper> (0x000000008be51100) 
thrown [s\src\hotspot\share\oops\constantPool.cpp, line 837]
Event: 3550.505 Thread 0x0000015615c34000 Exception <a 'java/lang/NoClassDefFoundError'{0x000000008be678d8}: org/jetbrains/kotlin/gradle/plugin/KotlinBasePluginWrapper> (0x000000008be678d8) 
thrown [s\src\hotspot\share\oops\constantPool.cpp, line 837]
Event: 3550.507 Thread 0x0000015615c34000 Exception <a 'java/lang/NoClassDefFoundError'{0x000000008be7fea8}: org/jetbrains/kotlin/gradle/plugin/KotlinBasePluginWrapper> (0x000000008be7fea8) 
thrown [s\src\hotspot\share\oops\constantPool.cpp, line 837]
Event: 3550.509 Thread 0x0000015615c34000 Exception <a 'java/lang/NoClassDefFoundError'{0x000000008be9f420}: org/jetbrains/kotlin/gradle/plugin/KotlinBasePluginWrapper> (0x000000008be9f420) 
thrown [s\src\hotspot\share\oops\constantPool.cpp, line 837]
Event: 3550.599 Thread 0x0000015615c34000 Exception <a 'java/lang/NoClassDefFoundError'{0x000000008bb90360}: org/jetbrains/kotlin/gradle/plugin/KotlinBasePluginWrapper> (0x000000008bb90360) 
thrown [s\src\hotspot\share\oops\constantPool.cpp, line 837]
Event: 3550.756 Thread 0x0000015615c34000 Exception <a 'sun/nio/fs/WindowsException'{0x000000008ba9fc48}> (0x000000008ba9fc48) 
thrown [s\src\hotspot\share\prims\jni.cpp, line 516]
Event: 3550.756 Thread 0x0000015615c34000 Exception <a 'sun/nio/fs/WindowsException'{0x000000008baa1270}> (0x000000008baa1270) 
thrown [s\src\hotspot\share\prims\jni.cpp, line 516]
Event: 3550.756 Thread 0x0000015615c34000 Exception <a 'sun/nio/fs/WindowsException'{0x000000008baa28e8}> (0x000000008baa28e8) 
thrown [s\src\hotspot\share\prims\jni.cpp, line 516]
Event: 3550.756 Thread 0x0000015615c34000 Exception <a 'sun/nio/fs/WindowsException'{0x000000008baa3f60}> (0x000000008baa3f60) 
thrown [s\src\hotspot\share\prims\jni.cpp, line 516]
Event: 3550.994 Thread 0x0000015615c34000 Exception <a 'sun/nio/fs/WindowsException'{0x000000008b512878}> (0x000000008b512878) 
thrown [s\src\hotspot\share\prims\jni.cpp, line 516]
Event: 3551.127 Thread 0x0000015615cb89f0 Exception <a 'sun/nio/fs/WindowsException'{0x000000008d5099f8}> (0x000000008d5099f8) 
thrown [s\src\hotspot\share\prims\jni.cpp, line 516]

VM Operations (20 events):
Event: 2493.789 Executing VM operation: HandshakeAllThreads done
Event: 2494.802 Executing VM operation: Cleanup
Event: 2494.802 Executing VM operation: Cleanup done
Event: 2606.760 Executing VM operation: Cleanup
Event: 2606.760 Executing VM operation: Cleanup done
Event: 2656.223 Executing VM operation: Cleanup
Event: 2656.223 Executing VM operation: Cleanup done
Event: 3446.901 Executing VM operation: Cleanup
Event: 3446.901 Executing VM operation: Cleanup done
Event: 3521.335 Executing VM operation: Cleanup
Event: 3521.335 Executing VM operation: Cleanup done
Event: 3549.544 Executing VM operation: Cleanup
Event: 3549.544 Executing VM operation: Cleanup done
Event: 3549.597 Executing VM operation: G1CollectForAllocation
Event: 3549.622 Executing VM operation: G1CollectForAllocation done
Event: 3550.635 Executing VM operation: Cleanup
Event: 3550.668 Executing VM operation: Cleanup done
Event: 3551.017 Executing VM operation: G1CollectForAllocation
Event: 3551.026 Executing VM operation: G1CollectForAllocation done
Event: 3552.035 Executing VM operation: Cleanup

Memory protections (0 events):
No events

Nmethod flushes (20 events):
Event: 2493.824 Thread 0x00000155cd59b7e0 flushing  nmethod 0x00000155b794d890
Event: 2493.824 Thread 0x00000155cd59b7e0 flushing  nmethod 0x00000155b7952710
Event: 2493.824 Thread 0x00000155cd59b7e0 flushing  nmethod 0x00000155b796f690
Event: 2493.824 Thread 0x00000155cd59b7e0 flushing  nmethod 0x00000155b796fa10
Event: 2493.824 Thread 0x00000155cd59b7e0 flushing  nmethod 0x00000155b7973890
Event: 2493.824 Thread 0x00000155cd59b7e0 flushing  nmethod 0x00000155b7979090
Event: 2493.824 Thread 0x00000155cd59b7e0 flushing  nmethod 0x00000155b7979410
Event: 2493.824 Thread 0x00000155cd59b7e0 flushing  nmethod 0x00000155b797af90
Event: 2493.824 Thread 0x00000155cd59b7e0 flushing  nmethod 0x00000155b797ee10
Event: 2493.825 Thread 0x00000155cd59b7e0 flushing  nmethod 0x00000155b7994490
Event: 2493.825 Thread 0x00000155cd59b7e0 flushing  nmethod 0x00000155b799c910
Event: 2493.825 Thread 0x00000155cd59b7e0 flushing  nmethod 0x00000155b7a68290
Event: 2493.825 Thread 0x00000155cd59b7e0 flushing  nmethod 0x00000155b7a68990
Event: 2493.825 Thread 0x00000155cd59b7e0 flushing  nmethod 0x00000155b7a7fe10
Event: 2493.826 Thread 0x00000155cd59b7e0 flushing  nmethod 0x00000155b7ac6690
Event: 2493.826 Thread 0x00000155cd59b7e0 flushing  nmethod 0x00000155b7af0110
Event: 2493.826 Thread 0x00000155cd59b7e0 flushing  nmethod 0x00000155b7b19910
Event: 2493.826 Thread 0x00000155cd59b7e0 flushing  nmethod 0x00000155b7ba9210
Event: 2493.828 Thread 0x00000155cd59b7e0 flushing  nmethod 0x00000155b7dc0610
Event: 2493.829 Thread 0x00000155cd59b7e0 flushing  nmethod 0x00000155b7e65710

Events (20 events):
Event: 3551.088 Thread 0x0000015615cb89f0 Thread added: 0x0000015615cb8f00
Event: 3551.088 Thread 0x0000015615cb89f0 Thread added: 0x0000015615cb9920
Event: 3551.088 Thread 0x0000015615cb89f0 Thread added: 0x0000015615cb6170
Event: 3551.088 Thread 0x0000015615cb89f0 Thread added: 0x0000015615cbcbc0
Event: 3551.088 Thread 0x0000015615cb89f0 Thread added: 0x0000015615cbd0d0
Event: 3551.088 Thread 0x0000015615cb89f0 Thread added: 0x0000015615cbc1a0
Event: 3551.093 Thread 0x0000015615cb89f0 Thread added: 0x0000015615cba340
Event: 3551.567 Thread 0x0000015615cb89f0 Thread added: 0x0000015615cba850
Event: 3551.568 Thread 0x0000015615cb89f0 Thread added: 0x0000015615cbad60
Event: 3551.568 Thread 0x0000015615cb89f0 Thread added: 0x0000015615cbb270
Event: 3551.569 Thread 0x0000015615cb89f0 Thread added: 0x0000015615cbb780
Event: 3551.570 Thread 0x0000015615cb89f0 Thread added: 0x0000015615cbbc90
Event: 3551.571 Thread 0x0000015615cb89f0 Thread added: 0x0000015614d67f90
Event: 3551.573 Thread 0x0000015615cb89f0 Thread added: 0x0000015614d6a300
Event: 3551.596 Thread 0x0000015615cb89f0 Thread added: 0x0000015614d68ec0
Event: 3551.596 Thread 0x0000015615cb89f0 Thread added: 0x0000015614d684a0
Event: 3551.596 Thread 0x0000015615cb89f0 Thread added: 0x0000015614d689b0
Event: 3551.597 Thread 0x0000015615cb89f0 Thread added: 0x0000015614d67060
Event: 3551.597 Thread 0x0000015615cb89f0 Thread added: 0x0000015614d6cb80
Event: 3551.598 Thread 0x0000015615cb89f0 Thread added: 0x0000015614d6b740


Dynamic libraries:
0x00007ff6ed880000 - 0x00007ff6ed88e000 	C:\Users\17822\.jdks\ms-17.0.16\bin\java.exe
0x00007ffb49f00000 - 0x00007ffb4a168000 	C:\WINDOWS\SYSTEM32\ntdll.dll
0x00007ffb49370000 - 0x00007ffb49439000 	C:\WINDOWS\System32\KERNEL32.DLL
0x00007ffb47770000 - 0x00007ffb47b62000 	C:\WINDOWS\System32\KERNELBASE.dll
0x00007ffb475f0000 - 0x00007ffb4773b000 	C:\WINDOWS\System32\ucrtbase.dll
0x00007ffaade90000 - 0x00007ffaadea8000 	C:\Users\17822\.jdks\ms-17.0.16\bin\jli.dll
0x00007ffaade70000 - 0x00007ffaade8e000 	C:\Users\17822\.jdks\ms-17.0.16\bin\VCRUNTIME140.dll
0x00007ffb47d20000 - 0x00007ffb47ee5000 	C:\WINDOWS\System32\USER32.dll
0x00007ffb47740000 - 0x00007ffb47767000 	C:\WINDOWS\System32\win32u.dll
0x00007ffb2d070000 - 0x00007ffb2d303000 	C:\WINDOWS\WinSxS\amd64_microsoft.windows.common-controls_6595b64144ccf1df_6.0.26100.6899_none_3e0efeeae32e88c1\COMCTL32.dll
0x00007ffb48630000 - 0x00007ffb4865b000 	C:\WINDOWS\System32\GDI32.dll
0x00007ffb48190000 - 0x00007ffb48239000 	C:\WINDOWS\System32\msvcrt.dll
0x00007ffb47120000 - 0x00007ffb4724d000 	C:\WINDOWS\System32\gdi32full.dll
0x00007ffb47540000 - 0x00007ffb475e3000 	C:\WINDOWS\System32\msvcp_win.dll
0x00007ffb48240000 - 0x00007ffb4826f000 	C:\WINDOWS\System32\IMM32.DLL
0x00007ffacc4d0000 - 0x00007ffacc4dc000 	C:\Users\17822\.jdks\ms-17.0.16\bin\vcruntime140_1.dll
0x00007ffa97e70000 - 0x00007ffa97ef9000 	C:\Users\17822\.jdks\ms-17.0.16\bin\msvcp140.dll
0x00007ffa971f0000 - 0x00007ffa97e6a000 	C:\Users\17822\.jdks\ms-17.0.16\bin\server\jvm.dll
0x00007ffb49440000 - 0x00007ffb494f4000 	C:\WINDOWS\System32\ADVAPI32.dll
0x00007ffb49520000 - 0x00007ffb495c6000 	C:\WINDOWS\System32\sechost.dll
0x00007ffb49b50000 - 0x00007ffb49c68000 	C:\WINDOWS\System32\RPCRT4.dll
0x00007ffb49dd0000 - 0x00007ffb49e44000 	C:\WINDOWS\System32\WS2_32.dll
0x00007ffb46ef0000 - 0x00007ffb46f4e000 	C:\WINDOWS\SYSTEM32\POWRPROF.dll
0x00007ffb366e0000 - 0x00007ffb366eb000 	C:\WINDOWS\SYSTEM32\VERSION.dll
0x00007ffb3ed60000 - 0x00007ffb3ed95000 	C:\WINDOWS\SYSTEM32\WINMM.dll
0x00007ffb46ed0000 - 0x00007ffb46ee4000 	C:\WINDOWS\SYSTEM32\UMPDC.dll
0x00007ffb45dc0000 - 0x00007ffb45ddb000 	C:\WINDOWS\SYSTEM32\kernel.appcore.dll
0x00007ffac8040000 - 0x00007ffac804a000 	C:\Users\17822\.jdks\ms-17.0.16\bin\jimage.dll
0x00007ffb44740000 - 0x00007ffb44982000 	C:\WINDOWS\SYSTEM32\DBGHELP.DLL
0x00007ffb497c0000 - 0x00007ffb49b3b000 	C:\WINDOWS\System32\combase.dll
0x00007ffb48520000 - 0x00007ffb485f7000 	C:\WINDOWS\System32\OLEAUT32.dll
0x00007ffb287a0000 - 0x00007ffb287dc000 	C:\WINDOWS\SYSTEM32\dbgcore.DLL
0x00007ffb47c30000 - 0x00007ffb47cc8000 	C:\WINDOWS\System32\bcryptPrimitives.dll
0x00007ffac3730000 - 0x00007ffac373f000 	C:\Users\17822\.jdks\ms-17.0.16\bin\instrument.dll
0x00007ffaaac50000 - 0x00007ffaaac76000 	C:\Users\17822\.jdks\ms-17.0.16\bin\java.dll
0x00007ffa97110000 - 0x00007ffa971e6000 	C:\Users\17822\.jdks\ms-17.0.16\bin\jsvml.dll
0x00007ffb48660000 - 0x00007ffb48dad000 	C:\WINDOWS\System32\SHELL32.dll
0x00007ffb473d0000 - 0x00007ffb4753b000 	C:\WINDOWS\System32\wintypes.dll
0x00007ffb44cc0000 - 0x00007ffb4551d000 	C:\WINDOWS\SYSTEM32\windows.storage.dll
0x00007ffb49c70000 - 0x00007ffb49d62000 	C:\WINDOWS\System32\SHCORE.dll
0x00007ffb49e50000 - 0x00007ffb49eb2000 	C:\WINDOWS\System32\shlwapi.dll
0x00007ffb46fb0000 - 0x00007ffb46fd9000 	C:\WINDOWS\SYSTEM32\profapi.dll
0x00007ffaa93f0000 - 0x00007ffaa9408000 	C:\Users\17822\.jdks\ms-17.0.16\bin\zip.dll
0x00007ffaa93d0000 - 0x00007ffaa93eb000 	C:\Users\17822\.jdks\ms-17.0.16\bin\net.dll
0x00007ffb39070000 - 0x00007ffb3918f000 	C:\WINDOWS\SYSTEM32\WINHTTP.dll
0x00007ffb463d0000 - 0x00007ffb4643b000 	C:\WINDOWS\system32\mswsock.dll
0x00007ffaa93b0000 - 0x00007ffaa93c6000 	C:\Users\17822\.jdks\ms-17.0.16\bin\nio.dll
0x00007ffaeee70000 - 0x00007ffaeee80000 	C:\Users\17822\.jdks\ms-17.0.16\bin\verify.dll
0x00007ffb04d60000 - 0x00007ffb04d87000 	C:\Users\17822\.gradle\native\1def1411415f61bf3af743bc5b6707747c0891f09f0c88961ee8f79bc544acac\windows-amd64\native-platform.dll
0x00007ffaeed50000 - 0x00007ffaeedc8000 	C:\Users\17822\.gradle\native\0.2.7\x86_64-windows-gnu\gradle-fileevents.dll
0x00007ffaeee60000 - 0x00007ffaeee6a000 	C:\Users\17822\.jdks\ms-17.0.16\bin\management.dll
0x00007ffaeee50000 - 0x00007ffaeee5c000 	C:\Users\17822\.jdks\ms-17.0.16\bin\management_ext.dll
0x00007ffb49350000 - 0x00007ffb49358000 	C:\WINDOWS\System32\PSAPI.DLL
0x00007ffb45890000 - 0x00007ffb458c4000 	C:\WINDOWS\SYSTEM32\IPHLPAPI.DLL
0x00007ffb48eb0000 - 0x00007ffb48eba000 	C:\WINDOWS\System32\NSI.dll
0x00007ffb3e620000 - 0x00007ffb3e63e000 	C:\WINDOWS\SYSTEM32\dhcpcsvc6.DLL
0x00007ffb39200000 - 0x00007ffb39223000 	C:\WINDOWS\SYSTEM32\dhcpcsvc.DLL
0x00007ffb45930000 - 0x00007ffb45a56000 	C:\WINDOWS\SYSTEM32\DNSAPI.dll
0x00007ffaeee40000 - 0x00007ffaeee49000 	C:\Users\17822\.jdks\ms-17.0.16\bin\extnet.dll
0x00007ffb46680000 - 0x00007ffb4669b000 	C:\WINDOWS\SYSTEM32\CRYPTSP.dll
0x00007ffb45de0000 - 0x00007ffb45e1b000 	C:\WINDOWS\system32\rsaenh.dll
0x00007ffb46470000 - 0x00007ffb4649b000 	C:\WINDOWS\SYSTEM32\USERENV.dll
0x00007ffb46f80000 - 0x00007ffb46fa6000 	C:\WINDOWS\SYSTEM32\bcrypt.dll
0x00007ffb466a0000 - 0x00007ffb466ac000 	C:\WINDOWS\SYSTEM32\CRYPTBASE.dll
0x00007ffaeee30000 - 0x00007ffaeee3e000 	C:\Users\17822\.jdks\ms-17.0.16\bin\sunmscapi.dll
0x00007ffb47250000 - 0x00007ffb473c7000 	C:\WINDOWS\System32\CRYPT32.dll
0x00007ffb468a0000 - 0x00007ffb468d0000 	C:\WINDOWS\SYSTEM32\ncrypt.dll
0x00007ffb46850000 - 0x00007ffb4688f000 	C:\WINDOWS\SYSTEM32\NTASN1.dll
0x00007ffb0ddd0000 - 0x00007ffb0ddd8000 	C:\WINDOWS\system32\wshunix.dll

dbghelp: loaded successfully - version: 4.0.5 - missing functions: none
symbol engine: initialized successfully - sym options: 0x614 - pdb path: .;C:\Users\17822\.jdks\ms-17.0.16\bin;C:\WINDOWS\SYSTEM32;C:\WINDOWS\WinSxS\amd64_microsoft.windows.common-controls_6595b64144ccf1df_6.0.26100.6899_none_3e0efeeae32e88c1;C:\Users\17822\.jdks\ms-17.0.16\bin\server;C:\Users\17822\.gradle\native\1def1411415f61bf3af743bc5b6707747c0891f09f0c88961ee8f79bc544acac\windows-amd64;C:\Users\17822\.gradle\native\0.2.7\x86_64-windows-gnu

VM Arguments:
jvm_args: --add-opens=java.base/java.lang=ALL-UNNAMED --add-opens=java.base/java.lang.invoke=ALL-UNNAMED --add-opens=java.base/java.util=ALL-UNNAMED --add-opens=java.prefs/java.util.prefs=ALL-UNNAMED --add-exports=jdk.compiler/com.sun.tools.javac.api=ALL-UNNAMED --add-exports=jdk.compiler/com.sun.tools.javac.util=ALL-UNNAMED --add-opens=java.base/java.util=ALL-UNNAMED --add-opens=java.prefs/java.util.prefs=ALL-UNNAMED --add-opens=java.base/java.nio.charset=ALL-UNNAMED --add-opens=java.base/java.net=ALL-UNNAMED --add-opens=java.base/java.util.concurrent.atomic=ALL-UNNAMED --add-opens=java.xml/javax.xml.namespace=ALL-UNNAMED -Xmx2048m -Dfile.encoding=UTF-8 -Duser.country=CA -Duser.language=en -Duser.variant -javaagent:C:\Users\17822\.gradle\wrapper\dists\gradle-8.13-bin\5xuhj0ry160q40clulazy9h7d\gradle-8.13\lib\agents\gradle-instrumentation-agent-8.13.jar 
java_command: org.gradle.launcher.daemon.bootstrap.GradleDaemon 8.13
java_class_path (initial): C:\Users\17822\.gradle\wrapper\dists\gradle-8.13-bin\5xuhj0ry160q40clulazy9h7d\gradle-8.13\lib\gradle-daemon-main-8.13.jar
Launcher Type: SUN_STANDARD

[Global flags]
     intx CICompilerCount                          = 4                                         {product} {ergonomic}
     uint ConcGCThreads                            = 2                                         {product} {ergonomic}
     uint G1ConcRefinementThreads                  = 8                                         {product} {ergonomic}
   size_t G1HeapRegionSize                         = 1048576                                   {product} {ergonomic}
    uintx GCDrainStackTargetSize                   = 64                                        {product} {ergonomic}
   size_t InitialHeapSize                          = 197132288                                 {product} {ergonomic}
   size_t MarkStackSize                            = 4194304                                   {product} {ergonomic}
   size_t MaxHeapSize                              = 2147483648                                {product} {command line}
   size_t MaxNewSize                               = 1287651328                                {product} {ergonomic}
   size_t MinHeapDeltaBytes                        = 1048576                                   {product} {ergonomic}
   size_t MinHeapSize                              = 8388608                                   {product} {ergonomic}
    uintx NonNMethodCodeHeapSize                   = 5839372                                {pd product} {ergonomic}
    uintx NonProfiledCodeHeapSize                  = 122909434                              {pd product} {ergonomic}
    uintx ProfiledCodeHeapSize                     = 122909434                              {pd product} {ergonomic}
    uintx ReservedCodeCacheSize                    = 251658240                              {pd product} {ergonomic}
     bool SegmentedCodeCache                       = true                                      {product} {ergonomic}
   size_t SoftMaxHeapSize                          = 2147483648                             {manageable} {ergonomic}
     bool UseCompressedClassPointers               = true                           {product lp64_product} {ergonomic}
     bool UseCompressedOops                        = true                           {product lp64_product} {ergonomic}
     bool UseG1GC                                  = true                                      {product} {ergonomic}
     bool UseLargePagesIndividualAllocation        = false                                  {pd product} {ergonomic}

Logging:
Log output configuration:
 #0: stdout all=warning uptime,level,tags
 #1: stderr all=off uptime,level,tags

Environment Variables:
PATH=C:\Program Files (x86)\VMware\VMware Workstation\bin\;C:\Program Files\Common Files\Oracle\Java\javapath;C:\Program Files (x86)\Common Files\Oracle\Java\java8path;C:\Program Files (x86)\Common Files\Oracle\Java\javapath;C:\WINDOWS\system32;C:\WINDOWS;C:\WINDOWS\System32\Wbem;C:\WINDOWS\System32\WindowsPowerShell\v1.0\;C:\WINDOWS\System32\OpenSSH\;C:\Program Files\dotnet\;C:\Program Files\Git\cmd;C:\Users\17822\AppData\Local\Microsoft\WindowsApps;C:\Users\17822\AppData\Local\Programs\Microsoft VS Code\bin;C:\Users\17822\AppData\Local\GitHubDesktop\bin;C:\MinGW\bin;;C:\Program Files\JetBrains\IntelliJ IDEA 2025.2.2\bin;C:\Program Files\JetBrains\IntelliJ IDEA Community Edition 2024.3.1.1\bin;
USERNAME=17822
OS=Windows_NT
PROCESSOR_IDENTIFIER=Intel64 Family 6 Model 140 Stepping 1, GenuineIntel
TMP=C:\Users\17822\AppData\Local\Temp
TEMP=C:\Users\17822\AppData\Local\Temp



Periodic native trim disabled


---------------  S Y S T E M  ---------------

OS:
 Windows 11 , 64 bit Build 26100 (10.0.26100.6725)
OS uptime: 4 days 5:15 hours
Hyper-V role detected

CPU: total 8 (initial active 8) (4 cores per cpu, 2 threads per core) family 6 model 140 stepping 1 microcode 0xbc, cx8, cmov, fxsr, ht, mmx, 3dnowpref, sse, sse2, sse3, ssse3, sse4.1, sse4.2, popcnt, lzcnt, tsc, tscinvbit, avx, avx2, aes, erms, clmul, bmi1, bmi2, adx, avx512f, avx512dq, avx512cd, avx512bw, avx512vl, sha, fma, vzeroupper, avx512_vpopcntdq, avx512_vpclmulqdq, avx512_vaes, avx512_vnni, clflush, clflushopt, clwb, avx512_vbmi2, avx512_vbmi, hv
Processor Information for the first 8 processors :
  Max Mhz: 2803, Current Mhz: 2502, Mhz Limit: 2803

Memory: 4k page, system-wide physical 12022M (706M free)
TotalPageFile size 20214M (AvailPageFile size 5M)
current process WorkingSet (physical memory assigned to process): 290M, peak: 480M
current process commit charge ("private bytes"): 564M, peak: 569M

vm_info: OpenJDK 64-Bit Server VM (17.0.16+8-LTS) for windows-amd64 JRE (17.0.16+8-LTS), built on Jul 10 2025 00:24:24 by "MicrosoftCorporation" with unknown MS VC++:1944

END.
